[1.281s] Invoking command in '/home/slaven/tello_ros_ws/src/p_controller': PYTHONPATH=/home/slaven/tello_ros_ws/build/p_controller/prefix_override:/home/slaven/tello_ros_ws/install/p_controller/lib/python3.10/site-packages:${PYTHONPATH} /usr/bin/python3 -W ignore:setup.py install is deprecated setup.py egg_info --egg-base ../../build/p_controller build --build-base /home/slaven/tello_ros_ws/build/p_controller/build install --record /home/slaven/tello_ros_ws/build/p_controller/install.log --single-version-externally-managed install_data
[1.577s] running egg_info
[1.579s] writing ../../build/p_controller/p_controller.egg-info/PKG-INFO
[1.580s] writing dependency_links to ../../build/p_controller/p_controller.egg-info/dependency_links.txt
[1.580s] writing entry points to ../../build/p_controller/p_controller.egg-info/entry_points.txt
[1.580s] writing requirements to ../../build/p_controller/p_controller.egg-info/requires.txt
[1.581s] writing top-level names to ../../build/p_controller/p_controller.egg-info/top_level.txt
[1.583s] reading manifest file '../../build/p_controller/p_controller.egg-info/SOURCES.txt'
[1.584s] adding license file 'LICENSE'
[1.584s] writing manifest file '../../build/p_controller/p_controller.egg-info/SOURCES.txt'
[1.585s] running build
[1.585s] running build_py
[1.589s] copying p_controller/p_controller.py -> /home/slaven/tello_ros_ws/build/p_controller/build/lib/p_controller
[1.589s] running install
[1.590s] running install_lib
[1.595s] copying /home/slaven/tello_ros_ws/build/p_controller/build/lib/p_controller/p_controller.py -> /home/slaven/tello_ros_ws/install/p_controller/lib/python3.10/site-packages/p_controller
[1.600s] byte-compiling /home/slaven/tello_ros_ws/install/p_controller/lib/python3.10/site-packages/p_controller/p_controller.py to p_controller.cpython-310.pyc
[1.600s] running install_data
[1.601s] running install_egg_info
[1.601s] removing '/home/slaven/tello_ros_ws/install/p_controller/lib/python3.10/site-packages/p_controller-0.0.0-py3.10.egg-info' (and everything under it)
[1.606s] Copying ../../build/p_controller/p_controller.egg-info to /home/slaven/tello_ros_ws/install/p_controller/lib/python3.10/site-packages/p_controller-0.0.0-py3.10.egg-info
[1.611s] running install_scripts
[1.625s] Installing p_controller script to /home/slaven/tello_ros_ws/install/p_controller/lib/p_controller
[1.633s] writing list of installed files to '/home/slaven/tello_ros_ws/build/p_controller/install.log'
[1.668s] Invoked command in '/home/slaven/tello_ros_ws/src/p_controller' returned '0': PYTHONPATH=/home/slaven/tello_ros_ws/build/p_controller/prefix_override:/home/slaven/tello_ros_ws/install/p_controller/lib/python3.10/site-packages:${PYTHONPATH} /usr/bin/python3 -W ignore:setup.py install is deprecated setup.py egg_info --egg-base ../../build/p_controller build --build-base /home/slaven/tello_ros_ws/build/p_controller/build install --record /home/slaven/tello_ros_ws/build/p_controller/install.log --single-version-externally-managed install_data
