[0.566s] Invoking command in '/home/slaven/tello_ros_ws/src/p_controller': PYTHONPATH=/home/slaven/tello_ros_ws/build/p_controller/prefix_override:/home/slaven/tello_ros_ws/install/p_controller/lib/python3.10/site-packages:${PYTHONPATH} /usr/bin/python3 -W ignore:setup.py install is deprecated setup.py egg_info --egg-base ../../build/p_controller build --build-base /home/slaven/tello_ros_ws/build/p_controller/build install --record /home/slaven/tello_ros_ws/build/p_controller/install.log --single-version-externally-managed install_data
[0.773s] running egg_info
[0.775s] writing ../../build/p_controller/p_controller.egg-info/PKG-INFO
[0.775s] writing dependency_links to ../../build/p_controller/p_controller.egg-info/dependency_links.txt
[0.775s] writing entry points to ../../build/p_controller/p_controller.egg-info/entry_points.txt
[0.776s] writing requirements to ../../build/p_controller/p_controller.egg-info/requires.txt
[0.776s] writing top-level names to ../../build/p_controller/p_controller.egg-info/top_level.txt
[0.779s] reading manifest file '../../build/p_controller/p_controller.egg-info/SOURCES.txt'
[0.779s] adding license file 'LICENSE'
[0.780s] writing manifest file '../../build/p_controller/p_controller.egg-info/SOURCES.txt'
[0.780s] running build
[0.780s] running build_py
[0.781s] running install
[0.782s] running install_lib
[0.783s] running install_data
[0.783s] running install_egg_info
[0.784s] removing '/home/slaven/tello_ros_ws/install/p_controller/lib/python3.10/site-packages/p_controller-0.0.0-py3.10.egg-info' (and everything under it)
[0.784s] Copying ../../build/p_controller/p_controller.egg-info to /home/slaven/tello_ros_ws/install/p_controller/lib/python3.10/site-packages/p_controller-0.0.0-py3.10.egg-info
[0.785s] running install_scripts
[0.801s] Installing p_controller script to /home/slaven/tello_ros_ws/install/p_controller/lib/p_controller
[0.801s] writing list of installed files to '/home/slaven/tello_ros_ws/build/p_controller/install.log'
[0.827s] Invoked command in '/home/slaven/tello_ros_ws/src/p_controller' returned '0': PYTHONPATH=/home/slaven/tello_ros_ws/build/p_controller/prefix_override:/home/slaven/tello_ros_ws/install/p_controller/lib/python3.10/site-packages:${PYTHONPATH} /usr/bin/python3 -W ignore:setup.py install is deprecated setup.py egg_info --egg-base ../../build/p_controller build --build-base /home/slaven/tello_ros_ws/build/p_controller/build install --record /home/slaven/tello_ros_ws/build/p_controller/install.log --single-version-externally-managed install_data
