[0.743s] Invoking command in '/home/slaven/tello_ros_ws/src/ros2_aruco/ros2_aruco': PYTHONPATH=/home/slaven/tello_ros_ws/build/ros2_aruco/prefix_override:/home/slaven/tello_ros_ws/install/ros2_aruco/lib/python3.10/site-packages:${PYTHONPATH} /usr/bin/python3 -W ignore:setup.py install is deprecated setup.py egg_info --egg-base ../../../build/ros2_aruco build --build-base /home/slaven/tello_ros_ws/build/ros2_aruco/build install --record /home/slaven/tello_ros_ws/build/ros2_aruco/install.log --single-version-externally-managed install_data
[1.131s] running egg_info
[1.131s] writing ../../../build/ros2_aruco/ros2_aruco.egg-info/PKG-INFO
[1.134s] writing dependency_links to ../../../build/ros2_aruco/ros2_aruco.egg-info/dependency_links.txt
[1.134s] writing entry points to ../../../build/ros2_aruco/ros2_aruco.egg-info/entry_points.txt
[1.134s] writing requirements to ../../../build/ros2_aruco/ros2_aruco.egg-info/requires.txt
[1.140s] writing top-level names to ../../../build/ros2_aruco/ros2_aruco.egg-info/top_level.txt
[1.144s] reading manifest file '../../../build/ros2_aruco/ros2_aruco.egg-info/SOURCES.txt'
[1.150s] writing manifest file '../../../build/ros2_aruco/ros2_aruco.egg-info/SOURCES.txt'
[1.150s] running build
[1.150s] running build_py
[1.150s] running install
[1.150s] running install_lib
[1.150s] running install_data
[1.150s] running install_egg_info
[1.150s] removing '/home/slaven/tello_ros_ws/install/ros2_aruco/lib/python3.10/site-packages/ros2_aruco-0.1.0-py3.10.egg-info' (and everything under it)
[1.151s] Copying ../../../build/ros2_aruco/ros2_aruco.egg-info to /home/slaven/tello_ros_ws/install/ros2_aruco/lib/python3.10/site-packages/ros2_aruco-0.1.0-py3.10.egg-info
[1.152s] running install_scripts
[1.204s] Installing aruco_generate_marker script to /home/slaven/tello_ros_ws/install/ros2_aruco/lib/ros2_aruco
[1.205s] Installing aruco_node script to /home/slaven/tello_ros_ws/install/ros2_aruco/lib/ros2_aruco
[1.205s] writing list of installed files to '/home/slaven/tello_ros_ws/build/ros2_aruco/install.log'
[1.270s] Invoked command in '/home/slaven/tello_ros_ws/src/ros2_aruco/ros2_aruco' returned '0': PYTHONPATH=/home/slaven/tello_ros_ws/build/ros2_aruco/prefix_override:/home/slaven/tello_ros_ws/install/ros2_aruco/lib/python3.10/site-packages:${PYTHONPATH} /usr/bin/python3 -W ignore:setup.py install is deprecated setup.py egg_info --egg-base ../../../build/ros2_aruco build --build-base /home/slaven/tello_ros_ws/build/ros2_aruco/build install --record /home/slaven/tello_ros_ws/build/ros2_aruco/install.log --single-version-externally-managed install_data
