[0.745s] Invoking command in '/home/slaven/tello_ros_ws/src/p_controller': PYTHONPATH=/home/slaven/tello_ros_ws/build/p_controller/prefix_override:/home/slaven/tello_ros_ws/install/p_controller/lib/python3.10/site-packages:${PYTHONPATH} /usr/bin/python3 -W ignore:setup.py install is deprecated setup.py egg_info --egg-base ../../build/p_controller build --build-base /home/slaven/tello_ros_ws/build/p_controller/build install --record /home/slaven/tello_ros_ws/build/p_controller/install.log --single-version-externally-managed install_data
[0.944s] running egg_info
[0.945s] writing ../../build/p_controller/p_controller.egg-info/PKG-INFO
[0.945s] writing dependency_links to ../../build/p_controller/p_controller.egg-info/dependency_links.txt
[0.946s] writing entry points to ../../build/p_controller/p_controller.egg-info/entry_points.txt
[0.946s] writing requirements to ../../build/p_controller/p_controller.egg-info/requires.txt
[0.948s] writing top-level names to ../../build/p_controller/p_controller.egg-info/top_level.txt
[0.948s] reading manifest file '../../build/p_controller/p_controller.egg-info/SOURCES.txt'
[0.948s] adding license file 'LICENSE'
[0.948s] writing manifest file '../../build/p_controller/p_controller.egg-info/SOURCES.txt'
[0.948s] running build
[0.948s] running build_py
[0.949s] running install
[0.949s] running install_lib
[0.950s] running install_data
[0.950s] running install_egg_info
[0.951s] removing '/home/slaven/tello_ros_ws/install/p_controller/lib/python3.10/site-packages/p_controller-0.0.0-py3.10.egg-info' (and everything under it)
[0.951s] Copying ../../build/p_controller/p_controller.egg-info to /home/slaven/tello_ros_ws/install/p_controller/lib/python3.10/site-packages/p_controller-0.0.0-py3.10.egg-info
[0.952s] running install_scripts
[0.974s] Installing p_controller script to /home/slaven/tello_ros_ws/install/p_controller/lib/p_controller
[0.975s] writing list of installed files to '/home/slaven/tello_ros_ws/build/p_controller/install.log'
[1.042s] Invoked command in '/home/slaven/tello_ros_ws/src/p_controller' returned '0': PYTHONPATH=/home/slaven/tello_ros_ws/build/p_controller/prefix_override:/home/slaven/tello_ros_ws/install/p_controller/lib/python3.10/site-packages:${PYTHONPATH} /usr/bin/python3 -W ignore:setup.py install is deprecated setup.py egg_info --egg-base ../../build/p_controller build --build-base /home/slaven/tello_ros_ws/build/p_controller/build install --record /home/slaven/tello_ros_ws/build/p_controller/install.log --single-version-externally-managed install_data
