[0.014s] Invoking command in '/home/slaven/tello_ros_ws/build/ros2_shared': CMAKE_PREFIX_PATH=${CMAKE_PREFIX_PATH}:/home/slaven/tello_ros_ws/install/tello_pilot:/home/slaven/tello_ros_ws/install/ros2_aruco:/home/slaven/tello_ros_ws/install/p_controller:/opt/ros/humble /usr/bin/cmake /home/slaven/tello_ros_ws/src/ros2_shared -DCMAKE_INSTALL_PREFIX=/home/slaven/tello_ros_ws/install/ros2_shared
[0.135s] -- The C compiler identification is GNU 11.4.0
[0.223s] -- The CXX compiler identification is GNU 11.4.0
[0.245s] -- Detecting C compiler ABI info
[0.298s] -- Detecting C compiler ABI info - done
[0.302s] -- Check for working C compiler: /usr/bin/cc - skipped
[0.303s] -- Detecting C compile features
[0.304s] -- Detecting C compile features - done
[0.311s] -- Detecting CXX compiler ABI info
[0.376s] -- Detecting CXX compiler ABI info - done
[0.379s] -- Check for working CXX compiler: /usr/bin/c++ - skipped
[0.379s] -- Detecting CXX compile features
[0.379s] -- Detecting CXX compile features - done
[0.383s] -- Found ament_cmake: 1.3.8 (/opt/ros/humble/share/ament_cmake/cmake)
[0.494s] -- Found Python3: /usr/bin/python3 (found version "3.10.12") found components: Interpreter 
[0.592s] -- Found rclcpp: 16.0.8 (/opt/ros/humble/share/rclcpp/cmake)
[0.640s] -- Found rosidl_generator_c: 3.1.5 (/opt/ros/humble/share/rosidl_generator_c/cmake)
[0.643s] -- Found rosidl_adapter: 3.1.5 (/opt/ros/humble/share/rosidl_adapter/cmake)
[0.650s] -- Found rosidl_generator_cpp: 3.1.5 (/opt/ros/humble/share/rosidl_generator_cpp/cmake)
[0.664s] -- Using all available rosidl_typesupport_c: rosidl_typesupport_fastrtps_c;rosidl_typesupport_introspection_c
[0.677s] -- Using all available rosidl_typesupport_cpp: rosidl_typesupport_fastrtps_cpp;rosidl_typesupport_introspection_cpp
[0.747s] -- Found rmw_implementation_cmake: 6.1.1 (/opt/ros/humble/share/rmw_implementation_cmake/cmake)
[0.750s] -- Found rmw_fastrtps_cpp: 6.2.6 (/opt/ros/humble/share/rmw_fastrtps_cpp/cmake)
[0.850s] -- Found OpenSSL: /usr/lib/x86_64-linux-gnu/libcrypto.so (found version "3.0.2")  
[0.872s] -- Found FastRTPS: /opt/ros/humble/include  
[0.903s] -- Using RMW implementation 'rmw_fastrtps_cpp' as default
[0.918s] -- Looking for pthread.h
[0.994s] -- Looking for pthread.h - found
[0.994s] -- Performing Test CMAKE_HAVE_LIBC_PTHREAD
[1.053s] -- Performing Test CMAKE_HAVE_LIBC_PTHREAD - Success
[1.055s] -- Found Threads: TRUE  
[1.246s] -- Configuring done
[1.249s] -- Generating done
[1.251s] -- Build files have been written to: /home/slaven/tello_ros_ws/build/ros2_shared
[1.263s] Invoked command in '/home/slaven/tello_ros_ws/build/ros2_shared' returned '0': CMAKE_PREFIX_PATH=${CMAKE_PREFIX_PATH}:/home/slaven/tello_ros_ws/install/tello_pilot:/home/slaven/tello_ros_ws/install/ros2_aruco:/home/slaven/tello_ros_ws/install/p_controller:/opt/ros/humble /usr/bin/cmake /home/slaven/tello_ros_ws/src/ros2_shared -DCMAKE_INSTALL_PREFIX=/home/slaven/tello_ros_ws/install/ros2_shared
[1.264s] Invoking command in '/home/slaven/tello_ros_ws/build/ros2_shared': CMAKE_PREFIX_PATH=${CMAKE_PREFIX_PATH}:/home/slaven/tello_ros_ws/install/tello_pilot:/home/slaven/tello_ros_ws/install/ros2_aruco:/home/slaven/tello_ros_ws/install/p_controller:/opt/ros/humble /usr/bin/cmake --build /home/slaven/tello_ros_ws/build/ros2_shared -- -j2 -l2
[1.297s] Invoked command in '/home/slaven/tello_ros_ws/build/ros2_shared' returned '0': CMAKE_PREFIX_PATH=${CMAKE_PREFIX_PATH}:/home/slaven/tello_ros_ws/install/tello_pilot:/home/slaven/tello_ros_ws/install/ros2_aruco:/home/slaven/tello_ros_ws/install/p_controller:/opt/ros/humble /usr/bin/cmake --build /home/slaven/tello_ros_ws/build/ros2_shared -- -j2 -l2
[1.324s] Invoking command in '/home/slaven/tello_ros_ws/build/ros2_shared': CMAKE_PREFIX_PATH=${CMAKE_PREFIX_PATH}:/home/slaven/tello_ros_ws/install/tello_pilot:/home/slaven/tello_ros_ws/install/ros2_aruco:/home/slaven/tello_ros_ws/install/p_controller:/opt/ros/humble /usr/bin/cmake --install /home/slaven/tello_ros_ws/build/ros2_shared
[1.331s] -- Install configuration: ""
[1.331s] -- Installing: /home/slaven/tello_ros_ws/install/ros2_shared/include
[1.331s] -- Installing: /home/slaven/tello_ros_ws/install/ros2_shared/include/ros2_shared
[1.331s] -- Installing: /home/slaven/tello_ros_ws/install/ros2_shared/include/ros2_shared/context_macros.hpp
[1.334s] -- Installing: /home/slaven/tello_ros_ws/install/ros2_shared/include/ros2_shared/param_macros.hpp
[1.334s] -- Installing: /home/slaven/tello_ros_ws/install/ros2_shared/include/ros2_shared/string_printf.hpp
[1.334s] -- Installing: /home/slaven/tello_ros_ws/install/ros2_shared/share/ament_index/resource_index/package_run_dependencies/ros2_shared
[1.334s] -- Installing: /home/slaven/tello_ros_ws/install/ros2_shared/share/ament_index/resource_index/parent_prefix_path/ros2_shared
[1.335s] -- Installing: /home/slaven/tello_ros_ws/install/ros2_shared/share/ros2_shared/environment/ament_prefix_path.sh
[1.335s] -- Installing: /home/slaven/tello_ros_ws/install/ros2_shared/share/ros2_shared/environment/ament_prefix_path.dsv
[1.335s] -- Installing: /home/slaven/tello_ros_ws/install/ros2_shared/share/ros2_shared/environment/path.sh
[1.335s] -- Installing: /home/slaven/tello_ros_ws/install/ros2_shared/share/ros2_shared/environment/path.dsv
[1.335s] -- Installing: /home/slaven/tello_ros_ws/install/ros2_shared/share/ros2_shared/local_setup.bash
[1.335s] -- Installing: /home/slaven/tello_ros_ws/install/ros2_shared/share/ros2_shared/local_setup.sh
[1.335s] -- Installing: /home/slaven/tello_ros_ws/install/ros2_shared/share/ros2_shared/local_setup.zsh
[1.335s] -- Installing: /home/slaven/tello_ros_ws/install/ros2_shared/share/ros2_shared/local_setup.dsv
[1.335s] -- Installing: /home/slaven/tello_ros_ws/install/ros2_shared/share/ros2_shared/package.dsv
[1.335s] -- Installing: /home/slaven/tello_ros_ws/install/ros2_shared/share/ament_index/resource_index/packages/ros2_shared
[1.335s] -- Installing: /home/slaven/tello_ros_ws/install/ros2_shared/share/ros2_shared/cmake/ros2_shared_targetsExport.cmake
[1.335s] -- Installing: /home/slaven/tello_ros_ws/install/ros2_shared/share/ros2_shared/cmake/ament_cmake_export_targets-extras.cmake
[1.335s] -- Installing: /home/slaven/tello_ros_ws/install/ros2_shared/share/ros2_shared/cmake/ament_cmake_export_dependencies-extras.cmake
[1.335s] -- Installing: /home/slaven/tello_ros_ws/install/ros2_shared/share/ros2_shared/cmake/ros2_sharedConfig.cmake
[1.335s] -- Installing: /home/slaven/tello_ros_ws/install/ros2_shared/share/ros2_shared/cmake/ros2_sharedConfig-version.cmake
[1.335s] -- Installing: /home/slaven/tello_ros_ws/install/ros2_shared/share/ros2_shared/package.xml
[1.337s] Invoked command in '/home/slaven/tello_ros_ws/build/ros2_shared' returned '0': CMAKE_PREFIX_PATH=${CMAKE_PREFIX_PATH}:/home/slaven/tello_ros_ws/install/tello_pilot:/home/slaven/tello_ros_ws/install/ros2_aruco:/home/slaven/tello_ros_ws/install/p_controller:/opt/ros/humble /usr/bin/cmake --install /home/slaven/tello_ros_ws/build/ros2_shared
