[0.006s] Invoking command in '/home/slaven/tello_ros_ws/build/tello_driver': CMAKE_PREFIX_PATH=/home/slaven/tello_ros_ws/install/tello_msgs:/home/slaven/tello_ros_ws/install/ros2_shared:/home/slaven/tello_ros_ws/install/tello_gazebo:/home/slaven/tello_ros_ws/install/tello_driver:/home/slaven/tello_ros_ws/install/tello_description:/home/slaven/tello_ros_ws/install/ros2_aruco_interfaces:/home/slaven/tello_ros_ws/install/tello_pilot:/home/slaven/tello_ros_ws/install/ros2_aruco:/home/slaven/tello_ros_ws/install/p_controller:/opt/ros/humble LD_LIBRARY_PATH=/home/slaven/tello_ros_ws/install/tello_msgs/lib:/home/slaven/tello_ros_ws/install/tello_gazebo/lib:/home/slaven/tello_ros_ws/install/tello_driver/lib:/home/slaven/tello_ros_ws/install/ros2_aruco_interfaces/lib:/usr/lib/x86_64-linux-gnu/gazebo-11/plugins:/opt/ros/humble/opt/rviz_ogre_vendor/lib:/opt/ros/humble/lib/x86_64-linux-gnu:/opt/ros/humble/lib /usr/bin/cmake /home/slaven/tello_ros_ws/src/tello_ros/tello_driver -DCMAKE_INSTALL_PREFIX=/home/slaven/tello_ros_ws/install/tello_driver
[0.054s] -- The C compiler identification is GNU 11.4.0
[0.099s] -- The CXX compiler identification is GNU 11.4.0
[0.104s] -- Detecting C compiler ABI info
[0.166s] -- Detecting C compiler ABI info - done
[0.166s] -- Check for working C compiler: /usr/bin/cc - skipped
[0.166s] -- Detecting C compile features
[0.166s] -- Detecting C compile features - done
[0.168s] -- Detecting CXX compiler ABI info
[0.232s] -- Detecting CXX compiler ABI info - done
[0.236s] -- Check for working CXX compiler: /usr/bin/c++ - skipped
[0.236s] -- Detecting CXX compile features
[0.237s] -- Detecting CXX compile features - done
[0.238s] -- Found ament_cmake: 1.3.8 (/opt/ros/humble/share/ament_cmake/cmake)
[0.354s] -- Found Python3: /usr/bin/python3 (found version "3.10.12") found components: Interpreter 
[0.430s] -- Found camera_calibration_parsers: 3.1.9 (/opt/ros/humble/share/camera_calibration_parsers/cmake)
[0.461s] -- Found rosidl_generator_c: 3.1.5 (/opt/ros/humble/share/rosidl_generator_c/cmake)
[0.465s] -- Found rosidl_adapter: 3.1.5 (/opt/ros/humble/share/rosidl_adapter/cmake)
[0.471s] -- Found rosidl_generator_cpp: 3.1.5 (/opt/ros/humble/share/rosidl_generator_cpp/cmake)
[0.482s] -- Using all available rosidl_typesupport_c: rosidl_typesupport_fastrtps_c;rosidl_typesupport_introspection_c
[0.500s] -- Using all available rosidl_typesupport_cpp: rosidl_typesupport_fastrtps_cpp;rosidl_typesupport_introspection_cpp
[0.548s] -- Found rmw_implementation_cmake: 6.1.1 (/opt/ros/humble/share/rmw_implementation_cmake/cmake)
[0.550s] -- Found rmw_fastrtps_cpp: 6.2.6 (/opt/ros/humble/share/rmw_fastrtps_cpp/cmake)
[0.620s] -- Found OpenSSL: /usr/lib/x86_64-linux-gnu/libcrypto.so (found version "3.0.2")  
[0.642s] -- Found FastRTPS: /opt/ros/humble/include  
[0.672s] -- Using RMW implementation 'rmw_fastrtps_cpp' as default
[0.679s] -- Looking for pthread.h
[0.738s] -- Looking for pthread.h - found
[0.738s] -- Performing Test CMAKE_HAVE_LIBC_PTHREAD
[0.789s] -- Performing Test CMAKE_HAVE_LIBC_PTHREAD - Success
[0.790s] -- Found Threads: TRUE  
[1.038s] -- Found class_loader: 2.2.0 (/opt/ros/humble/share/class_loader/cmake)
[1.052s] -- Found cv_bridge: 3.2.1 (/opt/ros/humble/share/cv_bridge/cmake)
[1.071s] -- Found OpenCV: /usr (found version "4.5.4") 
[1.072s] -- Found rclcpp_components: 16.0.8 (/opt/ros/humble/share/rclcpp_components/cmake)
[1.132s] -- Found ros2_shared: 0.1.0 (/home/slaven/tello_ros_ws/install/ros2_shared/share/ros2_shared/cmake)
[1.136s] -- Found tello_msgs: 0.1.0 (/home/slaven/tello_ros_ws/install/tello_msgs/share/tello_msgs/cmake)
[1.222s] -- Configuring done
[1.241s] -- Generating done
[1.242s] -- Build files have been written to: /home/slaven/tello_ros_ws/build/tello_driver
[1.252s] Invoked command in '/home/slaven/tello_ros_ws/build/tello_driver' returned '0': CMAKE_PREFIX_PATH=/home/slaven/tello_ros_ws/install/tello_msgs:/home/slaven/tello_ros_ws/install/ros2_shared:/home/slaven/tello_ros_ws/install/tello_gazebo:/home/slaven/tello_ros_ws/install/tello_driver:/home/slaven/tello_ros_ws/install/tello_description:/home/slaven/tello_ros_ws/install/ros2_aruco_interfaces:/home/slaven/tello_ros_ws/install/tello_pilot:/home/slaven/tello_ros_ws/install/ros2_aruco:/home/slaven/tello_ros_ws/install/p_controller:/opt/ros/humble LD_LIBRARY_PATH=/home/slaven/tello_ros_ws/install/tello_msgs/lib:/home/slaven/tello_ros_ws/install/tello_gazebo/lib:/home/slaven/tello_ros_ws/install/tello_driver/lib:/home/slaven/tello_ros_ws/install/ros2_aruco_interfaces/lib:/usr/lib/x86_64-linux-gnu/gazebo-11/plugins:/opt/ros/humble/opt/rviz_ogre_vendor/lib:/opt/ros/humble/lib/x86_64-linux-gnu:/opt/ros/humble/lib /usr/bin/cmake /home/slaven/tello_ros_ws/src/tello_ros/tello_driver -DCMAKE_INSTALL_PREFIX=/home/slaven/tello_ros_ws/install/tello_driver
[1.252s] Invoking command in '/home/slaven/tello_ros_ws/build/tello_driver': CMAKE_PREFIX_PATH=/home/slaven/tello_ros_ws/install/tello_msgs:/home/slaven/tello_ros_ws/install/ros2_shared:/home/slaven/tello_ros_ws/install/tello_gazebo:/home/slaven/tello_ros_ws/install/tello_driver:/home/slaven/tello_ros_ws/install/tello_description:/home/slaven/tello_ros_ws/install/ros2_aruco_interfaces:/home/slaven/tello_ros_ws/install/tello_pilot:/home/slaven/tello_ros_ws/install/ros2_aruco:/home/slaven/tello_ros_ws/install/p_controller:/opt/ros/humble LD_LIBRARY_PATH=/home/slaven/tello_ros_ws/install/tello_msgs/lib:/home/slaven/tello_ros_ws/install/tello_gazebo/lib:/home/slaven/tello_ros_ws/install/tello_driver/lib:/home/slaven/tello_ros_ws/install/ros2_aruco_interfaces/lib:/usr/lib/x86_64-linux-gnu/gazebo-11/plugins:/opt/ros/humble/opt/rviz_ogre_vendor/lib:/opt/ros/humble/lib/x86_64-linux-gnu:/opt/ros/humble/lib /usr/bin/cmake --build /home/slaven/tello_ros_ws/build/tello_driver -- -j2 -l2
[1.296s] [  4%] [32mBuilding CXX object CMakeFiles/tello_driver_node.dir/src/tello_driver_node.cpp.o[0m
[1.310s] [  9%] [32mBuilding CXX object CMakeFiles/tello_emulator.dir/src/tello_emulator.cpp.o[0m
[3.523s] [ 13%] [32m[1mLinking CXX executable tello_emulator[0m
[3.656s] [ 13%] Built target tello_emulator
[3.701s] [ 18%] [32mBuilding CXX object CMakeFiles/tello_joy_node.dir/src/tello_joy_node.cpp.o[0m
[18.137s] [ 22%] [32m[1mLinking CXX shared library libtello_joy_node.so[0m
[18.793s] [ 22%] Built target tello_joy_node
[18.835s] [ 27%] [32mBuilding CXX object CMakeFiles/tello_driver_node.dir/src/tello_socket.cpp.o[0m
[18.856s] [ 31%] [32mBuilding CXX object CMakeFiles/tello_driver_main.dir/src/tello_driver_main.cpp.o[0m
[23.853s] [ 36%] [32mBuilding CXX object CMakeFiles/tello_driver_node.dir/src/command_socket.cpp.o[0m
[24.622s] [ 40%] [32mBuilding CXX object CMakeFiles/tello_driver_main.dir/src/tello_driver_node.cpp.o[0m
[31.425s] [ 45%] [32mBuilding CXX object CMakeFiles/tello_driver_node.dir/src/state_socket.cpp.o[0m
[40.665s] [ 50%] [32mBuilding CXX object CMakeFiles/tello_driver_main.dir/src/tello_socket.cpp.o[0m
[42.089s] [ 54%] [32mBuilding CXX object CMakeFiles/tello_driver_node.dir/src/video_socket.cpp.o[0m
[44.617s] [ 59%] [32mBuilding CXX object CMakeFiles/tello_driver_main.dir/src/command_socket.cpp.o[0m
[46.265s] [ 63%] [32mBuilding CXX object CMakeFiles/tello_driver_node.dir/h264decoder/h264decoder.cpp.o[0m
[46.501s] [ 68%] [32m[1mLinking CXX shared library libtello_driver_node.so[0m
[47.417s] [ 68%] Built target tello_driver_node
[48.617s] [ 72%] [32mBuilding CXX object CMakeFiles/tello_driver_main.dir/src/state_socket.cpp.o[0m
[53.478s] [ 77%] [32mBuilding CXX object CMakeFiles/tello_driver_main.dir/src/video_socket.cpp.o[0m
[57.146s] [ 81%] [32mBuilding CXX object CMakeFiles/tello_driver_main.dir/h264decoder/h264decoder.cpp.o[0m
[57.362s] [ 86%] [32m[1mLinking CXX executable tello_driver_main[0m
[58.258s] [ 86%] Built target tello_driver_main
[58.277s] [ 90%] [32mBuilding CXX object CMakeFiles/tello_joy_main.dir/src/tello_joy_main.cpp.o[0m
[60.294s] [ 95%] [32mBuilding CXX object CMakeFiles/tello_joy_main.dir/src/tello_joy_node.cpp.o[0m
[66.551s] [100%] [32m[1mLinking CXX executable tello_joy_main[0m
[66.902s] [100%] Built target tello_joy_main
[66.912s] Invoked command in '/home/slaven/tello_ros_ws/build/tello_driver' returned '0': CMAKE_PREFIX_PATH=/home/slaven/tello_ros_ws/install/tello_msgs:/home/slaven/tello_ros_ws/install/ros2_shared:/home/slaven/tello_ros_ws/install/tello_gazebo:/home/slaven/tello_ros_ws/install/tello_driver:/home/slaven/tello_ros_ws/install/tello_description:/home/slaven/tello_ros_ws/install/ros2_aruco_interfaces:/home/slaven/tello_ros_ws/install/tello_pilot:/home/slaven/tello_ros_ws/install/ros2_aruco:/home/slaven/tello_ros_ws/install/p_controller:/opt/ros/humble LD_LIBRARY_PATH=/home/slaven/tello_ros_ws/install/tello_msgs/lib:/home/slaven/tello_ros_ws/install/tello_gazebo/lib:/home/slaven/tello_ros_ws/install/tello_driver/lib:/home/slaven/tello_ros_ws/install/ros2_aruco_interfaces/lib:/usr/lib/x86_64-linux-gnu/gazebo-11/plugins:/opt/ros/humble/opt/rviz_ogre_vendor/lib:/opt/ros/humble/lib/x86_64-linux-gnu:/opt/ros/humble/lib /usr/bin/cmake --build /home/slaven/tello_ros_ws/build/tello_driver -- -j2 -l2
[66.959s] Invoking command in '/home/slaven/tello_ros_ws/build/tello_driver': CMAKE_PREFIX_PATH=/home/slaven/tello_ros_ws/install/tello_msgs:/home/slaven/tello_ros_ws/install/ros2_shared:/home/slaven/tello_ros_ws/install/tello_gazebo:/home/slaven/tello_ros_ws/install/tello_driver:/home/slaven/tello_ros_ws/install/tello_description:/home/slaven/tello_ros_ws/install/ros2_aruco_interfaces:/home/slaven/tello_ros_ws/install/tello_pilot:/home/slaven/tello_ros_ws/install/ros2_aruco:/home/slaven/tello_ros_ws/install/p_controller:/opt/ros/humble LD_LIBRARY_PATH=/home/slaven/tello_ros_ws/install/tello_msgs/lib:/home/slaven/tello_ros_ws/install/tello_gazebo/lib:/home/slaven/tello_ros_ws/install/tello_driver/lib:/home/slaven/tello_ros_ws/install/ros2_aruco_interfaces/lib:/usr/lib/x86_64-linux-gnu/gazebo-11/plugins:/opt/ros/humble/opt/rviz_ogre_vendor/lib:/opt/ros/humble/lib/x86_64-linux-gnu:/opt/ros/humble/lib /usr/bin/cmake --install /home/slaven/tello_ros_ws/build/tello_driver
[66.966s] -- Install configuration: ""
[66.966s] -- Installing: /home/slaven/tello_ros_ws/install/tello_driver/share/tello_driver/environment/library_path.sh
[66.966s] -- Installing: /home/slaven/tello_ros_ws/install/tello_driver/share/tello_driver/environment/library_path.dsv
[66.966s] -- Installing: /home/slaven/tello_ros_ws/install/tello_driver/lib/libtello_driver_node.so
[66.974s] -- Set runtime path of "/home/slaven/tello_ros_ws/install/tello_driver/lib/libtello_driver_node.so" to ""
[66.974s] -- Installing: /home/slaven/tello_ros_ws/install/tello_driver/lib/libtello_joy_node.so
[66.979s] -- Set runtime path of "/home/slaven/tello_ros_ws/install/tello_driver/lib/libtello_joy_node.so" to ""
[66.979s] -- Installing: /home/slaven/tello_ros_ws/install/tello_driver/lib/tello_driver/tello_driver_main
[66.979s] -- Set runtime path of "/home/slaven/tello_ros_ws/install/tello_driver/lib/tello_driver/tello_driver_main" to ""
[66.979s] -- Installing: /home/slaven/tello_ros_ws/install/tello_driver/lib/tello_driver/tello_joy_main
[66.983s] -- Set runtime path of "/home/slaven/tello_ros_ws/install/tello_driver/lib/tello_driver/tello_joy_main" to ""
[66.983s] -- Installing: /home/slaven/tello_ros_ws/install/tello_driver/lib/tello_driver/tello_emulator
[66.983s] -- Installing: /home/slaven/tello_ros_ws/install/tello_driver/share/tello_driver/cfg
[66.983s] -- Installing: /home/slaven/tello_ros_ws/install/tello_driver/share/tello_driver/cfg/camera_info.yaml
[66.983s] -- Installing: /home/slaven/tello_ros_ws/install/tello_driver/share/tello_driver/launch
[66.983s] -- Installing: /home/slaven/tello_ros_ws/install/tello_driver/share/tello_driver/launch/emulator_launch.py
[66.983s] -- Installing: /home/slaven/tello_ros_ws/install/tello_driver/share/tello_driver/launch/teleop_launch.py
[66.983s] -- Installing: /home/slaven/tello_ros_ws/install/tello_driver/share/tello_driver/launch/emulators_launch.py
[66.983s] -- Installing: /home/slaven/tello_ros_ws/install/tello_driver/share/ament_index/resource_index/package_run_dependencies/tello_driver
[66.983s] -- Installing: /home/slaven/tello_ros_ws/install/tello_driver/share/ament_index/resource_index/parent_prefix_path/tello_driver
[66.983s] -- Installing: /home/slaven/tello_ros_ws/install/tello_driver/share/tello_driver/environment/ament_prefix_path.sh
[66.983s] -- Installing: /home/slaven/tello_ros_ws/install/tello_driver/share/tello_driver/environment/ament_prefix_path.dsv
[66.983s] -- Installing: /home/slaven/tello_ros_ws/install/tello_driver/share/tello_driver/environment/path.sh
[66.983s] -- Installing: /home/slaven/tello_ros_ws/install/tello_driver/share/tello_driver/environment/path.dsv
[66.983s] -- Installing: /home/slaven/tello_ros_ws/install/tello_driver/share/tello_driver/local_setup.bash
[66.983s] -- Installing: /home/slaven/tello_ros_ws/install/tello_driver/share/tello_driver/local_setup.sh
[66.983s] -- Installing: /home/slaven/tello_ros_ws/install/tello_driver/share/tello_driver/local_setup.zsh
[66.983s] -- Installing: /home/slaven/tello_ros_ws/install/tello_driver/share/tello_driver/local_setup.dsv
[66.983s] -- Installing: /home/slaven/tello_ros_ws/install/tello_driver/share/tello_driver/package.dsv
[66.983s] -- Installing: /home/slaven/tello_ros_ws/install/tello_driver/share/ament_index/resource_index/packages/tello_driver
[66.983s] -- Installing: /home/slaven/tello_ros_ws/install/tello_driver/share/ament_index/resource_index/rclcpp_components/tello_driver
[66.983s] -- Installing: /home/slaven/tello_ros_ws/install/tello_driver/share/tello_driver/cmake/tello_driverConfig.cmake
[66.983s] -- Installing: /home/slaven/tello_ros_ws/install/tello_driver/share/tello_driver/cmake/tello_driverConfig-version.cmake
[66.983s] -- Installing: /home/slaven/tello_ros_ws/install/tello_driver/share/tello_driver/package.xml
[66.986s] Invoked command in '/home/slaven/tello_ros_ws/build/tello_driver' returned '0': CMAKE_PREFIX_PATH=/home/slaven/tello_ros_ws/install/tello_msgs:/home/slaven/tello_ros_ws/install/ros2_shared:/home/slaven/tello_ros_ws/install/tello_gazebo:/home/slaven/tello_ros_ws/install/tello_driver:/home/slaven/tello_ros_ws/install/tello_description:/home/slaven/tello_ros_ws/install/ros2_aruco_interfaces:/home/slaven/tello_ros_ws/install/tello_pilot:/home/slaven/tello_ros_ws/install/ros2_aruco:/home/slaven/tello_ros_ws/install/p_controller:/opt/ros/humble LD_LIBRARY_PATH=/home/slaven/tello_ros_ws/install/tello_msgs/lib:/home/slaven/tello_ros_ws/install/tello_gazebo/lib:/home/slaven/tello_ros_ws/install/tello_driver/lib:/home/slaven/tello_ros_ws/install/ros2_aruco_interfaces/lib:/usr/lib/x86_64-linux-gnu/gazebo-11/plugins:/opt/ros/humble/opt/rviz_ogre_vendor/lib:/opt/ros/humble/lib/x86_64-linux-gnu:/opt/ros/humble/lib /usr/bin/cmake --install /home/slaven/tello_ros_ws/build/tello_driver
