[0.469s] Invoking command in '/home/slaven/tello_ros_ws/src/tello_pilot': PYTHONPATH=/home/slaven/tello_ros_ws/build/tello_pilot/prefix_override:/home/slaven/tello_ros_ws/install/tello_pilot/lib/python3.10/site-packages:${PYTHONPATH} /usr/bin/python3 -W ignore:setup.py install is deprecated setup.py egg_info --egg-base ../../build/tello_pilot build --build-base /home/slaven/tello_ros_ws/build/tello_pilot/build install --record /home/slaven/tello_ros_ws/build/tello_pilot/install.log --single-version-externally-managed install_data
[0.628s] running egg_info
[0.628s] creating ../../build/tello_pilot/tello_pilot.egg-info
[0.629s] writing ../../build/tello_pilot/tello_pilot.egg-info/PKG-INFO
[0.629s] writing dependency_links to ../../build/tello_pilot/tello_pilot.egg-info/dependency_links.txt
[0.629s] writing entry points to ../../build/tello_pilot/tello_pilot.egg-info/entry_points.txt
[0.629s] writing requirements to ../../build/tello_pilot/tello_pilot.egg-info/requires.txt
[0.629s] writing top-level names to ../../build/tello_pilot/tello_pilot.egg-info/top_level.txt
[0.630s] writing manifest file '../../build/tello_pilot/tello_pilot.egg-info/SOURCES.txt'
[0.631s] reading manifest file '../../build/tello_pilot/tello_pilot.egg-info/SOURCES.txt'
[0.632s] writing manifest file '../../build/tello_pilot/tello_pilot.egg-info/SOURCES.txt'
[0.632s] running build
[0.632s] running build_py
[0.632s] creating /home/slaven/tello_ros_ws/build/tello_pilot/build
[0.632s] creating /home/slaven/tello_ros_ws/build/tello_pilot/build/lib
[0.632s] creating /home/slaven/tello_ros_ws/build/tello_pilot/build/lib/tello_pilot
[0.633s] copying tello_pilot/__init__.py -> /home/slaven/tello_ros_ws/build/tello_pilot/build/lib/tello_pilot
[0.633s] copying tello_pilot/tello_pilot.py -> /home/slaven/tello_ros_ws/build/tello_pilot/build/lib/tello_pilot
[0.633s] running install
[0.634s] running install_lib
[0.634s] creating /home/slaven/tello_ros_ws/install/tello_pilot/lib/python3.10/site-packages/tello_pilot
[0.634s] copying /home/slaven/tello_ros_ws/build/tello_pilot/build/lib/tello_pilot/__init__.py -> /home/slaven/tello_ros_ws/install/tello_pilot/lib/python3.10/site-packages/tello_pilot
[0.635s] copying /home/slaven/tello_ros_ws/build/tello_pilot/build/lib/tello_pilot/tello_pilot.py -> /home/slaven/tello_ros_ws/install/tello_pilot/lib/python3.10/site-packages/tello_pilot
[0.635s] byte-compiling /home/slaven/tello_ros_ws/install/tello_pilot/lib/python3.10/site-packages/tello_pilot/__init__.py to __init__.cpython-310.pyc
[0.636s] byte-compiling /home/slaven/tello_ros_ws/install/tello_pilot/lib/python3.10/site-packages/tello_pilot/tello_pilot.py to tello_pilot.cpython-310.pyc
[0.636s] running install_data
[0.636s] creating /home/slaven/tello_ros_ws/install/tello_pilot/share/ament_index
[0.637s] creating /home/slaven/tello_ros_ws/install/tello_pilot/share/ament_index/resource_index
[0.637s] creating /home/slaven/tello_ros_ws/install/tello_pilot/share/ament_index/resource_index/packages
[0.637s] copying resource/tello_pilot -> /home/slaven/tello_ros_ws/install/tello_pilot/share/ament_index/resource_index/packages
[0.637s] copying package.xml -> /home/slaven/tello_ros_ws/install/tello_pilot/share/tello_pilot
[0.637s] running install_egg_info
[0.639s] Copying ../../build/tello_pilot/tello_pilot.egg-info to /home/slaven/tello_ros_ws/install/tello_pilot/lib/python3.10/site-packages/tello_pilot-0.0.0-py3.10.egg-info
[0.639s] running install_scripts
[0.653s] Installing tello_pilot script to /home/slaven/tello_ros_ws/install/tello_pilot/lib/tello_pilot
[0.654s] writing list of installed files to '/home/slaven/tello_ros_ws/build/tello_pilot/install.log'
[0.676s] Invoked command in '/home/slaven/tello_ros_ws/src/tello_pilot' returned '0': PYTHONPATH=/home/slaven/tello_ros_ws/build/tello_pilot/prefix_override:/home/slaven/tello_ros_ws/install/tello_pilot/lib/python3.10/site-packages:${PYTHONPATH} /usr/bin/python3 -W ignore:setup.py install is deprecated setup.py egg_info --egg-base ../../build/tello_pilot build --build-base /home/slaven/tello_ros_ws/build/tello_pilot/build install --record /home/slaven/tello_ros_ws/build/tello_pilot/install.log --single-version-externally-managed install_data
