[0.028s] Invoking command in '/home/slaven/tello_ros_ws/build/tello_driver': CMAKE_PREFIX_PATH=/home/slaven/tello_ros_ws/install/tello_msgs:/home/slaven/tello_ros_ws/install/ros2_shared:/home/slaven/tello_ros_ws/install/tello_gazebo:/home/slaven/tello_ros_ws/install/tello_driver:/home/slaven/tello_ros_ws/install/tello_description:/home/slaven/tello_ros_ws/install/ros2_aruco_interfaces:/home/slaven/tello_ros_ws/install/tello_pilot:/home/slaven/tello_ros_ws/install/ros2_aruco:/home/slaven/tello_ros_ws/install/p_controller:/opt/ros/humble LD_LIBRARY_PATH=/home/slaven/tello_ros_ws/install/tello_msgs/lib:/home/slaven/tello_ros_ws/install/tello_gazebo/lib:/home/slaven/tello_ros_ws/install/tello_driver/lib:/home/slaven/tello_ros_ws/install/ros2_aruco_interfaces/lib:/usr/lib/x86_64-linux-gnu/gazebo-11/plugins:/opt/ros/humble/opt/rviz_ogre_vendor/lib:/opt/ros/humble/lib/x86_64-linux-gnu:/opt/ros/humble/lib /usr/bin/cmake --build /home/slaven/tello_ros_ws/build/tello_driver -- -j2 -l2
[0.100s] [ 31%] Built target tello_driver_node
[0.135s] [ 40%] Built target tello_emulator
[0.156s] [ 50%] Built target tello_joy_node
[0.200s] [ 86%] Built target tello_driver_main
[0.234s] [100%] Built target tello_joy_main
[0.250s] Invoked command in '/home/slaven/tello_ros_ws/build/tello_driver' returned '0': CMAKE_PREFIX_PATH=/home/slaven/tello_ros_ws/install/tello_msgs:/home/slaven/tello_ros_ws/install/ros2_shared:/home/slaven/tello_ros_ws/install/tello_gazebo:/home/slaven/tello_ros_ws/install/tello_driver:/home/slaven/tello_ros_ws/install/tello_description:/home/slaven/tello_ros_ws/install/ros2_aruco_interfaces:/home/slaven/tello_ros_ws/install/tello_pilot:/home/slaven/tello_ros_ws/install/ros2_aruco:/home/slaven/tello_ros_ws/install/p_controller:/opt/ros/humble LD_LIBRARY_PATH=/home/slaven/tello_ros_ws/install/tello_msgs/lib:/home/slaven/tello_ros_ws/install/tello_gazebo/lib:/home/slaven/tello_ros_ws/install/tello_driver/lib:/home/slaven/tello_ros_ws/install/ros2_aruco_interfaces/lib:/usr/lib/x86_64-linux-gnu/gazebo-11/plugins:/opt/ros/humble/opt/rviz_ogre_vendor/lib:/opt/ros/humble/lib/x86_64-linux-gnu:/opt/ros/humble/lib /usr/bin/cmake --build /home/slaven/tello_ros_ws/build/tello_driver -- -j2 -l2
[0.359s] Invoking command in '/home/slaven/tello_ros_ws/build/tello_driver': CMAKE_PREFIX_PATH=/home/slaven/tello_ros_ws/install/tello_msgs:/home/slaven/tello_ros_ws/install/ros2_shared:/home/slaven/tello_ros_ws/install/tello_gazebo:/home/slaven/tello_ros_ws/install/tello_driver:/home/slaven/tello_ros_ws/install/tello_description:/home/slaven/tello_ros_ws/install/ros2_aruco_interfaces:/home/slaven/tello_ros_ws/install/tello_pilot:/home/slaven/tello_ros_ws/install/ros2_aruco:/home/slaven/tello_ros_ws/install/p_controller:/opt/ros/humble LD_LIBRARY_PATH=/home/slaven/tello_ros_ws/install/tello_msgs/lib:/home/slaven/tello_ros_ws/install/tello_gazebo/lib:/home/slaven/tello_ros_ws/install/tello_driver/lib:/home/slaven/tello_ros_ws/install/ros2_aruco_interfaces/lib:/usr/lib/x86_64-linux-gnu/gazebo-11/plugins:/opt/ros/humble/opt/rviz_ogre_vendor/lib:/opt/ros/humble/lib/x86_64-linux-gnu:/opt/ros/humble/lib /usr/bin/cmake --install /home/slaven/tello_ros_ws/build/tello_driver
[0.366s] -- Install configuration: ""
[0.366s] -- Up-to-date: /home/slaven/tello_ros_ws/install/tello_driver/share/tello_driver/environment/library_path.sh
[0.370s] -- Up-to-date: /home/slaven/tello_ros_ws/install/tello_driver/share/tello_driver/environment/library_path.dsv
[0.370s] -- Up-to-date: /home/slaven/tello_ros_ws/install/tello_driver/lib/libtello_driver_node.so
[0.370s] -- Up-to-date: /home/slaven/tello_ros_ws/install/tello_driver/lib/libtello_joy_node.so
[0.370s] -- Up-to-date: /home/slaven/tello_ros_ws/install/tello_driver/lib/tello_driver/tello_driver_main
[0.370s] -- Up-to-date: /home/slaven/tello_ros_ws/install/tello_driver/lib/tello_driver/tello_joy_main
[0.370s] -- Up-to-date: /home/slaven/tello_ros_ws/install/tello_driver/lib/tello_driver/tello_emulator
[0.370s] -- Up-to-date: /home/slaven/tello_ros_ws/install/tello_driver/share/tello_driver/cfg
[0.370s] -- Up-to-date: /home/slaven/tello_ros_ws/install/tello_driver/share/tello_driver/cfg/camera_info.yaml
[0.370s] -- Up-to-date: /home/slaven/tello_ros_ws/install/tello_driver/share/tello_driver/launch
[0.370s] -- Up-to-date: /home/slaven/tello_ros_ws/install/tello_driver/share/tello_driver/launch/emulator_launch.py
[0.370s] -- Up-to-date: /home/slaven/tello_ros_ws/install/tello_driver/share/tello_driver/launch/teleop_launch.py
[0.370s] -- Up-to-date: /home/slaven/tello_ros_ws/install/tello_driver/share/tello_driver/launch/emulators_launch.py
[0.370s] -- Up-to-date: /home/slaven/tello_ros_ws/install/tello_driver/share/ament_index/resource_index/package_run_dependencies/tello_driver
[0.371s] -- Up-to-date: /home/slaven/tello_ros_ws/install/tello_driver/share/ament_index/resource_index/parent_prefix_path/tello_driver
[0.371s] -- Up-to-date: /home/slaven/tello_ros_ws/install/tello_driver/share/tello_driver/environment/ament_prefix_path.sh
[0.371s] -- Up-to-date: /home/slaven/tello_ros_ws/install/tello_driver/share/tello_driver/environment/ament_prefix_path.dsv
[0.371s] -- Up-to-date: /home/slaven/tello_ros_ws/install/tello_driver/share/tello_driver/environment/path.sh
[0.371s] -- Up-to-date: /home/slaven/tello_ros_ws/install/tello_driver/share/tello_driver/environment/path.dsv
[0.371s] -- Up-to-date: /home/slaven/tello_ros_ws/install/tello_driver/share/tello_driver/local_setup.bash
[0.371s] -- Up-to-date: /home/slaven/tello_ros_ws/install/tello_driver/share/tello_driver/local_setup.sh
[0.371s] -- Up-to-date: /home/slaven/tello_ros_ws/install/tello_driver/share/tello_driver/local_setup.zsh
[0.371s] -- Up-to-date: /home/slaven/tello_ros_ws/install/tello_driver/share/tello_driver/local_setup.dsv
[0.371s] -- Installing: /home/slaven/tello_ros_ws/install/tello_driver/share/tello_driver/package.dsv
[0.371s] -- Up-to-date: /home/slaven/tello_ros_ws/install/tello_driver/share/ament_index/resource_index/packages/tello_driver
[0.371s] -- Up-to-date: /home/slaven/tello_ros_ws/install/tello_driver/share/ament_index/resource_index/rclcpp_components/tello_driver
[0.372s] -- Up-to-date: /home/slaven/tello_ros_ws/install/tello_driver/share/tello_driver/cmake/tello_driverConfig.cmake
[0.372s] -- Up-to-date: /home/slaven/tello_ros_ws/install/tello_driver/share/tello_driver/cmake/tello_driverConfig-version.cmake
[0.373s] -- Up-to-date: /home/slaven/tello_ros_ws/install/tello_driver/share/tello_driver/package.xml
[0.374s] Invoked command in '/home/slaven/tello_ros_ws/build/tello_driver' returned '0': CMAKE_PREFIX_PATH=/home/slaven/tello_ros_ws/install/tello_msgs:/home/slaven/tello_ros_ws/install/ros2_shared:/home/slaven/tello_ros_ws/install/tello_gazebo:/home/slaven/tello_ros_ws/install/tello_driver:/home/slaven/tello_ros_ws/install/tello_description:/home/slaven/tello_ros_ws/install/ros2_aruco_interfaces:/home/slaven/tello_ros_ws/install/tello_pilot:/home/slaven/tello_ros_ws/install/ros2_aruco:/home/slaven/tello_ros_ws/install/p_controller:/opt/ros/humble LD_LIBRARY_PATH=/home/slaven/tello_ros_ws/install/tello_msgs/lib:/home/slaven/tello_ros_ws/install/tello_gazebo/lib:/home/slaven/tello_ros_ws/install/tello_driver/lib:/home/slaven/tello_ros_ws/install/ros2_aruco_interfaces/lib:/usr/lib/x86_64-linux-gnu/gazebo-11/plugins:/opt/ros/humble/opt/rviz_ogre_vendor/lib:/opt/ros/humble/lib/x86_64-linux-gnu:/opt/ros/humble/lib /usr/bin/cmake --install /home/slaven/tello_ros_ws/build/tello_driver
