[0.045s] Invoking command in '/home/slaven/tello_ros_ws/build/tello_msgs': CMAKE_PREFIX_PATH=${CMAKE_PREFIX_PATH}:/home/slaven/tello_ros_ws/install/tello_pilot:/home/slaven/tello_ros_ws/install/ros2_aruco:/home/slaven/tello_ros_ws/install/p_controller:/opt/ros/humble /usr/bin/cmake --build /home/slaven/tello_ros_ws/build/tello_msgs -- -j2 -l2
[0.303s] [  2%] Built target tello_msgs__cpp
[0.377s] [ 12%] Built target tello_msgs__rosidl_generator_c
[0.450s] [ 12%] Built target ament_cmake_python_copy_tello_msgs
[0.452s] [ 23%] Built target tello_msgs__rosidl_typesupport_cpp
[0.535s] [ 34%] Built target tello_msgs__rosidl_typesupport_fastrtps_c
[0.545s] [ 44%] Built target tello_msgs__rosidl_typesupport_introspection_c
[0.618s] [ 55%] Built target tello_msgs__rosidl_typesupport_c
[0.699s] [ 65%] Built target tello_msgs__rosidl_typesupport_introspection_cpp
[0.703s] [ 76%] Built target tello_msgs__rosidl_typesupport_fastrtps_cpp
[0.883s] [ 76%] Built target tello_msgs
[0.995s] [ 78%] Built target tello_msgs__py
[1.211s] [ 87%] Built target tello_msgs__rosidl_generator_py
[1.331s] [ 91%] Built target tello_msgs__rosidl_typesupport_fastrtps_c__pyext
[1.405s] [ 95%] Built target tello_msgs__rosidl_typesupport_introspection_c__pyext
[1.539s] [100%] Built target tello_msgs__rosidl_typesupport_c__pyext
[1.691s] running egg_info
[1.705s] writing tello_msgs.egg-info/PKG-INFO
[1.705s] writing dependency_links to tello_msgs.egg-info/dependency_links.txt
[1.705s] writing top-level names to tello_msgs.egg-info/top_level.txt
[1.727s] reading manifest file 'tello_msgs.egg-info/SOURCES.txt'
[1.727s] writing manifest file 'tello_msgs.egg-info/SOURCES.txt'
[1.790s] [100%] Built target ament_cmake_python_build_tello_msgs_egg
[1.872s] Invoked command in '/home/slaven/tello_ros_ws/build/tello_msgs' returned '0': CMAKE_PREFIX_PATH=${CMAKE_PREFIX_PATH}:/home/slaven/tello_ros_ws/install/tello_pilot:/home/slaven/tello_ros_ws/install/ros2_aruco:/home/slaven/tello_ros_ws/install/p_controller:/opt/ros/humble /usr/bin/cmake --build /home/slaven/tello_ros_ws/build/tello_msgs -- -j2 -l2
[2.352s] Invoking command in '/home/slaven/tello_ros_ws/build/tello_msgs': CMAKE_PREFIX_PATH=${CMAKE_PREFIX_PATH}:/home/slaven/tello_ros_ws/install/tello_pilot:/home/slaven/tello_ros_ws/install/ros2_aruco:/home/slaven/tello_ros_ws/install/p_controller:/opt/ros/humble /usr/bin/cmake --install /home/slaven/tello_ros_ws/build/tello_msgs
[2.377s] -- Install configuration: ""
[2.380s] -- Up-to-date: /home/slaven/tello_ros_ws/install/tello_msgs/share/ament_index/resource_index/rosidl_interfaces/tello_msgs
[2.380s] -- Up-to-date: /home/slaven/tello_ros_ws/install/tello_msgs/include/tello_msgs/tello_msgs
[2.380s] -- Up-to-date: /home/slaven/tello_ros_ws/install/tello_msgs/include/tello_msgs/tello_msgs/srv
[2.380s] -- Up-to-date: /home/slaven/tello_ros_ws/install/tello_msgs/include/tello_msgs/tello_msgs/srv/tello_action.h
[2.381s] -- Up-to-date: /home/slaven/tello_ros_ws/install/tello_msgs/include/tello_msgs/tello_msgs/srv/detail
[2.381s] -- Up-to-date: /home/slaven/tello_ros_ws/install/tello_msgs/include/tello_msgs/tello_msgs/srv/detail/tello_action__struct.h
[2.381s] -- Up-to-date: /home/slaven/tello_ros_ws/install/tello_msgs/include/tello_msgs/tello_msgs/srv/detail/tello_action__functions.h
[2.381s] -- Up-to-date: /home/slaven/tello_ros_ws/install/tello_msgs/include/tello_msgs/tello_msgs/srv/detail/tello_action__type_support.h
[2.381s] -- Up-to-date: /home/slaven/tello_ros_ws/install/tello_msgs/include/tello_msgs/tello_msgs/srv/detail/tello_action__functions.c
[2.381s] -- Up-to-date: /home/slaven/tello_ros_ws/install/tello_msgs/include/tello_msgs/tello_msgs/msg
[2.381s] -- Up-to-date: /home/slaven/tello_ros_ws/install/tello_msgs/include/tello_msgs/tello_msgs/msg/rosidl_generator_c__visibility_control.h
[2.381s] -- Up-to-date: /home/slaven/tello_ros_ws/install/tello_msgs/include/tello_msgs/tello_msgs/msg/flight_data.h
[2.381s] -- Up-to-date: /home/slaven/tello_ros_ws/install/tello_msgs/include/tello_msgs/tello_msgs/msg/detail
[2.381s] -- Up-to-date: /home/slaven/tello_ros_ws/install/tello_msgs/include/tello_msgs/tello_msgs/msg/detail/flight_data__functions.h
[2.381s] -- Up-to-date: /home/slaven/tello_ros_ws/install/tello_msgs/include/tello_msgs/tello_msgs/msg/detail/tello_response__struct.h
[2.381s] -- Up-to-date: /home/slaven/tello_ros_ws/install/tello_msgs/include/tello_msgs/tello_msgs/msg/detail/tello_response__type_support.h
[2.381s] -- Up-to-date: /home/slaven/tello_ros_ws/install/tello_msgs/include/tello_msgs/tello_msgs/msg/detail/flight_data__functions.c
[2.381s] -- Up-to-date: /home/slaven/tello_ros_ws/install/tello_msgs/include/tello_msgs/tello_msgs/msg/detail/flight_data__type_support.h
[2.381s] -- Up-to-date: /home/slaven/tello_ros_ws/install/tello_msgs/include/tello_msgs/tello_msgs/msg/detail/tello_response__functions.h
[2.381s] -- Up-to-date: /home/slaven/tello_ros_ws/install/tello_msgs/include/tello_msgs/tello_msgs/msg/detail/flight_data__struct.h
[2.381s] -- Up-to-date: /home/slaven/tello_ros_ws/install/tello_msgs/include/tello_msgs/tello_msgs/msg/detail/tello_response__functions.c
[2.381s] -- Up-to-date: /home/slaven/tello_ros_ws/install/tello_msgs/include/tello_msgs/tello_msgs/msg/tello_response.h
[2.381s] -- Up-to-date: /home/slaven/tello_ros_ws/install/tello_msgs/share/tello_msgs/environment/library_path.sh
[2.381s] -- Up-to-date: /home/slaven/tello_ros_ws/install/tello_msgs/share/tello_msgs/environment/library_path.dsv
[2.381s] -- Up-to-date: /home/slaven/tello_ros_ws/install/tello_msgs/lib/libtello_msgs__rosidl_generator_c.so
[2.381s] -- Up-to-date: /home/slaven/tello_ros_ws/install/tello_msgs/include/tello_msgs/tello_msgs
[2.381s] -- Up-to-date: /home/slaven/tello_ros_ws/install/tello_msgs/include/tello_msgs/tello_msgs/srv
[2.381s] -- Up-to-date: /home/slaven/tello_ros_ws/install/tello_msgs/include/tello_msgs/tello_msgs/srv/detail
[2.381s] -- Up-to-date: /home/slaven/tello_ros_ws/install/tello_msgs/include/tello_msgs/tello_msgs/srv/detail/tello_action__rosidl_typesupport_fastrtps_c.h
[2.382s] -- Up-to-date: /home/slaven/tello_ros_ws/install/tello_msgs/include/tello_msgs/tello_msgs/msg
[2.382s] -- Up-to-date: /home/slaven/tello_ros_ws/install/tello_msgs/include/tello_msgs/tello_msgs/msg/rosidl_typesupport_fastrtps_c__visibility_control.h
[2.382s] -- Up-to-date: /home/slaven/tello_ros_ws/install/tello_msgs/include/tello_msgs/tello_msgs/msg/detail
[2.382s] -- Up-to-date: /home/slaven/tello_ros_ws/install/tello_msgs/include/tello_msgs/tello_msgs/msg/detail/flight_data__rosidl_typesupport_fastrtps_c.h
[2.382s] -- Up-to-date: /home/slaven/tello_ros_ws/install/tello_msgs/include/tello_msgs/tello_msgs/msg/detail/tello_response__rosidl_typesupport_fastrtps_c.h
[2.382s] -- Up-to-date: /home/slaven/tello_ros_ws/install/tello_msgs/lib/libtello_msgs__rosidl_typesupport_fastrtps_c.so
[2.382s] -- Up-to-date: /home/slaven/tello_ros_ws/install/tello_msgs/include/tello_msgs/tello_msgs
[2.382s] -- Up-to-date: /home/slaven/tello_ros_ws/install/tello_msgs/include/tello_msgs/tello_msgs/srv
[2.382s] -- Up-to-date: /home/slaven/tello_ros_ws/install/tello_msgs/include/tello_msgs/tello_msgs/srv/detail
[2.382s] -- Up-to-date: /home/slaven/tello_ros_ws/install/tello_msgs/include/tello_msgs/tello_msgs/srv/detail/tello_action__rosidl_typesupport_introspection_c.h
[2.382s] -- Up-to-date: /home/slaven/tello_ros_ws/install/tello_msgs/include/tello_msgs/tello_msgs/srv/detail/tello_action__type_support.c
[2.382s] -- Up-to-date: /home/slaven/tello_ros_ws/install/tello_msgs/include/tello_msgs/tello_msgs/msg
[2.382s] -- Up-to-date: /home/slaven/tello_ros_ws/install/tello_msgs/include/tello_msgs/tello_msgs/msg/rosidl_typesupport_introspection_c__visibility_control.h
[2.382s] -- Up-to-date: /home/slaven/tello_ros_ws/install/tello_msgs/include/tello_msgs/tello_msgs/msg/detail
[2.382s] -- Up-to-date: /home/slaven/tello_ros_ws/install/tello_msgs/include/tello_msgs/tello_msgs/msg/detail/tello_response__rosidl_typesupport_introspection_c.h
[2.382s] -- Up-to-date: /home/slaven/tello_ros_ws/install/tello_msgs/include/tello_msgs/tello_msgs/msg/detail/flight_data__type_support.c
[2.386s] -- Up-to-date: /home/slaven/tello_ros_ws/install/tello_msgs/include/tello_msgs/tello_msgs/msg/detail/flight_data__rosidl_typesupport_introspection_c.h
[2.386s] -- Up-to-date: /home/slaven/tello_ros_ws/install/tello_msgs/include/tello_msgs/tello_msgs/msg/detail/tello_response__type_support.c
[2.386s] -- Up-to-date: /home/slaven/tello_ros_ws/install/tello_msgs/lib/libtello_msgs__rosidl_typesupport_introspection_c.so
[2.386s] -- Up-to-date: /home/slaven/tello_ros_ws/install/tello_msgs/lib/libtello_msgs__rosidl_typesupport_c.so
[2.386s] -- Up-to-date: /home/slaven/tello_ros_ws/install/tello_msgs/include/tello_msgs/tello_msgs
[2.386s] -- Up-to-date: /home/slaven/tello_ros_ws/install/tello_msgs/include/tello_msgs/tello_msgs/srv
[2.386s] -- Up-to-date: /home/slaven/tello_ros_ws/install/tello_msgs/include/tello_msgs/tello_msgs/srv/detail
[2.396s] -- Up-to-date: /home/slaven/tello_ros_ws/install/tello_msgs/include/tello_msgs/tello_msgs/srv/detail/tello_action__struct.hpp
[2.396s] -- Up-to-date: /home/slaven/tello_ros_ws/install/tello_msgs/include/tello_msgs/tello_msgs/srv/detail/tello_action__builder.hpp
[2.396s] -- Up-to-date: /home/slaven/tello_ros_ws/install/tello_msgs/include/tello_msgs/tello_msgs/srv/detail/tello_action__traits.hpp
[2.396s] -- Up-to-date: /home/slaven/tello_ros_ws/install/tello_msgs/include/tello_msgs/tello_msgs/srv/tello_action.hpp
[2.396s] -- Up-to-date: /home/slaven/tello_ros_ws/install/tello_msgs/include/tello_msgs/tello_msgs/msg
[2.396s] -- Up-to-date: /home/slaven/tello_ros_ws/install/tello_msgs/include/tello_msgs/tello_msgs/msg/tello_response.hpp
[2.396s] -- Up-to-date: /home/slaven/tello_ros_ws/install/tello_msgs/include/tello_msgs/tello_msgs/msg/detail
[2.396s] -- Up-to-date: /home/slaven/tello_ros_ws/install/tello_msgs/include/tello_msgs/tello_msgs/msg/detail/tello_response__builder.hpp
[2.396s] -- Up-to-date: /home/slaven/tello_ros_ws/install/tello_msgs/include/tello_msgs/tello_msgs/msg/detail/flight_data__struct.hpp
[2.396s] -- Up-to-date: /home/slaven/tello_ros_ws/install/tello_msgs/include/tello_msgs/tello_msgs/msg/detail/tello_response__struct.hpp
[2.397s] -- Up-to-date: /home/slaven/tello_ros_ws/install/tello_msgs/include/tello_msgs/tello_msgs/msg/detail/flight_data__builder.hpp
[2.397s] -- Up-to-date: /home/slaven/tello_ros_ws/install/tello_msgs/include/tello_msgs/tello_msgs/msg/detail/flight_data__traits.hpp
[2.397s] -- Up-to-date: /home/slaven/tello_ros_ws/install/tello_msgs/include/tello_msgs/tello_msgs/msg/detail/tello_response__traits.hpp
[2.397s] -- Up-to-date: /home/slaven/tello_ros_ws/install/tello_msgs/include/tello_msgs/tello_msgs/msg/flight_data.hpp
[2.397s] -- Up-to-date: /home/slaven/tello_ros_ws/install/tello_msgs/include/tello_msgs/tello_msgs
[2.397s] -- Up-to-date: /home/slaven/tello_ros_ws/install/tello_msgs/include/tello_msgs/tello_msgs/srv
[2.397s] -- Up-to-date: /home/slaven/tello_ros_ws/install/tello_msgs/include/tello_msgs/tello_msgs/srv/detail
[2.397s] -- Up-to-date: /home/slaven/tello_ros_ws/install/tello_msgs/include/tello_msgs/tello_msgs/srv/detail/tello_action__rosidl_typesupport_fastrtps_cpp.hpp
[2.397s] -- Up-to-date: /home/slaven/tello_ros_ws/install/tello_msgs/include/tello_msgs/tello_msgs/srv/detail/dds_fastrtps
[2.397s] -- Up-to-date: /home/slaven/tello_ros_ws/install/tello_msgs/include/tello_msgs/tello_msgs/msg
[2.397s] -- Up-to-date: /home/slaven/tello_ros_ws/install/tello_msgs/include/tello_msgs/tello_msgs/msg/detail
[2.397s] -- Up-to-date: /home/slaven/tello_ros_ws/install/tello_msgs/include/tello_msgs/tello_msgs/msg/detail/tello_response__rosidl_typesupport_fastrtps_cpp.hpp
[2.397s] -- Up-to-date: /home/slaven/tello_ros_ws/install/tello_msgs/include/tello_msgs/tello_msgs/msg/detail/flight_data__rosidl_typesupport_fastrtps_cpp.hpp
[2.397s] -- Up-to-date: /home/slaven/tello_ros_ws/install/tello_msgs/include/tello_msgs/tello_msgs/msg/detail/dds_fastrtps
[2.397s] -- Up-to-date: /home/slaven/tello_ros_ws/install/tello_msgs/include/tello_msgs/tello_msgs/msg/rosidl_typesupport_fastrtps_cpp__visibility_control.h
[2.397s] -- Up-to-date: /home/slaven/tello_ros_ws/install/tello_msgs/lib/libtello_msgs__rosidl_typesupport_fastrtps_cpp.so
[2.397s] -- Up-to-date: /home/slaven/tello_ros_ws/install/tello_msgs/include/tello_msgs/tello_msgs
[2.397s] -- Up-to-date: /home/slaven/tello_ros_ws/install/tello_msgs/include/tello_msgs/tello_msgs/srv
[2.397s] -- Up-to-date: /home/slaven/tello_ros_ws/install/tello_msgs/include/tello_msgs/tello_msgs/srv/detail
[2.397s] -- Up-to-date: /home/slaven/tello_ros_ws/install/tello_msgs/include/tello_msgs/tello_msgs/srv/detail/tello_action__type_support.cpp
[2.397s] -- Up-to-date: /home/slaven/tello_ros_ws/install/tello_msgs/include/tello_msgs/tello_msgs/srv/detail/tello_action__rosidl_typesupport_introspection_cpp.hpp
[2.397s] -- Up-to-date: /home/slaven/tello_ros_ws/install/tello_msgs/include/tello_msgs/tello_msgs/msg
[2.397s] -- Up-to-date: /home/slaven/tello_ros_ws/install/tello_msgs/include/tello_msgs/tello_msgs/msg/detail
[2.397s] -- Up-to-date: /home/slaven/tello_ros_ws/install/tello_msgs/include/tello_msgs/tello_msgs/msg/detail/flight_data__type_support.cpp
[2.397s] -- Up-to-date: /home/slaven/tello_ros_ws/install/tello_msgs/include/tello_msgs/tello_msgs/msg/detail/tello_response__type_support.cpp
[2.397s] -- Up-to-date: /home/slaven/tello_ros_ws/install/tello_msgs/include/tello_msgs/tello_msgs/msg/detail/flight_data__rosidl_typesupport_introspection_cpp.hpp
[2.397s] -- Up-to-date: /home/slaven/tello_ros_ws/install/tello_msgs/include/tello_msgs/tello_msgs/msg/detail/tello_response__rosidl_typesupport_introspection_cpp.hpp
[2.397s] -- Up-to-date: /home/slaven/tello_ros_ws/install/tello_msgs/lib/libtello_msgs__rosidl_typesupport_introspection_cpp.so
[2.397s] -- Up-to-date: /home/slaven/tello_ros_ws/install/tello_msgs/lib/libtello_msgs__rosidl_typesupport_cpp.so
[2.397s] -- Up-to-date: /home/slaven/tello_ros_ws/install/tello_msgs/share/tello_msgs/environment/pythonpath.sh
[2.397s] -- Up-to-date: /home/slaven/tello_ros_ws/install/tello_msgs/share/tello_msgs/environment/pythonpath.dsv
[2.397s] -- Up-to-date: /home/slaven/tello_ros_ws/install/tello_msgs/local/lib/python3.10/dist-packages/tello_msgs-0.1.0-py3.10.egg-info
[2.397s] -- Installing: /home/slaven/tello_ros_ws/install/tello_msgs/local/lib/python3.10/dist-packages/tello_msgs-0.1.0-py3.10.egg-info/top_level.txt
[2.397s] -- Installing: /home/slaven/tello_ros_ws/install/tello_msgs/local/lib/python3.10/dist-packages/tello_msgs-0.1.0-py3.10.egg-info/PKG-INFO
[2.398s] -- Installing: /home/slaven/tello_ros_ws/install/tello_msgs/local/lib/python3.10/dist-packages/tello_msgs-0.1.0-py3.10.egg-info/SOURCES.txt
[2.398s] -- Installing: /home/slaven/tello_ros_ws/install/tello_msgs/local/lib/python3.10/dist-packages/tello_msgs-0.1.0-py3.10.egg-info/dependency_links.txt
[2.398s] -- Up-to-date: /home/slaven/tello_ros_ws/install/tello_msgs/local/lib/python3.10/dist-packages/tello_msgs
[2.398s] -- Up-to-date: /home/slaven/tello_ros_ws/install/tello_msgs/local/lib/python3.10/dist-packages/tello_msgs/_tello_msgs_s.ep.rosidl_typesupport_introspection_c.c
[2.398s] -- Up-to-date: /home/slaven/tello_ros_ws/install/tello_msgs/local/lib/python3.10/dist-packages/tello_msgs/srv
[2.398s] -- Up-to-date: /home/slaven/tello_ros_ws/install/tello_msgs/local/lib/python3.10/dist-packages/tello_msgs/srv/__init__.py
[2.398s] -- Up-to-date: /home/slaven/tello_ros_ws/install/tello_msgs/local/lib/python3.10/dist-packages/tello_msgs/srv/_tello_action_s.c
[2.398s] -- Up-to-date: /home/slaven/tello_ros_ws/install/tello_msgs/local/lib/python3.10/dist-packages/tello_msgs/srv/_tello_action.py
[2.398s] -- Up-to-date: /home/slaven/tello_ros_ws/install/tello_msgs/local/lib/python3.10/dist-packages/tello_msgs/__init__.py
[2.398s] -- Up-to-date: /home/slaven/tello_ros_ws/install/tello_msgs/local/lib/python3.10/dist-packages/tello_msgs/tello_msgs_s__rosidl_typesupport_fastrtps_c.cpython-310-x86_64-linux-gnu.so
[2.398s] -- Up-to-date: /home/slaven/tello_ros_ws/install/tello_msgs/local/lib/python3.10/dist-packages/tello_msgs/_tello_msgs_s.ep.rosidl_typesupport_fastrtps_c.c
[2.398s] -- Up-to-date: /home/slaven/tello_ros_ws/install/tello_msgs/local/lib/python3.10/dist-packages/tello_msgs/libtello_msgs__rosidl_generator_py.so
[2.398s] -- Up-to-date: /home/slaven/tello_ros_ws/install/tello_msgs/local/lib/python3.10/dist-packages/tello_msgs/_tello_msgs_s.ep.rosidl_typesupport_c.c
[2.398s] -- Up-to-date: /home/slaven/tello_ros_ws/install/tello_msgs/local/lib/python3.10/dist-packages/tello_msgs/tello_msgs_s__rosidl_typesupport_c.cpython-310-x86_64-linux-gnu.so
[2.398s] -- Up-to-date: /home/slaven/tello_ros_ws/install/tello_msgs/local/lib/python3.10/dist-packages/tello_msgs/msg
[2.398s] -- Up-to-date: /home/slaven/tello_ros_ws/install/tello_msgs/local/lib/python3.10/dist-packages/tello_msgs/msg/__init__.py
[2.398s] -- Up-to-date: /home/slaven/tello_ros_ws/install/tello_msgs/local/lib/python3.10/dist-packages/tello_msgs/msg/_flight_data_s.c
[2.398s] -- Up-to-date: /home/slaven/tello_ros_ws/install/tello_msgs/local/lib/python3.10/dist-packages/tello_msgs/msg/_tello_response_s.c
[2.398s] -- Up-to-date: /home/slaven/tello_ros_ws/install/tello_msgs/local/lib/python3.10/dist-packages/tello_msgs/msg/_flight_data.py
[2.398s] -- Up-to-date: /home/slaven/tello_ros_ws/install/tello_msgs/local/lib/python3.10/dist-packages/tello_msgs/msg/_tello_response.py
[2.398s] -- Up-to-date: /home/slaven/tello_ros_ws/install/tello_msgs/local/lib/python3.10/dist-packages/tello_msgs/tello_msgs_s__rosidl_typesupport_introspection_c.cpython-310-x86_64-linux-gnu.so
[2.438s] Listing '/home/slaven/tello_ros_ws/install/tello_msgs/local/lib/python3.10/dist-packages/tello_msgs'...
[2.439s] Listing '/home/slaven/tello_ros_ws/install/tello_msgs/local/lib/python3.10/dist-packages/tello_msgs/msg'...
[2.439s] Listing '/home/slaven/tello_ros_ws/install/tello_msgs/local/lib/python3.10/dist-packages/tello_msgs/srv'...
[2.443s] -- Up-to-date: /home/slaven/tello_ros_ws/install/tello_msgs/local/lib/python3.10/dist-packages/tello_msgs/tello_msgs_s__rosidl_typesupport_fastrtps_c.cpython-310-x86_64-linux-gnu.so
[2.443s] -- Up-to-date: /home/slaven/tello_ros_ws/install/tello_msgs/local/lib/python3.10/dist-packages/tello_msgs/tello_msgs_s__rosidl_typesupport_introspection_c.cpython-310-x86_64-linux-gnu.so
[2.444s] -- Up-to-date: /home/slaven/tello_ros_ws/install/tello_msgs/local/lib/python3.10/dist-packages/tello_msgs/tello_msgs_s__rosidl_typesupport_c.cpython-310-x86_64-linux-gnu.so
[2.444s] -- Up-to-date: /home/slaven/tello_ros_ws/install/tello_msgs/lib/libtello_msgs__rosidl_generator_py.so
[2.444s] -- Up-to-date: /home/slaven/tello_ros_ws/install/tello_msgs/share/tello_msgs/msg/FlightData.idl
[2.444s] -- Up-to-date: /home/slaven/tello_ros_ws/install/tello_msgs/share/tello_msgs/msg/TelloResponse.idl
[2.444s] -- Up-to-date: /home/slaven/tello_ros_ws/install/tello_msgs/share/tello_msgs/srv/TelloAction.idl
[2.444s] -- Up-to-date: /home/slaven/tello_ros_ws/install/tello_msgs/share/tello_msgs/msg/FlightData.msg
[2.444s] -- Up-to-date: /home/slaven/tello_ros_ws/install/tello_msgs/share/tello_msgs/msg/TelloResponse.msg
[2.444s] -- Up-to-date: /home/slaven/tello_ros_ws/install/tello_msgs/share/tello_msgs/srv/TelloAction.srv
[2.444s] -- Up-to-date: /home/slaven/tello_ros_ws/install/tello_msgs/share/tello_msgs/srv/TelloAction_Request.msg
[2.444s] -- Up-to-date: /home/slaven/tello_ros_ws/install/tello_msgs/share/tello_msgs/srv/TelloAction_Response.msg
[2.444s] -- Up-to-date: /home/slaven/tello_ros_ws/install/tello_msgs/share/ament_index/resource_index/package_run_dependencies/tello_msgs
[2.444s] -- Up-to-date: /home/slaven/tello_ros_ws/install/tello_msgs/share/ament_index/resource_index/parent_prefix_path/tello_msgs
[2.444s] -- Up-to-date: /home/slaven/tello_ros_ws/install/tello_msgs/share/tello_msgs/environment/ament_prefix_path.sh
[2.444s] -- Up-to-date: /home/slaven/tello_ros_ws/install/tello_msgs/share/tello_msgs/environment/ament_prefix_path.dsv
[2.444s] -- Up-to-date: /home/slaven/tello_ros_ws/install/tello_msgs/share/tello_msgs/environment/path.sh
[2.444s] -- Up-to-date: /home/slaven/tello_ros_ws/install/tello_msgs/share/tello_msgs/environment/path.dsv
[2.444s] -- Up-to-date: /home/slaven/tello_ros_ws/install/tello_msgs/share/tello_msgs/local_setup.bash
[2.444s] -- Up-to-date: /home/slaven/tello_ros_ws/install/tello_msgs/share/tello_msgs/local_setup.sh
[2.444s] -- Up-to-date: /home/slaven/tello_ros_ws/install/tello_msgs/share/tello_msgs/local_setup.zsh
[2.444s] -- Up-to-date: /home/slaven/tello_ros_ws/install/tello_msgs/share/tello_msgs/local_setup.dsv
[2.444s] -- Installing: /home/slaven/tello_ros_ws/install/tello_msgs/share/tello_msgs/package.dsv
[2.444s] -- Up-to-date: /home/slaven/tello_ros_ws/install/tello_msgs/share/ament_index/resource_index/packages/tello_msgs
[2.445s] -- Up-to-date: /home/slaven/tello_ros_ws/install/tello_msgs/share/tello_msgs/cmake/export_tello_msgs__rosidl_generator_cExport.cmake
[2.445s] -- Up-to-date: /home/slaven/tello_ros_ws/install/tello_msgs/share/tello_msgs/cmake/export_tello_msgs__rosidl_generator_cExport-noconfig.cmake
[2.445s] -- Up-to-date: /home/slaven/tello_ros_ws/install/tello_msgs/share/tello_msgs/cmake/export_tello_msgs__rosidl_typesupport_fastrtps_cExport.cmake
[2.445s] -- Up-to-date: /home/slaven/tello_ros_ws/install/tello_msgs/share/tello_msgs/cmake/export_tello_msgs__rosidl_typesupport_fastrtps_cExport-noconfig.cmake
[2.445s] -- Up-to-date: /home/slaven/tello_ros_ws/install/tello_msgs/share/tello_msgs/cmake/tello_msgs__rosidl_typesupport_introspection_cExport.cmake
[2.445s] -- Up-to-date: /home/slaven/tello_ros_ws/install/tello_msgs/share/tello_msgs/cmake/tello_msgs__rosidl_typesupport_introspection_cExport-noconfig.cmake
[2.445s] -- Up-to-date: /home/slaven/tello_ros_ws/install/tello_msgs/share/tello_msgs/cmake/tello_msgs__rosidl_typesupport_cExport.cmake
[2.445s] -- Up-to-date: /home/slaven/tello_ros_ws/install/tello_msgs/share/tello_msgs/cmake/tello_msgs__rosidl_typesupport_cExport-noconfig.cmake
[2.445s] -- Up-to-date: /home/slaven/tello_ros_ws/install/tello_msgs/share/tello_msgs/cmake/export_tello_msgs__rosidl_generator_cppExport.cmake
[2.446s] -- Up-to-date: /home/slaven/tello_ros_ws/install/tello_msgs/share/tello_msgs/cmake/export_tello_msgs__rosidl_typesupport_fastrtps_cppExport.cmake
[2.446s] -- Up-to-date: /home/slaven/tello_ros_ws/install/tello_msgs/share/tello_msgs/cmake/export_tello_msgs__rosidl_typesupport_fastrtps_cppExport-noconfig.cmake
[2.446s] -- Up-to-date: /home/slaven/tello_ros_ws/install/tello_msgs/share/tello_msgs/cmake/tello_msgs__rosidl_typesupport_introspection_cppExport.cmake
[2.446s] -- Up-to-date: /home/slaven/tello_ros_ws/install/tello_msgs/share/tello_msgs/cmake/tello_msgs__rosidl_typesupport_introspection_cppExport-noconfig.cmake
[2.446s] -- Up-to-date: /home/slaven/tello_ros_ws/install/tello_msgs/share/tello_msgs/cmake/tello_msgs__rosidl_typesupport_cppExport.cmake
[2.446s] -- Up-to-date: /home/slaven/tello_ros_ws/install/tello_msgs/share/tello_msgs/cmake/tello_msgs__rosidl_typesupport_cppExport-noconfig.cmake
[2.446s] -- Up-to-date: /home/slaven/tello_ros_ws/install/tello_msgs/share/tello_msgs/cmake/export_tello_msgs__rosidl_generator_pyExport.cmake
[2.446s] -- Up-to-date: /home/slaven/tello_ros_ws/install/tello_msgs/share/tello_msgs/cmake/export_tello_msgs__rosidl_generator_pyExport-noconfig.cmake
[2.447s] -- Up-to-date: /home/slaven/tello_ros_ws/install/tello_msgs/share/tello_msgs/cmake/rosidl_cmake-extras.cmake
[2.447s] -- Up-to-date: /home/slaven/tello_ros_ws/install/tello_msgs/share/tello_msgs/cmake/ament_cmake_export_dependencies-extras.cmake
[2.447s] -- Up-to-date: /home/slaven/tello_ros_ws/install/tello_msgs/share/tello_msgs/cmake/ament_cmake_export_include_directories-extras.cmake
[2.447s] -- Up-to-date: /home/slaven/tello_ros_ws/install/tello_msgs/share/tello_msgs/cmake/ament_cmake_export_libraries-extras.cmake
[2.447s] -- Up-to-date: /home/slaven/tello_ros_ws/install/tello_msgs/share/tello_msgs/cmake/ament_cmake_export_targets-extras.cmake
[2.447s] -- Up-to-date: /home/slaven/tello_ros_ws/install/tello_msgs/share/tello_msgs/cmake/rosidl_cmake_export_typesupport_targets-extras.cmake
[2.447s] -- Up-to-date: /home/slaven/tello_ros_ws/install/tello_msgs/share/tello_msgs/cmake/rosidl_cmake_export_typesupport_libraries-extras.cmake
[2.447s] -- Up-to-date: /home/slaven/tello_ros_ws/install/tello_msgs/share/tello_msgs/cmake/tello_msgsConfig.cmake
[2.447s] -- Up-to-date: /home/slaven/tello_ros_ws/install/tello_msgs/share/tello_msgs/cmake/tello_msgsConfig-version.cmake
[2.447s] -- Up-to-date: /home/slaven/tello_ros_ws/install/tello_msgs/share/tello_msgs/package.xml
[2.451s] Invoked command in '/home/slaven/tello_ros_ws/build/tello_msgs' returned '0': CMAKE_PREFIX_PATH=${CMAKE_PREFIX_PATH}:/home/slaven/tello_ros_ws/install/tello_pilot:/home/slaven/tello_ros_ws/install/ros2_aruco:/home/slaven/tello_ros_ws/install/p_controller:/opt/ros/humble /usr/bin/cmake --install /home/slaven/tello_ros_ws/build/tello_msgs
