[0.011s] Invoking command in '/home/slaven/tello_ros_ws/build/ros2_aruco_interfaces': CMAKE_PREFIX_PATH=${CMAKE_PREFIX_PATH}:/home/slaven/tello_ros_ws/install/tello_pilot:/home/slaven/tello_ros_ws/install/ros2_aruco:/home/slaven/tello_ros_ws/install/p_controller:/opt/ros/humble /usr/bin/cmake --build /home/slaven/tello_ros_ws/build/ros2_aruco_interfaces -- -j2 -l2
[0.067s] [  3%] Built target ros2_aruco_interfaces__cpp
[0.085s] [ 12%] Built target ros2_aruco_interfaces__rosidl_generator_c
[0.130s] [ 12%] Built target ament_cmake_python_copy_ros2_aruco_interfaces
[0.135s] [ 22%] Built target ros2_aruco_interfaces__rosidl_typesupport_cpp
[0.179s] [ 32%] Built target ros2_aruco_interfaces__rosidl_typesupport_fastrtps_cpp
[0.196s] [ 41%] Built target ros2_aruco_interfaces__rosidl_typesupport_fastrtps_c
[0.204s] [ 51%] Built target ros2_aruco_interfaces__rosidl_typesupport_introspection_c
[0.233s] [ 61%] Built target ros2_aruco_interfaces__rosidl_typesupport_introspection_cpp
[0.262s] [ 70%] Built target ros2_aruco_interfaces__rosidl_typesupport_c
[0.280s] [ 70%] Built target ros2_aruco_interfaces
[0.317s] [ 74%] Built target ros2_aruco_interfaces__py
[0.388s] [ 80%] Built target ros2_aruco_interfaces__rosidl_generator_py
[0.431s] [ 87%] Built target ros2_aruco_interfaces__rosidl_typesupport_fastrtps_c__pyext
[0.486s] [ 93%] Built target ros2_aruco_interfaces__rosidl_typesupport_introspection_c__pyext
[0.539s] [100%] Built target ros2_aruco_interfaces__rosidl_typesupport_c__pyext
[0.558s] running egg_info
[0.559s] writing ros2_aruco_interfaces.egg-info/PKG-INFO
[0.563s] writing dependency_links to ros2_aruco_interfaces.egg-info/dependency_links.txt
[0.563s] writing top-level names to ros2_aruco_interfaces.egg-info/top_level.txt
[0.563s] reading manifest file 'ros2_aruco_interfaces.egg-info/SOURCES.txt'
[0.564s] writing manifest file 'ros2_aruco_interfaces.egg-info/SOURCES.txt'
[0.601s] [100%] Built target ament_cmake_python_build_ros2_aruco_interfaces_egg
[0.621s] Invoked command in '/home/slaven/tello_ros_ws/build/ros2_aruco_interfaces' returned '0': CMAKE_PREFIX_PATH=${CMAKE_PREFIX_PATH}:/home/slaven/tello_ros_ws/install/tello_pilot:/home/slaven/tello_ros_ws/install/ros2_aruco:/home/slaven/tello_ros_ws/install/p_controller:/opt/ros/humble /usr/bin/cmake --build /home/slaven/tello_ros_ws/build/ros2_aruco_interfaces -- -j2 -l2
[0.732s] Invoking command in '/home/slaven/tello_ros_ws/build/ros2_aruco_interfaces': CMAKE_PREFIX_PATH=${CMAKE_PREFIX_PATH}:/home/slaven/tello_ros_ws/install/tello_pilot:/home/slaven/tello_ros_ws/install/ros2_aruco:/home/slaven/tello_ros_ws/install/p_controller:/opt/ros/humble /usr/bin/cmake --install /home/slaven/tello_ros_ws/build/ros2_aruco_interfaces
[0.749s] -- Install configuration: ""
[0.749s] -- Up-to-date: /home/slaven/tello_ros_ws/install/ros2_aruco_interfaces/share/ament_index/resource_index/rosidl_interfaces/ros2_aruco_interfaces
[0.749s] -- Up-to-date: /home/slaven/tello_ros_ws/install/ros2_aruco_interfaces/include/ros2_aruco_interfaces/ros2_aruco_interfaces
[0.750s] -- Up-to-date: /home/slaven/tello_ros_ws/install/ros2_aruco_interfaces/include/ros2_aruco_interfaces/ros2_aruco_interfaces/msg
[0.750s] -- Up-to-date: /home/slaven/tello_ros_ws/install/ros2_aruco_interfaces/include/ros2_aruco_interfaces/ros2_aruco_interfaces/msg/rosidl_generator_c__visibility_control.h
[0.750s] -- Up-to-date: /home/slaven/tello_ros_ws/install/ros2_aruco_interfaces/include/ros2_aruco_interfaces/ros2_aruco_interfaces/msg/detail
[0.750s] -- Up-to-date: /home/slaven/tello_ros_ws/install/ros2_aruco_interfaces/include/ros2_aruco_interfaces/ros2_aruco_interfaces/msg/detail/aruco_markers__type_support.h
[0.750s] -- Up-to-date: /home/slaven/tello_ros_ws/install/ros2_aruco_interfaces/include/ros2_aruco_interfaces/ros2_aruco_interfaces/msg/detail/aruco_markers__functions.h
[0.750s] -- Up-to-date: /home/slaven/tello_ros_ws/install/ros2_aruco_interfaces/include/ros2_aruco_interfaces/ros2_aruco_interfaces/msg/detail/aruco_markers__functions.c
[0.750s] -- Up-to-date: /home/slaven/tello_ros_ws/install/ros2_aruco_interfaces/include/ros2_aruco_interfaces/ros2_aruco_interfaces/msg/detail/aruco_markers__struct.h
[0.751s] -- Up-to-date: /home/slaven/tello_ros_ws/install/ros2_aruco_interfaces/include/ros2_aruco_interfaces/ros2_aruco_interfaces/msg/aruco_markers.h
[0.751s] -- Up-to-date: /home/slaven/tello_ros_ws/install/ros2_aruco_interfaces/share/ros2_aruco_interfaces/environment/library_path.sh
[0.751s] -- Up-to-date: /home/slaven/tello_ros_ws/install/ros2_aruco_interfaces/share/ros2_aruco_interfaces/environment/library_path.dsv
[0.751s] -- Up-to-date: /home/slaven/tello_ros_ws/install/ros2_aruco_interfaces/lib/libros2_aruco_interfaces__rosidl_generator_c.so
[0.751s] -- Up-to-date: /home/slaven/tello_ros_ws/install/ros2_aruco_interfaces/include/ros2_aruco_interfaces/ros2_aruco_interfaces
[0.752s] -- Up-to-date: /home/slaven/tello_ros_ws/install/ros2_aruco_interfaces/include/ros2_aruco_interfaces/ros2_aruco_interfaces/msg
[0.752s] -- Up-to-date: /home/slaven/tello_ros_ws/install/ros2_aruco_interfaces/include/ros2_aruco_interfaces/ros2_aruco_interfaces/msg/rosidl_typesupport_fastrtps_c__visibility_control.h
[0.752s] -- Up-to-date: /home/slaven/tello_ros_ws/install/ros2_aruco_interfaces/include/ros2_aruco_interfaces/ros2_aruco_interfaces/msg/detail
[0.752s] -- Up-to-date: /home/slaven/tello_ros_ws/install/ros2_aruco_interfaces/include/ros2_aruco_interfaces/ros2_aruco_interfaces/msg/detail/aruco_markers__rosidl_typesupport_fastrtps_c.h
[0.752s] -- Up-to-date: /home/slaven/tello_ros_ws/install/ros2_aruco_interfaces/lib/libros2_aruco_interfaces__rosidl_typesupport_fastrtps_c.so
[0.752s] -- Up-to-date: /home/slaven/tello_ros_ws/install/ros2_aruco_interfaces/include/ros2_aruco_interfaces/ros2_aruco_interfaces
[0.753s] -- Up-to-date: /home/slaven/tello_ros_ws/install/ros2_aruco_interfaces/include/ros2_aruco_interfaces/ros2_aruco_interfaces/msg
[0.753s] -- Up-to-date: /home/slaven/tello_ros_ws/install/ros2_aruco_interfaces/include/ros2_aruco_interfaces/ros2_aruco_interfaces/msg/detail
[0.753s] -- Up-to-date: /home/slaven/tello_ros_ws/install/ros2_aruco_interfaces/include/ros2_aruco_interfaces/ros2_aruco_interfaces/msg/detail/aruco_markers__struct.hpp
[0.753s] -- Up-to-date: /home/slaven/tello_ros_ws/install/ros2_aruco_interfaces/include/ros2_aruco_interfaces/ros2_aruco_interfaces/msg/detail/aruco_markers__builder.hpp
[0.753s] -- Up-to-date: /home/slaven/tello_ros_ws/install/ros2_aruco_interfaces/include/ros2_aruco_interfaces/ros2_aruco_interfaces/msg/detail/aruco_markers__traits.hpp
[0.753s] -- Up-to-date: /home/slaven/tello_ros_ws/install/ros2_aruco_interfaces/include/ros2_aruco_interfaces/ros2_aruco_interfaces/msg/aruco_markers.hpp
[0.753s] -- Up-to-date: /home/slaven/tello_ros_ws/install/ros2_aruco_interfaces/include/ros2_aruco_interfaces/ros2_aruco_interfaces
[0.754s] -- Up-to-date: /home/slaven/tello_ros_ws/install/ros2_aruco_interfaces/include/ros2_aruco_interfaces/ros2_aruco_interfaces/msg
[0.754s] -- Up-to-date: /home/slaven/tello_ros_ws/install/ros2_aruco_interfaces/include/ros2_aruco_interfaces/ros2_aruco_interfaces/msg/detail
[0.754s] -- Up-to-date: /home/slaven/tello_ros_ws/install/ros2_aruco_interfaces/include/ros2_aruco_interfaces/ros2_aruco_interfaces/msg/detail/aruco_markers__rosidl_typesupport_fastrtps_cpp.hpp
[0.754s] -- Up-to-date: /home/slaven/tello_ros_ws/install/ros2_aruco_interfaces/include/ros2_aruco_interfaces/ros2_aruco_interfaces/msg/detail/dds_fastrtps
[0.754s] -- Up-to-date: /home/slaven/tello_ros_ws/install/ros2_aruco_interfaces/include/ros2_aruco_interfaces/ros2_aruco_interfaces/msg/rosidl_typesupport_fastrtps_cpp__visibility_control.h
[0.754s] -- Up-to-date: /home/slaven/tello_ros_ws/install/ros2_aruco_interfaces/lib/libros2_aruco_interfaces__rosidl_typesupport_fastrtps_cpp.so
[0.754s] -- Up-to-date: /home/slaven/tello_ros_ws/install/ros2_aruco_interfaces/include/ros2_aruco_interfaces/ros2_aruco_interfaces
[0.755s] -- Up-to-date: /home/slaven/tello_ros_ws/install/ros2_aruco_interfaces/include/ros2_aruco_interfaces/ros2_aruco_interfaces/msg
[0.755s] -- Up-to-date: /home/slaven/tello_ros_ws/install/ros2_aruco_interfaces/include/ros2_aruco_interfaces/ros2_aruco_interfaces/msg/rosidl_typesupport_introspection_c__visibility_control.h
[0.755s] -- Up-to-date: /home/slaven/tello_ros_ws/install/ros2_aruco_interfaces/include/ros2_aruco_interfaces/ros2_aruco_interfaces/msg/detail
[0.755s] -- Up-to-date: /home/slaven/tello_ros_ws/install/ros2_aruco_interfaces/include/ros2_aruco_interfaces/ros2_aruco_interfaces/msg/detail/aruco_markers__type_support.c
[0.755s] -- Up-to-date: /home/slaven/tello_ros_ws/install/ros2_aruco_interfaces/include/ros2_aruco_interfaces/ros2_aruco_interfaces/msg/detail/aruco_markers__rosidl_typesupport_introspection_c.h
[0.755s] -- Up-to-date: /home/slaven/tello_ros_ws/install/ros2_aruco_interfaces/lib/libros2_aruco_interfaces__rosidl_typesupport_introspection_c.so
[0.756s] -- Up-to-date: /home/slaven/tello_ros_ws/install/ros2_aruco_interfaces/lib/libros2_aruco_interfaces__rosidl_typesupport_c.so
[0.756s] -- Up-to-date: /home/slaven/tello_ros_ws/install/ros2_aruco_interfaces/include/ros2_aruco_interfaces/ros2_aruco_interfaces
[0.756s] -- Up-to-date: /home/slaven/tello_ros_ws/install/ros2_aruco_interfaces/include/ros2_aruco_interfaces/ros2_aruco_interfaces/msg
[0.756s] -- Up-to-date: /home/slaven/tello_ros_ws/install/ros2_aruco_interfaces/include/ros2_aruco_interfaces/ros2_aruco_interfaces/msg/detail
[0.756s] -- Up-to-date: /home/slaven/tello_ros_ws/install/ros2_aruco_interfaces/include/ros2_aruco_interfaces/ros2_aruco_interfaces/msg/detail/aruco_markers__rosidl_typesupport_introspection_cpp.hpp
[0.756s] -- Up-to-date: /home/slaven/tello_ros_ws/install/ros2_aruco_interfaces/include/ros2_aruco_interfaces/ros2_aruco_interfaces/msg/detail/aruco_markers__type_support.cpp
[0.756s] -- Up-to-date: /home/slaven/tello_ros_ws/install/ros2_aruco_interfaces/lib/libros2_aruco_interfaces__rosidl_typesupport_introspection_cpp.so
[0.757s] -- Up-to-date: /home/slaven/tello_ros_ws/install/ros2_aruco_interfaces/lib/libros2_aruco_interfaces__rosidl_typesupport_cpp.so
[0.757s] -- Up-to-date: /home/slaven/tello_ros_ws/install/ros2_aruco_interfaces/share/ros2_aruco_interfaces/environment/pythonpath.sh
[0.757s] -- Up-to-date: /home/slaven/tello_ros_ws/install/ros2_aruco_interfaces/share/ros2_aruco_interfaces/environment/pythonpath.dsv
[0.757s] -- Up-to-date: /home/slaven/tello_ros_ws/install/ros2_aruco_interfaces/local/lib/python3.10/dist-packages/ros2_aruco_interfaces-0.1.0-py3.10.egg-info
[0.758s] -- Installing: /home/slaven/tello_ros_ws/install/ros2_aruco_interfaces/local/lib/python3.10/dist-packages/ros2_aruco_interfaces-0.1.0-py3.10.egg-info/top_level.txt
[0.758s] -- Installing: /home/slaven/tello_ros_ws/install/ros2_aruco_interfaces/local/lib/python3.10/dist-packages/ros2_aruco_interfaces-0.1.0-py3.10.egg-info/PKG-INFO
[0.758s] -- Installing: /home/slaven/tello_ros_ws/install/ros2_aruco_interfaces/local/lib/python3.10/dist-packages/ros2_aruco_interfaces-0.1.0-py3.10.egg-info/SOURCES.txt
[0.758s] -- Installing: /home/slaven/tello_ros_ws/install/ros2_aruco_interfaces/local/lib/python3.10/dist-packages/ros2_aruco_interfaces-0.1.0-py3.10.egg-info/dependency_links.txt
[0.759s] -- Up-to-date: /home/slaven/tello_ros_ws/install/ros2_aruco_interfaces/local/lib/python3.10/dist-packages/ros2_aruco_interfaces
[0.759s] -- Up-to-date: /home/slaven/tello_ros_ws/install/ros2_aruco_interfaces/local/lib/python3.10/dist-packages/ros2_aruco_interfaces/__init__.py
[0.759s] -- Up-to-date: /home/slaven/tello_ros_ws/install/ros2_aruco_interfaces/local/lib/python3.10/dist-packages/ros2_aruco_interfaces/ros2_aruco_interfaces_s__rosidl_typesupport_c.cpython-310-x86_64-linux-gnu.so
[0.759s] -- Up-to-date: /home/slaven/tello_ros_ws/install/ros2_aruco_interfaces/local/lib/python3.10/dist-packages/ros2_aruco_interfaces/_ros2_aruco_interfaces_s.ep.rosidl_typesupport_fastrtps_c.c
[0.759s] -- Up-to-date: /home/slaven/tello_ros_ws/install/ros2_aruco_interfaces/local/lib/python3.10/dist-packages/ros2_aruco_interfaces/msg
[0.760s] -- Up-to-date: /home/slaven/tello_ros_ws/install/ros2_aruco_interfaces/local/lib/python3.10/dist-packages/ros2_aruco_interfaces/msg/__init__.py
[0.760s] -- Up-to-date: /home/slaven/tello_ros_ws/install/ros2_aruco_interfaces/local/lib/python3.10/dist-packages/ros2_aruco_interfaces/msg/_aruco_markers_s.c
[0.760s] -- Up-to-date: /home/slaven/tello_ros_ws/install/ros2_aruco_interfaces/local/lib/python3.10/dist-packages/ros2_aruco_interfaces/msg/_aruco_markers.py
[0.760s] -- Up-to-date: /home/slaven/tello_ros_ws/install/ros2_aruco_interfaces/local/lib/python3.10/dist-packages/ros2_aruco_interfaces/_ros2_aruco_interfaces_s.ep.rosidl_typesupport_introspection_c.c
[0.760s] -- Up-to-date: /home/slaven/tello_ros_ws/install/ros2_aruco_interfaces/local/lib/python3.10/dist-packages/ros2_aruco_interfaces/ros2_aruco_interfaces_s__rosidl_typesupport_introspection_c.cpython-310-x86_64-linux-gnu.so
[0.761s] -- Up-to-date: /home/slaven/tello_ros_ws/install/ros2_aruco_interfaces/local/lib/python3.10/dist-packages/ros2_aruco_interfaces/libros2_aruco_interfaces__rosidl_generator_py.so
[0.761s] -- Up-to-date: /home/slaven/tello_ros_ws/install/ros2_aruco_interfaces/local/lib/python3.10/dist-packages/ros2_aruco_interfaces/ros2_aruco_interfaces_s__rosidl_typesupport_fastrtps_c.cpython-310-x86_64-linux-gnu.so
[0.761s] -- Up-to-date: /home/slaven/tello_ros_ws/install/ros2_aruco_interfaces/local/lib/python3.10/dist-packages/ros2_aruco_interfaces/_ros2_aruco_interfaces_s.ep.rosidl_typesupport_c.c
[0.806s] Listing '/home/slaven/tello_ros_ws/install/ros2_aruco_interfaces/local/lib/python3.10/dist-packages/ros2_aruco_interfaces'...
[0.806s] Listing '/home/slaven/tello_ros_ws/install/ros2_aruco_interfaces/local/lib/python3.10/dist-packages/ros2_aruco_interfaces/msg'...
[0.815s] -- Up-to-date: /home/slaven/tello_ros_ws/install/ros2_aruco_interfaces/local/lib/python3.10/dist-packages/ros2_aruco_interfaces/ros2_aruco_interfaces_s__rosidl_typesupport_fastrtps_c.cpython-310-x86_64-linux-gnu.so
[0.815s] -- Up-to-date: /home/slaven/tello_ros_ws/install/ros2_aruco_interfaces/local/lib/python3.10/dist-packages/ros2_aruco_interfaces/ros2_aruco_interfaces_s__rosidl_typesupport_introspection_c.cpython-310-x86_64-linux-gnu.so
[0.816s] -- Up-to-date: /home/slaven/tello_ros_ws/install/ros2_aruco_interfaces/local/lib/python3.10/dist-packages/ros2_aruco_interfaces/ros2_aruco_interfaces_s__rosidl_typesupport_c.cpython-310-x86_64-linux-gnu.so
[0.817s] -- Up-to-date: /home/slaven/tello_ros_ws/install/ros2_aruco_interfaces/lib/libros2_aruco_interfaces__rosidl_generator_py.so
[0.819s] -- Up-to-date: /home/slaven/tello_ros_ws/install/ros2_aruco_interfaces/share/ros2_aruco_interfaces/msg/ArucoMarkers.idl
[0.819s] -- Up-to-date: /home/slaven/tello_ros_ws/install/ros2_aruco_interfaces/share/ros2_aruco_interfaces/msg/ArucoMarkers.msg
[0.819s] -- Up-to-date: /home/slaven/tello_ros_ws/install/ros2_aruco_interfaces/share/ament_index/resource_index/package_run_dependencies/ros2_aruco_interfaces
[0.820s] -- Up-to-date: /home/slaven/tello_ros_ws/install/ros2_aruco_interfaces/share/ament_index/resource_index/parent_prefix_path/ros2_aruco_interfaces
[0.820s] -- Up-to-date: /home/slaven/tello_ros_ws/install/ros2_aruco_interfaces/share/ros2_aruco_interfaces/environment/ament_prefix_path.sh
[0.820s] -- Up-to-date: /home/slaven/tello_ros_ws/install/ros2_aruco_interfaces/share/ros2_aruco_interfaces/environment/ament_prefix_path.dsv
[0.820s] -- Up-to-date: /home/slaven/tello_ros_ws/install/ros2_aruco_interfaces/share/ros2_aruco_interfaces/environment/path.sh
[0.822s] -- Up-to-date: /home/slaven/tello_ros_ws/install/ros2_aruco_interfaces/share/ros2_aruco_interfaces/environment/path.dsv
[0.822s] -- Up-to-date: /home/slaven/tello_ros_ws/install/ros2_aruco_interfaces/share/ros2_aruco_interfaces/local_setup.bash
[0.822s] -- Up-to-date: /home/slaven/tello_ros_ws/install/ros2_aruco_interfaces/share/ros2_aruco_interfaces/local_setup.sh
[0.823s] -- Up-to-date: /home/slaven/tello_ros_ws/install/ros2_aruco_interfaces/share/ros2_aruco_interfaces/local_setup.zsh
[0.823s] -- Up-to-date: /home/slaven/tello_ros_ws/install/ros2_aruco_interfaces/share/ros2_aruco_interfaces/local_setup.dsv
[0.823s] -- Installing: /home/slaven/tello_ros_ws/install/ros2_aruco_interfaces/share/ros2_aruco_interfaces/package.dsv
[0.824s] -- Up-to-date: /home/slaven/tello_ros_ws/install/ros2_aruco_interfaces/share/ament_index/resource_index/packages/ros2_aruco_interfaces
[0.824s] -- Up-to-date: /home/slaven/tello_ros_ws/install/ros2_aruco_interfaces/share/ros2_aruco_interfaces/cmake/export_ros2_aruco_interfaces__rosidl_generator_cExport.cmake
[0.824s] -- Up-to-date: /home/slaven/tello_ros_ws/install/ros2_aruco_interfaces/share/ros2_aruco_interfaces/cmake/export_ros2_aruco_interfaces__rosidl_generator_cExport-noconfig.cmake
[0.824s] -- Up-to-date: /home/slaven/tello_ros_ws/install/ros2_aruco_interfaces/share/ros2_aruco_interfaces/cmake/export_ros2_aruco_interfaces__rosidl_typesupport_fastrtps_cExport.cmake
[0.824s] -- Up-to-date: /home/slaven/tello_ros_ws/install/ros2_aruco_interfaces/share/ros2_aruco_interfaces/cmake/export_ros2_aruco_interfaces__rosidl_typesupport_fastrtps_cExport-noconfig.cmake
[0.824s] -- Up-to-date: /home/slaven/tello_ros_ws/install/ros2_aruco_interfaces/share/ros2_aruco_interfaces/cmake/export_ros2_aruco_interfaces__rosidl_generator_cppExport.cmake
[0.824s] -- Up-to-date: /home/slaven/tello_ros_ws/install/ros2_aruco_interfaces/share/ros2_aruco_interfaces/cmake/export_ros2_aruco_interfaces__rosidl_typesupport_fastrtps_cppExport.cmake
[0.824s] -- Up-to-date: /home/slaven/tello_ros_ws/install/ros2_aruco_interfaces/share/ros2_aruco_interfaces/cmake/export_ros2_aruco_interfaces__rosidl_typesupport_fastrtps_cppExport-noconfig.cmake
[0.824s] -- Up-to-date: /home/slaven/tello_ros_ws/install/ros2_aruco_interfaces/share/ros2_aruco_interfaces/cmake/ros2_aruco_interfaces__rosidl_typesupport_introspection_cExport.cmake
[0.824s] -- Up-to-date: /home/slaven/tello_ros_ws/install/ros2_aruco_interfaces/share/ros2_aruco_interfaces/cmake/ros2_aruco_interfaces__rosidl_typesupport_introspection_cExport-noconfig.cmake
[0.824s] -- Up-to-date: /home/slaven/tello_ros_ws/install/ros2_aruco_interfaces/share/ros2_aruco_interfaces/cmake/ros2_aruco_interfaces__rosidl_typesupport_cExport.cmake
[0.825s] -- Up-to-date: /home/slaven/tello_ros_ws/install/ros2_aruco_interfaces/share/ros2_aruco_interfaces/cmake/ros2_aruco_interfaces__rosidl_typesupport_cExport-noconfig.cmake
[0.825s] -- Up-to-date: /home/slaven/tello_ros_ws/install/ros2_aruco_interfaces/share/ros2_aruco_interfaces/cmake/ros2_aruco_interfaces__rosidl_typesupport_introspection_cppExport.cmake
[0.825s] -- Up-to-date: /home/slaven/tello_ros_ws/install/ros2_aruco_interfaces/share/ros2_aruco_interfaces/cmake/ros2_aruco_interfaces__rosidl_typesupport_introspection_cppExport-noconfig.cmake
[0.825s] -- Up-to-date: /home/slaven/tello_ros_ws/install/ros2_aruco_interfaces/share/ros2_aruco_interfaces/cmake/ros2_aruco_interfaces__rosidl_typesupport_cppExport.cmake
[0.825s] -- Up-to-date: /home/slaven/tello_ros_ws/install/ros2_aruco_interfaces/share/ros2_aruco_interfaces/cmake/ros2_aruco_interfaces__rosidl_typesupport_cppExport-noconfig.cmake
[0.827s] -- Up-to-date: /home/slaven/tello_ros_ws/install/ros2_aruco_interfaces/share/ros2_aruco_interfaces/cmake/export_ros2_aruco_interfaces__rosidl_generator_pyExport.cmake
[0.827s] -- Up-to-date: /home/slaven/tello_ros_ws/install/ros2_aruco_interfaces/share/ros2_aruco_interfaces/cmake/export_ros2_aruco_interfaces__rosidl_generator_pyExport-noconfig.cmake
[0.828s] -- Up-to-date: /home/slaven/tello_ros_ws/install/ros2_aruco_interfaces/share/ros2_aruco_interfaces/cmake/rosidl_cmake-extras.cmake
[0.828s] -- Up-to-date: /home/slaven/tello_ros_ws/install/ros2_aruco_interfaces/share/ros2_aruco_interfaces/cmake/ament_cmake_export_dependencies-extras.cmake
[0.828s] -- Up-to-date: /home/slaven/tello_ros_ws/install/ros2_aruco_interfaces/share/ros2_aruco_interfaces/cmake/ament_cmake_export_include_directories-extras.cmake
[0.828s] -- Up-to-date: /home/slaven/tello_ros_ws/install/ros2_aruco_interfaces/share/ros2_aruco_interfaces/cmake/ament_cmake_export_libraries-extras.cmake
[0.828s] -- Up-to-date: /home/slaven/tello_ros_ws/install/ros2_aruco_interfaces/share/ros2_aruco_interfaces/cmake/ament_cmake_export_targets-extras.cmake
[0.829s] -- Up-to-date: /home/slaven/tello_ros_ws/install/ros2_aruco_interfaces/share/ros2_aruco_interfaces/cmake/rosidl_cmake_export_typesupport_targets-extras.cmake
[0.829s] -- Up-to-date: /home/slaven/tello_ros_ws/install/ros2_aruco_interfaces/share/ros2_aruco_interfaces/cmake/rosidl_cmake_export_typesupport_libraries-extras.cmake
[0.829s] -- Up-to-date: /home/slaven/tello_ros_ws/install/ros2_aruco_interfaces/share/ros2_aruco_interfaces/cmake/ros2_aruco_interfacesConfig.cmake
[0.829s] -- Up-to-date: /home/slaven/tello_ros_ws/install/ros2_aruco_interfaces/share/ros2_aruco_interfaces/cmake/ros2_aruco_interfacesConfig-version.cmake
[0.829s] -- Up-to-date: /home/slaven/tello_ros_ws/install/ros2_aruco_interfaces/share/ros2_aruco_interfaces/package.xml
[0.835s] Invoked command in '/home/slaven/tello_ros_ws/build/ros2_aruco_interfaces' returned '0': CMAKE_PREFIX_PATH=${CMAKE_PREFIX_PATH}:/home/slaven/tello_ros_ws/install/tello_pilot:/home/slaven/tello_ros_ws/install/ros2_aruco:/home/slaven/tello_ros_ws/install/p_controller:/opt/ros/humble /usr/bin/cmake --install /home/slaven/tello_ros_ws/build/ros2_aruco_interfaces
