[0.005s] Invoking command in '/home/slaven/tello_ros_ws/build/ros2_aruco_interfaces': CMAKE_PREFIX_PATH=${CMAKE_PREFIX_PATH}:/home/slaven/tello_ros_ws/install/tello_pilot:/home/slaven/tello_ros_ws/install/ros2_aruco:/home/slaven/tello_ros_ws/install/p_controller:/opt/ros/humble /usr/bin/cmake --build /home/slaven/tello_ros_ws/build/ros2_aruco_interfaces -- -j2 -l2
[0.107s] [  9%] Built target ros2_aruco_interfaces__rosidl_generator_c
[0.132s] [  9%] Built target ament_cmake_python_copy_ros2_aruco_interfaces
[0.148s] [ 12%] Built target ros2_aruco_interfaces__cpp
[0.177s] [ 22%] Built target ros2_aruco_interfaces__rosidl_typesupport_fastrtps_c
[0.217s] [ 32%] Built target ros2_aruco_interfaces__rosidl_typesupport_introspection_c
[0.217s] [ 41%] Built target ros2_aruco_interfaces__rosidl_typesupport_c
[0.264s] [ 51%] Built target ros2_aruco_interfaces__rosidl_typesupport_introspection_cpp
[0.336s] [ 61%] Built target ros2_aruco_interfaces__rosidl_typesupport_cpp
[0.402s] [ 70%] Built target ros2_aruco_interfaces__rosidl_typesupport_fastrtps_cpp
[0.473s] [ 70%] Built target ros2_aruco_interfaces
[0.558s] [ 74%] Built target ros2_aruco_interfaces__py
[0.611s] running egg_info
[0.629s] writing ros2_aruco_interfaces.egg-info/PKG-INFO
[0.629s] writing dependency_links to ros2_aruco_interfaces.egg-info/dependency_links.txt
[0.629s] writing top-level names to ros2_aruco_interfaces.egg-info/top_level.txt
[0.637s] reading manifest file 'ros2_aruco_interfaces.egg-info/SOURCES.txt'
[0.663s] writing manifest file 'ros2_aruco_interfaces.egg-info/SOURCES.txt'
[0.672s] [ 80%] Built target ros2_aruco_interfaces__rosidl_generator_py
[0.745s] [ 80%] Built target ament_cmake_python_build_ros2_aruco_interfaces_egg
[0.833s] [ 87%] Built target ros2_aruco_interfaces__rosidl_typesupport_introspection_c__pyext
[0.835s] [ 93%] Built target ros2_aruco_interfaces__rosidl_typesupport_fastrtps_c__pyext
[0.899s] [100%] Built target ros2_aruco_interfaces__rosidl_typesupport_c__pyext
[0.922s] Invoked command in '/home/slaven/tello_ros_ws/build/ros2_aruco_interfaces' returned '0': CMAKE_PREFIX_PATH=${CMAKE_PREFIX_PATH}:/home/slaven/tello_ros_ws/install/tello_pilot:/home/slaven/tello_ros_ws/install/ros2_aruco:/home/slaven/tello_ros_ws/install/p_controller:/opt/ros/humble /usr/bin/cmake --build /home/slaven/tello_ros_ws/build/ros2_aruco_interfaces -- -j2 -l2
[1.139s] Invoking command in '/home/slaven/tello_ros_ws/build/ros2_aruco_interfaces': CMAKE_PREFIX_PATH=${CMAKE_PREFIX_PATH}:/home/slaven/tello_ros_ws/install/tello_pilot:/home/slaven/tello_ros_ws/install/ros2_aruco:/home/slaven/tello_ros_ws/install/p_controller:/opt/ros/humble /usr/bin/cmake --install /home/slaven/tello_ros_ws/build/ros2_aruco_interfaces
[1.150s] -- Install configuration: ""
[1.150s] -- Up-to-date: /home/slaven/tello_ros_ws/install/ros2_aruco_interfaces/share/ament_index/resource_index/rosidl_interfaces/ros2_aruco_interfaces
[1.150s] -- Up-to-date: /home/slaven/tello_ros_ws/install/ros2_aruco_interfaces/include/ros2_aruco_interfaces/ros2_aruco_interfaces
[1.150s] -- Up-to-date: /home/slaven/tello_ros_ws/install/ros2_aruco_interfaces/include/ros2_aruco_interfaces/ros2_aruco_interfaces/msg
[1.150s] -- Up-to-date: /home/slaven/tello_ros_ws/install/ros2_aruco_interfaces/include/ros2_aruco_interfaces/ros2_aruco_interfaces/msg/rosidl_generator_c__visibility_control.h
[1.150s] -- Up-to-date: /home/slaven/tello_ros_ws/install/ros2_aruco_interfaces/include/ros2_aruco_interfaces/ros2_aruco_interfaces/msg/detail
[1.152s] -- Up-to-date: /home/slaven/tello_ros_ws/install/ros2_aruco_interfaces/include/ros2_aruco_interfaces/ros2_aruco_interfaces/msg/detail/aruco_markers__type_support.h
[1.152s] -- Up-to-date: /home/slaven/tello_ros_ws/install/ros2_aruco_interfaces/include/ros2_aruco_interfaces/ros2_aruco_interfaces/msg/detail/aruco_markers__functions.h
[1.152s] -- Up-to-date: /home/slaven/tello_ros_ws/install/ros2_aruco_interfaces/include/ros2_aruco_interfaces/ros2_aruco_interfaces/msg/detail/aruco_markers__functions.c
[1.152s] -- Up-to-date: /home/slaven/tello_ros_ws/install/ros2_aruco_interfaces/include/ros2_aruco_interfaces/ros2_aruco_interfaces/msg/detail/aruco_markers__struct.h
[1.152s] -- Up-to-date: /home/slaven/tello_ros_ws/install/ros2_aruco_interfaces/include/ros2_aruco_interfaces/ros2_aruco_interfaces/msg/aruco_markers.h
[1.152s] -- Up-to-date: /home/slaven/tello_ros_ws/install/ros2_aruco_interfaces/share/ros2_aruco_interfaces/environment/library_path.sh
[1.152s] -- Up-to-date: /home/slaven/tello_ros_ws/install/ros2_aruco_interfaces/share/ros2_aruco_interfaces/environment/library_path.dsv
[1.152s] -- Up-to-date: /home/slaven/tello_ros_ws/install/ros2_aruco_interfaces/lib/libros2_aruco_interfaces__rosidl_generator_c.so
[1.152s] -- Up-to-date: /home/slaven/tello_ros_ws/install/ros2_aruco_interfaces/include/ros2_aruco_interfaces/ros2_aruco_interfaces
[1.152s] -- Up-to-date: /home/slaven/tello_ros_ws/install/ros2_aruco_interfaces/include/ros2_aruco_interfaces/ros2_aruco_interfaces/msg
[1.152s] -- Up-to-date: /home/slaven/tello_ros_ws/install/ros2_aruco_interfaces/include/ros2_aruco_interfaces/ros2_aruco_interfaces/msg/rosidl_typesupport_fastrtps_c__visibility_control.h
[1.152s] -- Up-to-date: /home/slaven/tello_ros_ws/install/ros2_aruco_interfaces/include/ros2_aruco_interfaces/ros2_aruco_interfaces/msg/detail
[1.152s] -- Up-to-date: /home/slaven/tello_ros_ws/install/ros2_aruco_interfaces/include/ros2_aruco_interfaces/ros2_aruco_interfaces/msg/detail/aruco_markers__rosidl_typesupport_fastrtps_c.h
[1.152s] -- Up-to-date: /home/slaven/tello_ros_ws/install/ros2_aruco_interfaces/lib/libros2_aruco_interfaces__rosidl_typesupport_fastrtps_c.so
[1.152s] -- Up-to-date: /home/slaven/tello_ros_ws/install/ros2_aruco_interfaces/include/ros2_aruco_interfaces/ros2_aruco_interfaces
[1.152s] -- Up-to-date: /home/slaven/tello_ros_ws/install/ros2_aruco_interfaces/include/ros2_aruco_interfaces/ros2_aruco_interfaces/msg
[1.152s] -- Up-to-date: /home/slaven/tello_ros_ws/install/ros2_aruco_interfaces/include/ros2_aruco_interfaces/ros2_aruco_interfaces/msg/detail
[1.152s] -- Up-to-date: /home/slaven/tello_ros_ws/install/ros2_aruco_interfaces/include/ros2_aruco_interfaces/ros2_aruco_interfaces/msg/detail/aruco_markers__struct.hpp
[1.152s] -- Up-to-date: /home/slaven/tello_ros_ws/install/ros2_aruco_interfaces/include/ros2_aruco_interfaces/ros2_aruco_interfaces/msg/detail/aruco_markers__builder.hpp
[1.152s] -- Up-to-date: /home/slaven/tello_ros_ws/install/ros2_aruco_interfaces/include/ros2_aruco_interfaces/ros2_aruco_interfaces/msg/detail/aruco_markers__traits.hpp
[1.152s] -- Up-to-date: /home/slaven/tello_ros_ws/install/ros2_aruco_interfaces/include/ros2_aruco_interfaces/ros2_aruco_interfaces/msg/aruco_markers.hpp
[1.152s] -- Up-to-date: /home/slaven/tello_ros_ws/install/ros2_aruco_interfaces/include/ros2_aruco_interfaces/ros2_aruco_interfaces
[1.152s] -- Up-to-date: /home/slaven/tello_ros_ws/install/ros2_aruco_interfaces/include/ros2_aruco_interfaces/ros2_aruco_interfaces/msg
[1.152s] -- Up-to-date: /home/slaven/tello_ros_ws/install/ros2_aruco_interfaces/include/ros2_aruco_interfaces/ros2_aruco_interfaces/msg/detail
[1.152s] -- Up-to-date: /home/slaven/tello_ros_ws/install/ros2_aruco_interfaces/include/ros2_aruco_interfaces/ros2_aruco_interfaces/msg/detail/aruco_markers__rosidl_typesupport_fastrtps_cpp.hpp
[1.152s] -- Up-to-date: /home/slaven/tello_ros_ws/install/ros2_aruco_interfaces/include/ros2_aruco_interfaces/ros2_aruco_interfaces/msg/detail/dds_fastrtps
[1.152s] -- Up-to-date: /home/slaven/tello_ros_ws/install/ros2_aruco_interfaces/include/ros2_aruco_interfaces/ros2_aruco_interfaces/msg/rosidl_typesupport_fastrtps_cpp__visibility_control.h
[1.152s] -- Up-to-date: /home/slaven/tello_ros_ws/install/ros2_aruco_interfaces/lib/libros2_aruco_interfaces__rosidl_typesupport_fastrtps_cpp.so
[1.156s] -- Up-to-date: /home/slaven/tello_ros_ws/install/ros2_aruco_interfaces/include/ros2_aruco_interfaces/ros2_aruco_interfaces
[1.156s] -- Up-to-date: /home/slaven/tello_ros_ws/install/ros2_aruco_interfaces/include/ros2_aruco_interfaces/ros2_aruco_interfaces/msg
[1.156s] -- Up-to-date: /home/slaven/tello_ros_ws/install/ros2_aruco_interfaces/include/ros2_aruco_interfaces/ros2_aruco_interfaces/msg/rosidl_typesupport_introspection_c__visibility_control.h
[1.156s] -- Up-to-date: /home/slaven/tello_ros_ws/install/ros2_aruco_interfaces/include/ros2_aruco_interfaces/ros2_aruco_interfaces/msg/detail
[1.156s] -- Up-to-date: /home/slaven/tello_ros_ws/install/ros2_aruco_interfaces/include/ros2_aruco_interfaces/ros2_aruco_interfaces/msg/detail/aruco_markers__type_support.c
[1.156s] -- Up-to-date: /home/slaven/tello_ros_ws/install/ros2_aruco_interfaces/include/ros2_aruco_interfaces/ros2_aruco_interfaces/msg/detail/aruco_markers__rosidl_typesupport_introspection_c.h
[1.156s] -- Up-to-date: /home/slaven/tello_ros_ws/install/ros2_aruco_interfaces/lib/libros2_aruco_interfaces__rosidl_typesupport_introspection_c.so
[1.156s] -- Up-to-date: /home/slaven/tello_ros_ws/install/ros2_aruco_interfaces/lib/libros2_aruco_interfaces__rosidl_typesupport_c.so
[1.156s] -- Up-to-date: /home/slaven/tello_ros_ws/install/ros2_aruco_interfaces/include/ros2_aruco_interfaces/ros2_aruco_interfaces
[1.156s] -- Up-to-date: /home/slaven/tello_ros_ws/install/ros2_aruco_interfaces/include/ros2_aruco_interfaces/ros2_aruco_interfaces/msg
[1.156s] -- Up-to-date: /home/slaven/tello_ros_ws/install/ros2_aruco_interfaces/include/ros2_aruco_interfaces/ros2_aruco_interfaces/msg/detail
[1.157s] -- Up-to-date: /home/slaven/tello_ros_ws/install/ros2_aruco_interfaces/include/ros2_aruco_interfaces/ros2_aruco_interfaces/msg/detail/aruco_markers__rosidl_typesupport_introspection_cpp.hpp
[1.157s] -- Up-to-date: /home/slaven/tello_ros_ws/install/ros2_aruco_interfaces/include/ros2_aruco_interfaces/ros2_aruco_interfaces/msg/detail/aruco_markers__type_support.cpp
[1.158s] -- Up-to-date: /home/slaven/tello_ros_ws/install/ros2_aruco_interfaces/lib/libros2_aruco_interfaces__rosidl_typesupport_introspection_cpp.so
[1.158s] -- Up-to-date: /home/slaven/tello_ros_ws/install/ros2_aruco_interfaces/lib/libros2_aruco_interfaces__rosidl_typesupport_cpp.so
[1.158s] -- Up-to-date: /home/slaven/tello_ros_ws/install/ros2_aruco_interfaces/share/ros2_aruco_interfaces/environment/pythonpath.sh
[1.158s] -- Up-to-date: /home/slaven/tello_ros_ws/install/ros2_aruco_interfaces/share/ros2_aruco_interfaces/environment/pythonpath.dsv
[1.158s] -- Up-to-date: /home/slaven/tello_ros_ws/install/ros2_aruco_interfaces/local/lib/python3.10/dist-packages/ros2_aruco_interfaces-0.1.0-py3.10.egg-info
[1.158s] -- Installing: /home/slaven/tello_ros_ws/install/ros2_aruco_interfaces/local/lib/python3.10/dist-packages/ros2_aruco_interfaces-0.1.0-py3.10.egg-info/top_level.txt
[1.158s] -- Installing: /home/slaven/tello_ros_ws/install/ros2_aruco_interfaces/local/lib/python3.10/dist-packages/ros2_aruco_interfaces-0.1.0-py3.10.egg-info/PKG-INFO
[1.158s] -- Installing: /home/slaven/tello_ros_ws/install/ros2_aruco_interfaces/local/lib/python3.10/dist-packages/ros2_aruco_interfaces-0.1.0-py3.10.egg-info/SOURCES.txt
[1.158s] -- Installing: /home/slaven/tello_ros_ws/install/ros2_aruco_interfaces/local/lib/python3.10/dist-packages/ros2_aruco_interfaces-0.1.0-py3.10.egg-info/dependency_links.txt
[1.158s] -- Up-to-date: /home/slaven/tello_ros_ws/install/ros2_aruco_interfaces/local/lib/python3.10/dist-packages/ros2_aruco_interfaces
[1.158s] -- Up-to-date: /home/slaven/tello_ros_ws/install/ros2_aruco_interfaces/local/lib/python3.10/dist-packages/ros2_aruco_interfaces/__init__.py
[1.158s] -- Up-to-date: /home/slaven/tello_ros_ws/install/ros2_aruco_interfaces/local/lib/python3.10/dist-packages/ros2_aruco_interfaces/ros2_aruco_interfaces_s__rosidl_typesupport_c.cpython-310-x86_64-linux-gnu.so
[1.158s] -- Up-to-date: /home/slaven/tello_ros_ws/install/ros2_aruco_interfaces/local/lib/python3.10/dist-packages/ros2_aruco_interfaces/_ros2_aruco_interfaces_s.ep.rosidl_typesupport_fastrtps_c.c
[1.158s] -- Up-to-date: /home/slaven/tello_ros_ws/install/ros2_aruco_interfaces/local/lib/python3.10/dist-packages/ros2_aruco_interfaces/msg
[1.158s] -- Up-to-date: /home/slaven/tello_ros_ws/install/ros2_aruco_interfaces/local/lib/python3.10/dist-packages/ros2_aruco_interfaces/msg/__init__.py
[1.158s] -- Up-to-date: /home/slaven/tello_ros_ws/install/ros2_aruco_interfaces/local/lib/python3.10/dist-packages/ros2_aruco_interfaces/msg/_aruco_markers_s.c
[1.158s] -- Up-to-date: /home/slaven/tello_ros_ws/install/ros2_aruco_interfaces/local/lib/python3.10/dist-packages/ros2_aruco_interfaces/msg/_aruco_markers.py
[1.158s] -- Up-to-date: /home/slaven/tello_ros_ws/install/ros2_aruco_interfaces/local/lib/python3.10/dist-packages/ros2_aruco_interfaces/_ros2_aruco_interfaces_s.ep.rosidl_typesupport_introspection_c.c
[1.158s] -- Up-to-date: /home/slaven/tello_ros_ws/install/ros2_aruco_interfaces/local/lib/python3.10/dist-packages/ros2_aruco_interfaces/ros2_aruco_interfaces_s__rosidl_typesupport_introspection_c.cpython-310-x86_64-linux-gnu.so
[1.158s] -- Up-to-date: /home/slaven/tello_ros_ws/install/ros2_aruco_interfaces/local/lib/python3.10/dist-packages/ros2_aruco_interfaces/libros2_aruco_interfaces__rosidl_generator_py.so
[1.158s] -- Up-to-date: /home/slaven/tello_ros_ws/install/ros2_aruco_interfaces/local/lib/python3.10/dist-packages/ros2_aruco_interfaces/ros2_aruco_interfaces_s__rosidl_typesupport_fastrtps_c.cpython-310-x86_64-linux-gnu.so
[1.158s] -- Up-to-date: /home/slaven/tello_ros_ws/install/ros2_aruco_interfaces/local/lib/python3.10/dist-packages/ros2_aruco_interfaces/_ros2_aruco_interfaces_s.ep.rosidl_typesupport_c.c
[1.185s] Listing '/home/slaven/tello_ros_ws/install/ros2_aruco_interfaces/local/lib/python3.10/dist-packages/ros2_aruco_interfaces'...
[1.185s] Listing '/home/slaven/tello_ros_ws/install/ros2_aruco_interfaces/local/lib/python3.10/dist-packages/ros2_aruco_interfaces/msg'...
[1.188s] -- Up-to-date: /home/slaven/tello_ros_ws/install/ros2_aruco_interfaces/local/lib/python3.10/dist-packages/ros2_aruco_interfaces/ros2_aruco_interfaces_s__rosidl_typesupport_fastrtps_c.cpython-310-x86_64-linux-gnu.so
[1.188s] -- Up-to-date: /home/slaven/tello_ros_ws/install/ros2_aruco_interfaces/local/lib/python3.10/dist-packages/ros2_aruco_interfaces/ros2_aruco_interfaces_s__rosidl_typesupport_introspection_c.cpython-310-x86_64-linux-gnu.so
[1.188s] -- Up-to-date: /home/slaven/tello_ros_ws/install/ros2_aruco_interfaces/local/lib/python3.10/dist-packages/ros2_aruco_interfaces/ros2_aruco_interfaces_s__rosidl_typesupport_c.cpython-310-x86_64-linux-gnu.so
[1.190s] -- Up-to-date: /home/slaven/tello_ros_ws/install/ros2_aruco_interfaces/lib/libros2_aruco_interfaces__rosidl_generator_py.so
[1.190s] -- Up-to-date: /home/slaven/tello_ros_ws/install/ros2_aruco_interfaces/share/ros2_aruco_interfaces/msg/ArucoMarkers.idl
[1.190s] -- Up-to-date: /home/slaven/tello_ros_ws/install/ros2_aruco_interfaces/share/ros2_aruco_interfaces/msg/ArucoMarkers.msg
[1.190s] -- Up-to-date: /home/slaven/tello_ros_ws/install/ros2_aruco_interfaces/share/ament_index/resource_index/package_run_dependencies/ros2_aruco_interfaces
[1.190s] -- Up-to-date: /home/slaven/tello_ros_ws/install/ros2_aruco_interfaces/share/ament_index/resource_index/parent_prefix_path/ros2_aruco_interfaces
[1.190s] -- Up-to-date: /home/slaven/tello_ros_ws/install/ros2_aruco_interfaces/share/ros2_aruco_interfaces/environment/ament_prefix_path.sh
[1.191s] -- Up-to-date: /home/slaven/tello_ros_ws/install/ros2_aruco_interfaces/share/ros2_aruco_interfaces/environment/ament_prefix_path.dsv
[1.191s] -- Up-to-date: /home/slaven/tello_ros_ws/install/ros2_aruco_interfaces/share/ros2_aruco_interfaces/environment/path.sh
[1.191s] -- Up-to-date: /home/slaven/tello_ros_ws/install/ros2_aruco_interfaces/share/ros2_aruco_interfaces/environment/path.dsv
[1.191s] -- Up-to-date: /home/slaven/tello_ros_ws/install/ros2_aruco_interfaces/share/ros2_aruco_interfaces/local_setup.bash
[1.191s] -- Up-to-date: /home/slaven/tello_ros_ws/install/ros2_aruco_interfaces/share/ros2_aruco_interfaces/local_setup.sh
[1.191s] -- Up-to-date: /home/slaven/tello_ros_ws/install/ros2_aruco_interfaces/share/ros2_aruco_interfaces/local_setup.zsh
[1.194s] -- Up-to-date: /home/slaven/tello_ros_ws/install/ros2_aruco_interfaces/share/ros2_aruco_interfaces/local_setup.dsv
[1.194s] -- Installing: /home/slaven/tello_ros_ws/install/ros2_aruco_interfaces/share/ros2_aruco_interfaces/package.dsv
[1.194s] -- Up-to-date: /home/slaven/tello_ros_ws/install/ros2_aruco_interfaces/share/ament_index/resource_index/packages/ros2_aruco_interfaces
[1.194s] -- Up-to-date: /home/slaven/tello_ros_ws/install/ros2_aruco_interfaces/share/ros2_aruco_interfaces/cmake/export_ros2_aruco_interfaces__rosidl_generator_cExport.cmake
[1.194s] -- Up-to-date: /home/slaven/tello_ros_ws/install/ros2_aruco_interfaces/share/ros2_aruco_interfaces/cmake/export_ros2_aruco_interfaces__rosidl_generator_cExport-noconfig.cmake
[1.194s] -- Up-to-date: /home/slaven/tello_ros_ws/install/ros2_aruco_interfaces/share/ros2_aruco_interfaces/cmake/export_ros2_aruco_interfaces__rosidl_typesupport_fastrtps_cExport.cmake
[1.194s] -- Up-to-date: /home/slaven/tello_ros_ws/install/ros2_aruco_interfaces/share/ros2_aruco_interfaces/cmake/export_ros2_aruco_interfaces__rosidl_typesupport_fastrtps_cExport-noconfig.cmake
[1.194s] -- Up-to-date: /home/slaven/tello_ros_ws/install/ros2_aruco_interfaces/share/ros2_aruco_interfaces/cmake/export_ros2_aruco_interfaces__rosidl_generator_cppExport.cmake
[1.194s] -- Up-to-date: /home/slaven/tello_ros_ws/install/ros2_aruco_interfaces/share/ros2_aruco_interfaces/cmake/export_ros2_aruco_interfaces__rosidl_typesupport_fastrtps_cppExport.cmake
[1.197s] -- Up-to-date: /home/slaven/tello_ros_ws/install/ros2_aruco_interfaces/share/ros2_aruco_interfaces/cmake/export_ros2_aruco_interfaces__rosidl_typesupport_fastrtps_cppExport-noconfig.cmake
[1.200s] -- Up-to-date: /home/slaven/tello_ros_ws/install/ros2_aruco_interfaces/share/ros2_aruco_interfaces/cmake/ros2_aruco_interfaces__rosidl_typesupport_introspection_cExport.cmake
[1.200s] -- Up-to-date: /home/slaven/tello_ros_ws/install/ros2_aruco_interfaces/share/ros2_aruco_interfaces/cmake/ros2_aruco_interfaces__rosidl_typesupport_introspection_cExport-noconfig.cmake
[1.200s] -- Up-to-date: /home/slaven/tello_ros_ws/install/ros2_aruco_interfaces/share/ros2_aruco_interfaces/cmake/ros2_aruco_interfaces__rosidl_typesupport_cExport.cmake
[1.200s] -- Up-to-date: /home/slaven/tello_ros_ws/install/ros2_aruco_interfaces/share/ros2_aruco_interfaces/cmake/ros2_aruco_interfaces__rosidl_typesupport_cExport-noconfig.cmake
[1.200s] -- Up-to-date: /home/slaven/tello_ros_ws/install/ros2_aruco_interfaces/share/ros2_aruco_interfaces/cmake/ros2_aruco_interfaces__rosidl_typesupport_introspection_cppExport.cmake
[1.200s] -- Up-to-date: /home/slaven/tello_ros_ws/install/ros2_aruco_interfaces/share/ros2_aruco_interfaces/cmake/ros2_aruco_interfaces__rosidl_typesupport_introspection_cppExport-noconfig.cmake
[1.200s] -- Up-to-date: /home/slaven/tello_ros_ws/install/ros2_aruco_interfaces/share/ros2_aruco_interfaces/cmake/ros2_aruco_interfaces__rosidl_typesupport_cppExport.cmake
[1.200s] -- Up-to-date: /home/slaven/tello_ros_ws/install/ros2_aruco_interfaces/share/ros2_aruco_interfaces/cmake/ros2_aruco_interfaces__rosidl_typesupport_cppExport-noconfig.cmake
[1.201s] -- Up-to-date: /home/slaven/tello_ros_ws/install/ros2_aruco_interfaces/share/ros2_aruco_interfaces/cmake/export_ros2_aruco_interfaces__rosidl_generator_pyExport.cmake
[1.201s] -- Up-to-date: /home/slaven/tello_ros_ws/install/ros2_aruco_interfaces/share/ros2_aruco_interfaces/cmake/export_ros2_aruco_interfaces__rosidl_generator_pyExport-noconfig.cmake
[1.202s] -- Up-to-date: /home/slaven/tello_ros_ws/install/ros2_aruco_interfaces/share/ros2_aruco_interfaces/cmake/rosidl_cmake-extras.cmake
[1.202s] -- Up-to-date: /home/slaven/tello_ros_ws/install/ros2_aruco_interfaces/share/ros2_aruco_interfaces/cmake/ament_cmake_export_dependencies-extras.cmake
[1.202s] -- Up-to-date: /home/slaven/tello_ros_ws/install/ros2_aruco_interfaces/share/ros2_aruco_interfaces/cmake/ament_cmake_export_include_directories-extras.cmake
[1.202s] -- Up-to-date: /home/slaven/tello_ros_ws/install/ros2_aruco_interfaces/share/ros2_aruco_interfaces/cmake/ament_cmake_export_libraries-extras.cmake
[1.202s] -- Up-to-date: /home/slaven/tello_ros_ws/install/ros2_aruco_interfaces/share/ros2_aruco_interfaces/cmake/ament_cmake_export_targets-extras.cmake
[1.202s] -- Up-to-date: /home/slaven/tello_ros_ws/install/ros2_aruco_interfaces/share/ros2_aruco_interfaces/cmake/rosidl_cmake_export_typesupport_targets-extras.cmake
[1.202s] -- Up-to-date: /home/slaven/tello_ros_ws/install/ros2_aruco_interfaces/share/ros2_aruco_interfaces/cmake/rosidl_cmake_export_typesupport_libraries-extras.cmake
[1.204s] -- Up-to-date: /home/slaven/tello_ros_ws/install/ros2_aruco_interfaces/share/ros2_aruco_interfaces/cmake/ros2_aruco_interfacesConfig.cmake
[1.204s] -- Up-to-date: /home/slaven/tello_ros_ws/install/ros2_aruco_interfaces/share/ros2_aruco_interfaces/cmake/ros2_aruco_interfacesConfig-version.cmake
[1.204s] -- Up-to-date: /home/slaven/tello_ros_ws/install/ros2_aruco_interfaces/share/ros2_aruco_interfaces/package.xml
[1.206s] Invoked command in '/home/slaven/tello_ros_ws/build/ros2_aruco_interfaces' returned '0': CMAKE_PREFIX_PATH=${CMAKE_PREFIX_PATH}:/home/slaven/tello_ros_ws/install/tello_pilot:/home/slaven/tello_ros_ws/install/ros2_aruco:/home/slaven/tello_ros_ws/install/p_controller:/opt/ros/humble /usr/bin/cmake --install /home/slaven/tello_ros_ws/build/ros2_aruco_interfaces
