[0.526s] Invoking command in '/home/slaven/tello_ros_ws/src/ros2_aruco/ros2_aruco': PYTHONPATH=/home/slaven/tello_ros_ws/build/ros2_aruco/prefix_override:/home/slaven/tello_ros_ws/install/ros2_aruco/lib/python3.10/site-packages:${PYTHONPATH} /usr/bin/python3 -W ignore:setup.py install is deprecated setup.py egg_info --egg-base ../../../build/ros2_aruco build --build-base /home/slaven/tello_ros_ws/build/ros2_aruco/build install --record /home/slaven/tello_ros_ws/build/ros2_aruco/install.log --single-version-externally-managed install_data
[0.780s] running egg_info
[0.781s] creating ../../../build/ros2_aruco/ros2_aruco.egg-info
[0.781s] writing ../../../build/ros2_aruco/ros2_aruco.egg-info/PKG-INFO
[0.781s] writing dependency_links to ../../../build/ros2_aruco/ros2_aruco.egg-info/dependency_links.txt
[0.781s] writing entry points to ../../../build/ros2_aruco/ros2_aruco.egg-info/entry_points.txt
[0.781s] writing requirements to ../../../build/ros2_aruco/ros2_aruco.egg-info/requires.txt
[0.781s] writing top-level names to ../../../build/ros2_aruco/ros2_aruco.egg-info/top_level.txt
[0.782s] writing manifest file '../../../build/ros2_aruco/ros2_aruco.egg-info/SOURCES.txt'
[0.795s] reading manifest file '../../../build/ros2_aruco/ros2_aruco.egg-info/SOURCES.txt'
[0.796s] writing manifest file '../../../build/ros2_aruco/ros2_aruco.egg-info/SOURCES.txt'
[0.796s] running build
[0.796s] running build_py
[0.796s] creating /home/slaven/tello_ros_ws/build/ros2_aruco/build
[0.796s] creating /home/slaven/tello_ros_ws/build/ros2_aruco/build/lib
[0.796s] creating /home/slaven/tello_ros_ws/build/ros2_aruco/build/lib/ros2_aruco
[0.796s] copying ros2_aruco/aruco_node.py -> /home/slaven/tello_ros_ws/build/ros2_aruco/build/lib/ros2_aruco
[0.796s] copying ros2_aruco/__init__.py -> /home/slaven/tello_ros_ws/build/ros2_aruco/build/lib/ros2_aruco
[0.796s] copying ros2_aruco/aruco_generate_marker.py -> /home/slaven/tello_ros_ws/build/ros2_aruco/build/lib/ros2_aruco
[0.796s] running install
[0.796s] running install_lib
[0.796s] creating /home/slaven/tello_ros_ws/install/ros2_aruco/lib/python3.10/site-packages/ros2_aruco
[0.796s] copying /home/slaven/tello_ros_ws/build/ros2_aruco/build/lib/ros2_aruco/aruco_node.py -> /home/slaven/tello_ros_ws/install/ros2_aruco/lib/python3.10/site-packages/ros2_aruco
[0.796s] copying /home/slaven/tello_ros_ws/build/ros2_aruco/build/lib/ros2_aruco/__init__.py -> /home/slaven/tello_ros_ws/install/ros2_aruco/lib/python3.10/site-packages/ros2_aruco
[0.796s] copying /home/slaven/tello_ros_ws/build/ros2_aruco/build/lib/ros2_aruco/aruco_generate_marker.py -> /home/slaven/tello_ros_ws/install/ros2_aruco/lib/python3.10/site-packages/ros2_aruco
[0.796s] byte-compiling /home/slaven/tello_ros_ws/install/ros2_aruco/lib/python3.10/site-packages/ros2_aruco/aruco_node.py to aruco_node.cpython-310.pyc
[0.812s] byte-compiling /home/slaven/tello_ros_ws/install/ros2_aruco/lib/python3.10/site-packages/ros2_aruco/__init__.py to __init__.cpython-310.pyc
[0.812s] byte-compiling /home/slaven/tello_ros_ws/install/ros2_aruco/lib/python3.10/site-packages/ros2_aruco/aruco_generate_marker.py to aruco_generate_marker.cpython-310.pyc
[0.813s] running install_data
[0.813s] creating /home/slaven/tello_ros_ws/install/ros2_aruco/share/ament_index
[0.813s] creating /home/slaven/tello_ros_ws/install/ros2_aruco/share/ament_index/resource_index
[0.813s] creating /home/slaven/tello_ros_ws/install/ros2_aruco/share/ament_index/resource_index/packages
[0.813s] copying resource/ros2_aruco -> /home/slaven/tello_ros_ws/install/ros2_aruco/share/ament_index/resource_index/packages
[0.813s] copying package.xml -> /home/slaven/tello_ros_ws/install/ros2_aruco/share/ros2_aruco
[0.813s] creating /home/slaven/tello_ros_ws/install/ros2_aruco/share/ros2_aruco/launch
[0.813s] copying launch/aruco_recognition.launch.py -> /home/slaven/tello_ros_ws/install/ros2_aruco/share/ros2_aruco/launch
[0.813s] creating /home/slaven/tello_ros_ws/install/ros2_aruco/share/ros2_aruco/config
[0.813s] copying config/aruco_parameters2.yaml -> /home/slaven/tello_ros_ws/install/ros2_aruco/share/ros2_aruco/config
[0.815s] copying config/aruco_parameters.yaml -> /home/slaven/tello_ros_ws/install/ros2_aruco/share/ros2_aruco/config
[0.816s] running install_egg_info
[0.817s] Copying ../../../build/ros2_aruco/ros2_aruco.egg-info to /home/slaven/tello_ros_ws/install/ros2_aruco/lib/python3.10/site-packages/ros2_aruco-0.1.0-py3.10.egg-info
[0.819s] running install_scripts
[0.835s] Installing aruco_generate_marker script to /home/slaven/tello_ros_ws/install/ros2_aruco/lib/ros2_aruco
[0.835s] Installing aruco_node script to /home/slaven/tello_ros_ws/install/ros2_aruco/lib/ros2_aruco
[0.836s] writing list of installed files to '/home/slaven/tello_ros_ws/build/ros2_aruco/install.log'
[0.869s] Invoked command in '/home/slaven/tello_ros_ws/src/ros2_aruco/ros2_aruco' returned '0': PYTHONPATH=/home/slaven/tello_ros_ws/build/ros2_aruco/prefix_override:/home/slaven/tello_ros_ws/install/ros2_aruco/lib/python3.10/site-packages:${PYTHONPATH} /usr/bin/python3 -W ignore:setup.py install is deprecated setup.py egg_info --egg-base ../../../build/ros2_aruco build --build-base /home/slaven/tello_ros_ws/build/ros2_aruco/build install --record /home/slaven/tello_ros_ws/build/ros2_aruco/install.log --single-version-externally-managed install_data
