running egg_info
creating ../../build/p_controller/p_controller.egg-info
writing ../../build/p_controller/p_controller.egg-info/PKG-INFO
writing dependency_links to ../../build/p_controller/p_controller.egg-info/dependency_links.txt
writing entry points to ../../build/p_controller/p_controller.egg-info/entry_points.txt
writing requirements to ../../build/p_controller/p_controller.egg-info/requires.txt
writing top-level names to ../../build/p_controller/p_controller.egg-info/top_level.txt
writing manifest file '../../build/p_controller/p_controller.egg-info/SOURCES.txt'
reading manifest file '../../build/p_controller/p_controller.egg-info/SOURCES.txt'
adding license file 'LICENSE'
writing manifest file '../../build/p_controller/p_controller.egg-info/SOURCES.txt'
running build
running build_py
creating /home/slaven/tello_ros_ws/build/p_controller/build
creating /home/slaven/tello_ros_ws/build/p_controller/build/lib
creating /home/slaven/tello_ros_ws/build/p_controller/build/lib/p_controller
copying p_controller/__init__.py -> /home/slaven/tello_ros_ws/build/p_controller/build/lib/p_controller
copying p_controller/p_controller.py -> /home/slaven/tello_ros_ws/build/p_controller/build/lib/p_controller
running install
running install_lib
creating /home/slaven/tello_ros_ws/install/p_controller/lib/python3.10/site-packages/p_controller
copying /home/slaven/tello_ros_ws/build/p_controller/build/lib/p_controller/__init__.py -> /home/slaven/tello_ros_ws/install/p_controller/lib/python3.10/site-packages/p_controller
copying /home/slaven/tello_ros_ws/build/p_controller/build/lib/p_controller/p_controller.py -> /home/slaven/tello_ros_ws/install/p_controller/lib/python3.10/site-packages/p_controller
byte-compiling /home/slaven/tello_ros_ws/install/p_controller/lib/python3.10/site-packages/p_controller/__init__.py to __init__.cpython-310.pyc
byte-compiling /home/slaven/tello_ros_ws/install/p_controller/lib/python3.10/site-packages/p_controller/p_controller.py to p_controller.cpython-310.pyc
running install_data
creating /home/slaven/tello_ros_ws/install/p_controller/share/ament_index
creating /home/slaven/tello_ros_ws/install/p_controller/share/ament_index/resource_index
creating /home/slaven/tello_ros_ws/install/p_controller/share/ament_index/resource_index/packages
copying resource/p_controller -> /home/slaven/tello_ros_ws/install/p_controller/share/ament_index/resource_index/packages
copying package.xml -> /home/slaven/tello_ros_ws/install/p_controller/share/p_controller
running install_egg_info
Copying ../../build/p_controller/p_controller.egg-info to /home/slaven/tello_ros_ws/install/p_controller/lib/python3.10/site-packages/p_controller-0.0.0-py3.10.egg-info
running install_scripts
Installing p_controller script to /home/slaven/tello_ros_ws/install/p_controller/lib/p_controller
writing list of installed files to '/home/slaven/tello_ros_ws/build/p_controller/install.log'
