[0.626s] Invoking command in '/home/slaven/tello_ros_ws/src/tello_pilot': PYTHONPATH=/home/slaven/tello_ros_ws/build/tello_pilot/prefix_override:/home/slaven/tello_ros_ws/install/tello_pilot/lib/python3.10/site-packages:${PYTHONPATH} /usr/bin/python3 -W ignore:setup.py install is deprecated setup.py egg_info --egg-base ../../build/tello_pilot build --build-base /home/slaven/tello_ros_ws/build/tello_pilot/build install --record /home/slaven/tello_ros_ws/build/tello_pilot/install.log --single-version-externally-managed install_data
[0.863s] running egg_info
[0.863s] writing ../../build/tello_pilot/tello_pilot.egg-info/PKG-INFO
[0.864s] writing dependency_links to ../../build/tello_pilot/tello_pilot.egg-info/dependency_links.txt
[0.865s] writing entry points to ../../build/tello_pilot/tello_pilot.egg-info/entry_points.txt
[0.865s] writing requirements to ../../build/tello_pilot/tello_pilot.egg-info/requires.txt
[0.865s] writing top-level names to ../../build/tello_pilot/tello_pilot.egg-info/top_level.txt
[0.870s] reading manifest file '../../build/tello_pilot/tello_pilot.egg-info/SOURCES.txt'
[0.871s] writing manifest file '../../build/tello_pilot/tello_pilot.egg-info/SOURCES.txt'
[0.871s] running build
[0.871s] running build_py
[0.872s] copying tello_pilot/tello_pilot.py -> /home/slaven/tello_ros_ws/build/tello_pilot/build/lib/tello_pilot
[0.872s] running install
[0.874s] running install_lib
[0.879s] copying /home/slaven/tello_ros_ws/build/tello_pilot/build/lib/tello_pilot/tello_pilot.py -> /home/slaven/tello_ros_ws/install/tello_pilot/lib/python3.10/site-packages/tello_pilot
[0.879s] byte-compiling /home/slaven/tello_ros_ws/install/tello_pilot/lib/python3.10/site-packages/tello_pilot/tello_pilot.py to tello_pilot.cpython-310.pyc
[0.879s] running install_data
[0.879s] running install_egg_info
[0.884s] removing '/home/slaven/tello_ros_ws/install/tello_pilot/lib/python3.10/site-packages/tello_pilot-0.0.0-py3.10.egg-info' (and everything under it)
[0.885s] Copying ../../build/tello_pilot/tello_pilot.egg-info to /home/slaven/tello_ros_ws/install/tello_pilot/lib/python3.10/site-packages/tello_pilot-0.0.0-py3.10.egg-info
[0.885s] running install_scripts
[0.907s] Installing tello_pilot script to /home/slaven/tello_ros_ws/install/tello_pilot/lib/tello_pilot
[0.910s] writing list of installed files to '/home/slaven/tello_ros_ws/build/tello_pilot/install.log'
[0.938s] Invoked command in '/home/slaven/tello_ros_ws/src/tello_pilot' returned '0': PYTHONPATH=/home/slaven/tello_ros_ws/build/tello_pilot/prefix_override:/home/slaven/tello_ros_ws/install/tello_pilot/lib/python3.10/site-packages:${PYTHONPATH} /usr/bin/python3 -W ignore:setup.py install is deprecated setup.py egg_info --egg-base ../../build/tello_pilot build --build-base /home/slaven/tello_ros_ws/build/tello_pilot/build install --record /home/slaven/tello_ros_ws/build/tello_pilot/install.log --single-version-externally-managed install_data
