[0.029s] Invoking command in '/home/slaven/tello_ros_ws/build/tello_msgs': CMAKE_PREFIX_PATH=${CMAKE_PREFIX_PATH}:/home/slaven/tello_ros_ws/install/tello_pilot:/home/slaven/tello_ros_ws/install/ros2_aruco:/home/slaven/tello_ros_ws/install/p_controller:/opt/ros/humble /usr/bin/cmake --build /home/slaven/tello_ros_ws/build/tello_msgs -- -j2 -l2
[0.124s] [  2%] Built target tello_msgs__cpp
[0.124s] [ 12%] Built target tello_msgs__rosidl_generator_c
[0.208s] [ 23%] Built target tello_msgs__rosidl_typesupport_cpp
[0.208s] [ 23%] Built target ament_cmake_python_copy_tello_msgs
[0.230s] [ 34%] Built target tello_msgs__rosidl_typesupport_fastrtps_c
[0.262s] [ 44%] Built target tello_msgs__rosidl_typesupport_introspection_c
[0.296s] [ 55%] Built target tello_msgs__rosidl_typesupport_c
[0.309s] [ 65%] Built target tello_msgs__rosidl_typesupport_fastrtps_cpp
[0.393s] [ 76%] Built target tello_msgs__rosidl_typesupport_introspection_cpp
[0.444s] [ 76%] Built target tello_msgs
[0.517s] [ 78%] Built target tello_msgs__py
[0.584s] [ 87%] Built target tello_msgs__rosidl_generator_py
[0.676s] [ 91%] Built target tello_msgs__rosidl_typesupport_fastrtps_c__pyext
[0.740s] [ 95%] Built target tello_msgs__rosidl_typesupport_introspection_c__pyext
[0.823s] [100%] Built target tello_msgs__rosidl_typesupport_c__pyext
[0.844s] running egg_info
[0.844s] writing tello_msgs.egg-info/PKG-INFO
[0.844s] writing dependency_links to tello_msgs.egg-info/dependency_links.txt
[0.845s] writing top-level names to tello_msgs.egg-info/top_level.txt
[0.850s] reading manifest file 'tello_msgs.egg-info/SOURCES.txt'
[0.852s] writing manifest file 'tello_msgs.egg-info/SOURCES.txt'
[0.892s] [100%] Built target ament_cmake_python_build_tello_msgs_egg
[0.915s] Invoked command in '/home/slaven/tello_ros_ws/build/tello_msgs' returned '0': CMAKE_PREFIX_PATH=${CMAKE_PREFIX_PATH}:/home/slaven/tello_ros_ws/install/tello_pilot:/home/slaven/tello_ros_ws/install/ros2_aruco:/home/slaven/tello_ros_ws/install/p_controller:/opt/ros/humble /usr/bin/cmake --build /home/slaven/tello_ros_ws/build/tello_msgs -- -j2 -l2
[1.101s] Invoking command in '/home/slaven/tello_ros_ws/build/tello_msgs': CMAKE_PREFIX_PATH=${CMAKE_PREFIX_PATH}:/home/slaven/tello_ros_ws/install/tello_pilot:/home/slaven/tello_ros_ws/install/ros2_aruco:/home/slaven/tello_ros_ws/install/p_controller:/opt/ros/humble /usr/bin/cmake --install /home/slaven/tello_ros_ws/build/tello_msgs
[1.118s] -- Install configuration: ""
[1.118s] -- Up-to-date: /home/slaven/tello_ros_ws/install/tello_msgs/share/ament_index/resource_index/rosidl_interfaces/tello_msgs
[1.118s] -- Up-to-date: /home/slaven/tello_ros_ws/install/tello_msgs/include/tello_msgs/tello_msgs
[1.119s] -- Up-to-date: /home/slaven/tello_ros_ws/install/tello_msgs/include/tello_msgs/tello_msgs/srv
[1.122s] -- Up-to-date: /home/slaven/tello_ros_ws/install/tello_msgs/include/tello_msgs/tello_msgs/srv/tello_action.h
[1.123s] -- Up-to-date: /home/slaven/tello_ros_ws/install/tello_msgs/include/tello_msgs/tello_msgs/srv/detail
[1.123s] -- Up-to-date: /home/slaven/tello_ros_ws/install/tello_msgs/include/tello_msgs/tello_msgs/srv/detail/tello_action__struct.h
[1.123s] -- Up-to-date: /home/slaven/tello_ros_ws/install/tello_msgs/include/tello_msgs/tello_msgs/srv/detail/tello_action__functions.h
[1.123s] -- Up-to-date: /home/slaven/tello_ros_ws/install/tello_msgs/include/tello_msgs/tello_msgs/srv/detail/tello_action__type_support.h
[1.123s] -- Up-to-date: /home/slaven/tello_ros_ws/install/tello_msgs/include/tello_msgs/tello_msgs/srv/detail/tello_action__functions.c
[1.123s] -- Up-to-date: /home/slaven/tello_ros_ws/install/tello_msgs/include/tello_msgs/tello_msgs/msg
[1.123s] -- Up-to-date: /home/slaven/tello_ros_ws/install/tello_msgs/include/tello_msgs/tello_msgs/msg/rosidl_generator_c__visibility_control.h
[1.123s] -- Up-to-date: /home/slaven/tello_ros_ws/install/tello_msgs/include/tello_msgs/tello_msgs/msg/flight_data.h
[1.123s] -- Up-to-date: /home/slaven/tello_ros_ws/install/tello_msgs/include/tello_msgs/tello_msgs/msg/detail
[1.123s] -- Up-to-date: /home/slaven/tello_ros_ws/install/tello_msgs/include/tello_msgs/tello_msgs/msg/detail/flight_data__functions.h
[1.123s] -- Up-to-date: /home/slaven/tello_ros_ws/install/tello_msgs/include/tello_msgs/tello_msgs/msg/detail/tello_response__struct.h
[1.123s] -- Up-to-date: /home/slaven/tello_ros_ws/install/tello_msgs/include/tello_msgs/tello_msgs/msg/detail/tello_response__type_support.h
[1.123s] -- Up-to-date: /home/slaven/tello_ros_ws/install/tello_msgs/include/tello_msgs/tello_msgs/msg/detail/flight_data__functions.c
[1.123s] -- Up-to-date: /home/slaven/tello_ros_ws/install/tello_msgs/include/tello_msgs/tello_msgs/msg/detail/flight_data__type_support.h
[1.123s] -- Up-to-date: /home/slaven/tello_ros_ws/install/tello_msgs/include/tello_msgs/tello_msgs/msg/detail/tello_response__functions.h
[1.124s] -- Up-to-date: /home/slaven/tello_ros_ws/install/tello_msgs/include/tello_msgs/tello_msgs/msg/detail/flight_data__struct.h
[1.124s] -- Up-to-date: /home/slaven/tello_ros_ws/install/tello_msgs/include/tello_msgs/tello_msgs/msg/detail/tello_response__functions.c
[1.124s] -- Up-to-date: /home/slaven/tello_ros_ws/install/tello_msgs/include/tello_msgs/tello_msgs/msg/tello_response.h
[1.124s] -- Up-to-date: /home/slaven/tello_ros_ws/install/tello_msgs/share/tello_msgs/environment/library_path.sh
[1.124s] -- Up-to-date: /home/slaven/tello_ros_ws/install/tello_msgs/share/tello_msgs/environment/library_path.dsv
[1.124s] -- Up-to-date: /home/slaven/tello_ros_ws/install/tello_msgs/lib/libtello_msgs__rosidl_generator_c.so
[1.124s] -- Up-to-date: /home/slaven/tello_ros_ws/install/tello_msgs/include/tello_msgs/tello_msgs
[1.124s] -- Up-to-date: /home/slaven/tello_ros_ws/install/tello_msgs/include/tello_msgs/tello_msgs/srv
[1.124s] -- Up-to-date: /home/slaven/tello_ros_ws/install/tello_msgs/include/tello_msgs/tello_msgs/srv/detail
[1.124s] -- Up-to-date: /home/slaven/tello_ros_ws/install/tello_msgs/include/tello_msgs/tello_msgs/srv/detail/tello_action__rosidl_typesupport_fastrtps_c.h
[1.124s] -- Up-to-date: /home/slaven/tello_ros_ws/install/tello_msgs/include/tello_msgs/tello_msgs/msg
[1.124s] -- Up-to-date: /home/slaven/tello_ros_ws/install/tello_msgs/include/tello_msgs/tello_msgs/msg/rosidl_typesupport_fastrtps_c__visibility_control.h
[1.124s] -- Up-to-date: /home/slaven/tello_ros_ws/install/tello_msgs/include/tello_msgs/tello_msgs/msg/detail
[1.124s] -- Up-to-date: /home/slaven/tello_ros_ws/install/tello_msgs/include/tello_msgs/tello_msgs/msg/detail/flight_data__rosidl_typesupport_fastrtps_c.h
[1.124s] -- Up-to-date: /home/slaven/tello_ros_ws/install/tello_msgs/include/tello_msgs/tello_msgs/msg/detail/tello_response__rosidl_typesupport_fastrtps_c.h
[1.124s] -- Up-to-date: /home/slaven/tello_ros_ws/install/tello_msgs/lib/libtello_msgs__rosidl_typesupport_fastrtps_c.so
[1.124s] -- Up-to-date: /home/slaven/tello_ros_ws/install/tello_msgs/include/tello_msgs/tello_msgs
[1.124s] -- Up-to-date: /home/slaven/tello_ros_ws/install/tello_msgs/include/tello_msgs/tello_msgs/srv
[1.125s] -- Up-to-date: /home/slaven/tello_ros_ws/install/tello_msgs/include/tello_msgs/tello_msgs/srv/detail
[1.125s] -- Up-to-date: /home/slaven/tello_ros_ws/install/tello_msgs/include/tello_msgs/tello_msgs/srv/detail/tello_action__rosidl_typesupport_introspection_c.h
[1.125s] -- Up-to-date: /home/slaven/tello_ros_ws/install/tello_msgs/include/tello_msgs/tello_msgs/srv/detail/tello_action__type_support.c
[1.125s] -- Up-to-date: /home/slaven/tello_ros_ws/install/tello_msgs/include/tello_msgs/tello_msgs/msg
[1.125s] -- Up-to-date: /home/slaven/tello_ros_ws/install/tello_msgs/include/tello_msgs/tello_msgs/msg/rosidl_typesupport_introspection_c__visibility_control.h
[1.125s] -- Up-to-date: /home/slaven/tello_ros_ws/install/tello_msgs/include/tello_msgs/tello_msgs/msg/detail
[1.126s] -- Up-to-date: /home/slaven/tello_ros_ws/install/tello_msgs/include/tello_msgs/tello_msgs/msg/detail/tello_response__rosidl_typesupport_introspection_c.h
[1.127s] -- Up-to-date: /home/slaven/tello_ros_ws/install/tello_msgs/include/tello_msgs/tello_msgs/msg/detail/flight_data__type_support.c
[1.127s] -- Up-to-date: /home/slaven/tello_ros_ws/install/tello_msgs/include/tello_msgs/tello_msgs/msg/detail/flight_data__rosidl_typesupport_introspection_c.h
[1.127s] -- Up-to-date: /home/slaven/tello_ros_ws/install/tello_msgs/include/tello_msgs/tello_msgs/msg/detail/tello_response__type_support.c
[1.127s] -- Up-to-date: /home/slaven/tello_ros_ws/install/tello_msgs/lib/libtello_msgs__rosidl_typesupport_introspection_c.so
[1.127s] -- Up-to-date: /home/slaven/tello_ros_ws/install/tello_msgs/lib/libtello_msgs__rosidl_typesupport_c.so
[1.127s] -- Up-to-date: /home/slaven/tello_ros_ws/install/tello_msgs/include/tello_msgs/tello_msgs
[1.127s] -- Up-to-date: /home/slaven/tello_ros_ws/install/tello_msgs/include/tello_msgs/tello_msgs/srv
[1.127s] -- Up-to-date: /home/slaven/tello_ros_ws/install/tello_msgs/include/tello_msgs/tello_msgs/srv/detail
[1.127s] -- Up-to-date: /home/slaven/tello_ros_ws/install/tello_msgs/include/tello_msgs/tello_msgs/srv/detail/tello_action__struct.hpp
[1.127s] -- Up-to-date: /home/slaven/tello_ros_ws/install/tello_msgs/include/tello_msgs/tello_msgs/srv/detail/tello_action__builder.hpp
[1.127s] -- Up-to-date: /home/slaven/tello_ros_ws/install/tello_msgs/include/tello_msgs/tello_msgs/srv/detail/tello_action__traits.hpp
[1.127s] -- Up-to-date: /home/slaven/tello_ros_ws/install/tello_msgs/include/tello_msgs/tello_msgs/srv/tello_action.hpp
[1.127s] -- Up-to-date: /home/slaven/tello_ros_ws/install/tello_msgs/include/tello_msgs/tello_msgs/msg
[1.127s] -- Up-to-date: /home/slaven/tello_ros_ws/install/tello_msgs/include/tello_msgs/tello_msgs/msg/tello_response.hpp
[1.127s] -- Up-to-date: /home/slaven/tello_ros_ws/install/tello_msgs/include/tello_msgs/tello_msgs/msg/detail
[1.127s] -- Up-to-date: /home/slaven/tello_ros_ws/install/tello_msgs/include/tello_msgs/tello_msgs/msg/detail/tello_response__builder.hpp
[1.127s] -- Up-to-date: /home/slaven/tello_ros_ws/install/tello_msgs/include/tello_msgs/tello_msgs/msg/detail/flight_data__struct.hpp
[1.128s] -- Up-to-date: /home/slaven/tello_ros_ws/install/tello_msgs/include/tello_msgs/tello_msgs/msg/detail/tello_response__struct.hpp
[1.128s] -- Up-to-date: /home/slaven/tello_ros_ws/install/tello_msgs/include/tello_msgs/tello_msgs/msg/detail/flight_data__builder.hpp
[1.128s] -- Up-to-date: /home/slaven/tello_ros_ws/install/tello_msgs/include/tello_msgs/tello_msgs/msg/detail/flight_data__traits.hpp
[1.128s] -- Up-to-date: /home/slaven/tello_ros_ws/install/tello_msgs/include/tello_msgs/tello_msgs/msg/detail/tello_response__traits.hpp
[1.128s] -- Up-to-date: /home/slaven/tello_ros_ws/install/tello_msgs/include/tello_msgs/tello_msgs/msg/flight_data.hpp
[1.128s] -- Up-to-date: /home/slaven/tello_ros_ws/install/tello_msgs/include/tello_msgs/tello_msgs
[1.128s] -- Up-to-date: /home/slaven/tello_ros_ws/install/tello_msgs/include/tello_msgs/tello_msgs/srv
[1.128s] -- Up-to-date: /home/slaven/tello_ros_ws/install/tello_msgs/include/tello_msgs/tello_msgs/srv/detail
[1.128s] -- Up-to-date: /home/slaven/tello_ros_ws/install/tello_msgs/include/tello_msgs/tello_msgs/srv/detail/tello_action__rosidl_typesupport_fastrtps_cpp.hpp
[1.128s] -- Up-to-date: /home/slaven/tello_ros_ws/install/tello_msgs/include/tello_msgs/tello_msgs/srv/detail/dds_fastrtps
[1.128s] -- Up-to-date: /home/slaven/tello_ros_ws/install/tello_msgs/include/tello_msgs/tello_msgs/msg
[1.128s] -- Up-to-date: /home/slaven/tello_ros_ws/install/tello_msgs/include/tello_msgs/tello_msgs/msg/detail
[1.128s] -- Up-to-date: /home/slaven/tello_ros_ws/install/tello_msgs/include/tello_msgs/tello_msgs/msg/detail/tello_response__rosidl_typesupport_fastrtps_cpp.hpp
[1.128s] -- Up-to-date: /home/slaven/tello_ros_ws/install/tello_msgs/include/tello_msgs/tello_msgs/msg/detail/flight_data__rosidl_typesupport_fastrtps_cpp.hpp
[1.128s] -- Up-to-date: /home/slaven/tello_ros_ws/install/tello_msgs/include/tello_msgs/tello_msgs/msg/detail/dds_fastrtps
[1.128s] -- Up-to-date: /home/slaven/tello_ros_ws/install/tello_msgs/include/tello_msgs/tello_msgs/msg/rosidl_typesupport_fastrtps_cpp__visibility_control.h
[1.128s] -- Up-to-date: /home/slaven/tello_ros_ws/install/tello_msgs/lib/libtello_msgs__rosidl_typesupport_fastrtps_cpp.so
[1.128s] -- Up-to-date: /home/slaven/tello_ros_ws/install/tello_msgs/include/tello_msgs/tello_msgs
[1.129s] -- Up-to-date: /home/slaven/tello_ros_ws/install/tello_msgs/include/tello_msgs/tello_msgs/srv
[1.129s] -- Up-to-date: /home/slaven/tello_ros_ws/install/tello_msgs/include/tello_msgs/tello_msgs/srv/detail
[1.129s] -- Up-to-date: /home/slaven/tello_ros_ws/install/tello_msgs/include/tello_msgs/tello_msgs/srv/detail/tello_action__type_support.cpp
[1.129s] -- Up-to-date: /home/slaven/tello_ros_ws/install/tello_msgs/include/tello_msgs/tello_msgs/srv/detail/tello_action__rosidl_typesupport_introspection_cpp.hpp
[1.129s] -- Up-to-date: /home/slaven/tello_ros_ws/install/tello_msgs/include/tello_msgs/tello_msgs/msg
[1.129s] -- Up-to-date: /home/slaven/tello_ros_ws/install/tello_msgs/include/tello_msgs/tello_msgs/msg/detail
[1.129s] -- Up-to-date: /home/slaven/tello_ros_ws/install/tello_msgs/include/tello_msgs/tello_msgs/msg/detail/flight_data__type_support.cpp
[1.129s] -- Up-to-date: /home/slaven/tello_ros_ws/install/tello_msgs/include/tello_msgs/tello_msgs/msg/detail/tello_response__type_support.cpp
[1.129s] -- Up-to-date: /home/slaven/tello_ros_ws/install/tello_msgs/include/tello_msgs/tello_msgs/msg/detail/flight_data__rosidl_typesupport_introspection_cpp.hpp
[1.129s] -- Up-to-date: /home/slaven/tello_ros_ws/install/tello_msgs/include/tello_msgs/tello_msgs/msg/detail/tello_response__rosidl_typesupport_introspection_cpp.hpp
[1.129s] -- Up-to-date: /home/slaven/tello_ros_ws/install/tello_msgs/lib/libtello_msgs__rosidl_typesupport_introspection_cpp.so
[1.129s] -- Up-to-date: /home/slaven/tello_ros_ws/install/tello_msgs/lib/libtello_msgs__rosidl_typesupport_cpp.so
[1.129s] -- Up-to-date: /home/slaven/tello_ros_ws/install/tello_msgs/share/tello_msgs/environment/pythonpath.sh
[1.129s] -- Up-to-date: /home/slaven/tello_ros_ws/install/tello_msgs/share/tello_msgs/environment/pythonpath.dsv
[1.129s] -- Up-to-date: /home/slaven/tello_ros_ws/install/tello_msgs/local/lib/python3.10/dist-packages/tello_msgs-0.1.0-py3.10.egg-info
[1.129s] -- Installing: /home/slaven/tello_ros_ws/install/tello_msgs/local/lib/python3.10/dist-packages/tello_msgs-0.1.0-py3.10.egg-info/top_level.txt
[1.129s] -- Installing: /home/slaven/tello_ros_ws/install/tello_msgs/local/lib/python3.10/dist-packages/tello_msgs-0.1.0-py3.10.egg-info/PKG-INFO
[1.129s] -- Installing: /home/slaven/tello_ros_ws/install/tello_msgs/local/lib/python3.10/dist-packages/tello_msgs-0.1.0-py3.10.egg-info/SOURCES.txt
[1.130s] -- Installing: /home/slaven/tello_ros_ws/install/tello_msgs/local/lib/python3.10/dist-packages/tello_msgs-0.1.0-py3.10.egg-info/dependency_links.txt
[1.130s] -- Up-to-date: /home/slaven/tello_ros_ws/install/tello_msgs/local/lib/python3.10/dist-packages/tello_msgs
[1.130s] -- Up-to-date: /home/slaven/tello_ros_ws/install/tello_msgs/local/lib/python3.10/dist-packages/tello_msgs/_tello_msgs_s.ep.rosidl_typesupport_introspection_c.c
[1.130s] -- Up-to-date: /home/slaven/tello_ros_ws/install/tello_msgs/local/lib/python3.10/dist-packages/tello_msgs/srv
[1.130s] -- Up-to-date: /home/slaven/tello_ros_ws/install/tello_msgs/local/lib/python3.10/dist-packages/tello_msgs/srv/__init__.py
[1.130s] -- Up-to-date: /home/slaven/tello_ros_ws/install/tello_msgs/local/lib/python3.10/dist-packages/tello_msgs/srv/_tello_action_s.c
[1.130s] -- Up-to-date: /home/slaven/tello_ros_ws/install/tello_msgs/local/lib/python3.10/dist-packages/tello_msgs/srv/_tello_action.py
[1.130s] -- Up-to-date: /home/slaven/tello_ros_ws/install/tello_msgs/local/lib/python3.10/dist-packages/tello_msgs/__init__.py
[1.130s] -- Up-to-date: /home/slaven/tello_ros_ws/install/tello_msgs/local/lib/python3.10/dist-packages/tello_msgs/tello_msgs_s__rosidl_typesupport_fastrtps_c.cpython-310-x86_64-linux-gnu.so
[1.130s] -- Up-to-date: /home/slaven/tello_ros_ws/install/tello_msgs/local/lib/python3.10/dist-packages/tello_msgs/_tello_msgs_s.ep.rosidl_typesupport_fastrtps_c.c
[1.130s] -- Up-to-date: /home/slaven/tello_ros_ws/install/tello_msgs/local/lib/python3.10/dist-packages/tello_msgs/libtello_msgs__rosidl_generator_py.so
[1.130s] -- Up-to-date: /home/slaven/tello_ros_ws/install/tello_msgs/local/lib/python3.10/dist-packages/tello_msgs/_tello_msgs_s.ep.rosidl_typesupport_c.c
[1.130s] -- Up-to-date: /home/slaven/tello_ros_ws/install/tello_msgs/local/lib/python3.10/dist-packages/tello_msgs/tello_msgs_s__rosidl_typesupport_c.cpython-310-x86_64-linux-gnu.so
[1.130s] -- Up-to-date: /home/slaven/tello_ros_ws/install/tello_msgs/local/lib/python3.10/dist-packages/tello_msgs/msg
[1.130s] -- Up-to-date: /home/slaven/tello_ros_ws/install/tello_msgs/local/lib/python3.10/dist-packages/tello_msgs/msg/__init__.py
[1.130s] -- Up-to-date: /home/slaven/tello_ros_ws/install/tello_msgs/local/lib/python3.10/dist-packages/tello_msgs/msg/_flight_data_s.c
[1.130s] -- Up-to-date: /home/slaven/tello_ros_ws/install/tello_msgs/local/lib/python3.10/dist-packages/tello_msgs/msg/_tello_response_s.c
[1.131s] -- Up-to-date: /home/slaven/tello_ros_ws/install/tello_msgs/local/lib/python3.10/dist-packages/tello_msgs/msg/_flight_data.py
[1.131s] -- Up-to-date: /home/slaven/tello_ros_ws/install/tello_msgs/local/lib/python3.10/dist-packages/tello_msgs/msg/_tello_response.py
[1.131s] -- Up-to-date: /home/slaven/tello_ros_ws/install/tello_msgs/local/lib/python3.10/dist-packages/tello_msgs/tello_msgs_s__rosidl_typesupport_introspection_c.cpython-310-x86_64-linux-gnu.so
[1.170s] Listing '/home/slaven/tello_ros_ws/install/tello_msgs/local/lib/python3.10/dist-packages/tello_msgs'...
[1.170s] Listing '/home/slaven/tello_ros_ws/install/tello_msgs/local/lib/python3.10/dist-packages/tello_msgs/msg'...
[1.170s] Listing '/home/slaven/tello_ros_ws/install/tello_msgs/local/lib/python3.10/dist-packages/tello_msgs/srv'...
[1.173s] -- Up-to-date: /home/slaven/tello_ros_ws/install/tello_msgs/local/lib/python3.10/dist-packages/tello_msgs/tello_msgs_s__rosidl_typesupport_fastrtps_c.cpython-310-x86_64-linux-gnu.so
[1.174s] -- Up-to-date: /home/slaven/tello_ros_ws/install/tello_msgs/local/lib/python3.10/dist-packages/tello_msgs/tello_msgs_s__rosidl_typesupport_introspection_c.cpython-310-x86_64-linux-gnu.so
[1.174s] -- Up-to-date: /home/slaven/tello_ros_ws/install/tello_msgs/local/lib/python3.10/dist-packages/tello_msgs/tello_msgs_s__rosidl_typesupport_c.cpython-310-x86_64-linux-gnu.so
[1.174s] -- Up-to-date: /home/slaven/tello_ros_ws/install/tello_msgs/lib/libtello_msgs__rosidl_generator_py.so
[1.174s] -- Up-to-date: /home/slaven/tello_ros_ws/install/tello_msgs/share/tello_msgs/msg/FlightData.idl
[1.174s] -- Up-to-date: /home/slaven/tello_ros_ws/install/tello_msgs/share/tello_msgs/msg/TelloResponse.idl
[1.175s] -- Up-to-date: /home/slaven/tello_ros_ws/install/tello_msgs/share/tello_msgs/srv/TelloAction.idl
[1.175s] -- Up-to-date: /home/slaven/tello_ros_ws/install/tello_msgs/share/tello_msgs/msg/FlightData.msg
[1.175s] -- Up-to-date: /home/slaven/tello_ros_ws/install/tello_msgs/share/tello_msgs/msg/TelloResponse.msg
[1.175s] -- Up-to-date: /home/slaven/tello_ros_ws/install/tello_msgs/share/tello_msgs/srv/TelloAction.srv
[1.175s] -- Up-to-date: /home/slaven/tello_ros_ws/install/tello_msgs/share/tello_msgs/srv/TelloAction_Request.msg
[1.175s] -- Up-to-date: /home/slaven/tello_ros_ws/install/tello_msgs/share/tello_msgs/srv/TelloAction_Response.msg
[1.175s] -- Up-to-date: /home/slaven/tello_ros_ws/install/tello_msgs/share/ament_index/resource_index/package_run_dependencies/tello_msgs
[1.175s] -- Up-to-date: /home/slaven/tello_ros_ws/install/tello_msgs/share/ament_index/resource_index/parent_prefix_path/tello_msgs
[1.175s] -- Up-to-date: /home/slaven/tello_ros_ws/install/tello_msgs/share/tello_msgs/environment/ament_prefix_path.sh
[1.176s] -- Up-to-date: /home/slaven/tello_ros_ws/install/tello_msgs/share/tello_msgs/environment/ament_prefix_path.dsv
[1.176s] -- Up-to-date: /home/slaven/tello_ros_ws/install/tello_msgs/share/tello_msgs/environment/path.sh
[1.176s] -- Up-to-date: /home/slaven/tello_ros_ws/install/tello_msgs/share/tello_msgs/environment/path.dsv
[1.176s] -- Up-to-date: /home/slaven/tello_ros_ws/install/tello_msgs/share/tello_msgs/local_setup.bash
[1.176s] -- Up-to-date: /home/slaven/tello_ros_ws/install/tello_msgs/share/tello_msgs/local_setup.sh
[1.177s] -- Up-to-date: /home/slaven/tello_ros_ws/install/tello_msgs/share/tello_msgs/local_setup.zsh
[1.178s] -- Up-to-date: /home/slaven/tello_ros_ws/install/tello_msgs/share/tello_msgs/local_setup.dsv
[1.178s] -- Installing: /home/slaven/tello_ros_ws/install/tello_msgs/share/tello_msgs/package.dsv
[1.178s] -- Up-to-date: /home/slaven/tello_ros_ws/install/tello_msgs/share/ament_index/resource_index/packages/tello_msgs
[1.178s] -- Up-to-date: /home/slaven/tello_ros_ws/install/tello_msgs/share/tello_msgs/cmake/export_tello_msgs__rosidl_generator_cExport.cmake
[1.179s] -- Up-to-date: /home/slaven/tello_ros_ws/install/tello_msgs/share/tello_msgs/cmake/export_tello_msgs__rosidl_generator_cExport-noconfig.cmake
[1.179s] -- Up-to-date: /home/slaven/tello_ros_ws/install/tello_msgs/share/tello_msgs/cmake/export_tello_msgs__rosidl_typesupport_fastrtps_cExport.cmake
[1.179s] -- Up-to-date: /home/slaven/tello_ros_ws/install/tello_msgs/share/tello_msgs/cmake/export_tello_msgs__rosidl_typesupport_fastrtps_cExport-noconfig.cmake
[1.179s] -- Up-to-date: /home/slaven/tello_ros_ws/install/tello_msgs/share/tello_msgs/cmake/tello_msgs__rosidl_typesupport_introspection_cExport.cmake
[1.179s] -- Up-to-date: /home/slaven/tello_ros_ws/install/tello_msgs/share/tello_msgs/cmake/tello_msgs__rosidl_typesupport_introspection_cExport-noconfig.cmake
[1.179s] -- Up-to-date: /home/slaven/tello_ros_ws/install/tello_msgs/share/tello_msgs/cmake/tello_msgs__rosidl_typesupport_cExport.cmake
[1.180s] -- Up-to-date: /home/slaven/tello_ros_ws/install/tello_msgs/share/tello_msgs/cmake/tello_msgs__rosidl_typesupport_cExport-noconfig.cmake
[1.180s] -- Up-to-date: /home/slaven/tello_ros_ws/install/tello_msgs/share/tello_msgs/cmake/export_tello_msgs__rosidl_generator_cppExport.cmake
[1.180s] -- Up-to-date: /home/slaven/tello_ros_ws/install/tello_msgs/share/tello_msgs/cmake/export_tello_msgs__rosidl_typesupport_fastrtps_cppExport.cmake
[1.180s] -- Up-to-date: /home/slaven/tello_ros_ws/install/tello_msgs/share/tello_msgs/cmake/export_tello_msgs__rosidl_typesupport_fastrtps_cppExport-noconfig.cmake
[1.180s] -- Up-to-date: /home/slaven/tello_ros_ws/install/tello_msgs/share/tello_msgs/cmake/tello_msgs__rosidl_typesupport_introspection_cppExport.cmake
[1.180s] -- Up-to-date: /home/slaven/tello_ros_ws/install/tello_msgs/share/tello_msgs/cmake/tello_msgs__rosidl_typesupport_introspection_cppExport-noconfig.cmake
[1.181s] -- Up-to-date: /home/slaven/tello_ros_ws/install/tello_msgs/share/tello_msgs/cmake/tello_msgs__rosidl_typesupport_cppExport.cmake
[1.181s] -- Up-to-date: /home/slaven/tello_ros_ws/install/tello_msgs/share/tello_msgs/cmake/tello_msgs__rosidl_typesupport_cppExport-noconfig.cmake
[1.181s] -- Up-to-date: /home/slaven/tello_ros_ws/install/tello_msgs/share/tello_msgs/cmake/export_tello_msgs__rosidl_generator_pyExport.cmake
[1.181s] -- Up-to-date: /home/slaven/tello_ros_ws/install/tello_msgs/share/tello_msgs/cmake/export_tello_msgs__rosidl_generator_pyExport-noconfig.cmake
[1.181s] -- Up-to-date: /home/slaven/tello_ros_ws/install/tello_msgs/share/tello_msgs/cmake/rosidl_cmake-extras.cmake
[1.181s] -- Up-to-date: /home/slaven/tello_ros_ws/install/tello_msgs/share/tello_msgs/cmake/ament_cmake_export_dependencies-extras.cmake
[1.182s] -- Up-to-date: /home/slaven/tello_ros_ws/install/tello_msgs/share/tello_msgs/cmake/ament_cmake_export_include_directories-extras.cmake
[1.182s] -- Up-to-date: /home/slaven/tello_ros_ws/install/tello_msgs/share/tello_msgs/cmake/ament_cmake_export_libraries-extras.cmake
[1.182s] -- Up-to-date: /home/slaven/tello_ros_ws/install/tello_msgs/share/tello_msgs/cmake/ament_cmake_export_targets-extras.cmake
[1.182s] -- Up-to-date: /home/slaven/tello_ros_ws/install/tello_msgs/share/tello_msgs/cmake/rosidl_cmake_export_typesupport_targets-extras.cmake
[1.182s] -- Up-to-date: /home/slaven/tello_ros_ws/install/tello_msgs/share/tello_msgs/cmake/rosidl_cmake_export_typesupport_libraries-extras.cmake
[1.182s] -- Up-to-date: /home/slaven/tello_ros_ws/install/tello_msgs/share/tello_msgs/cmake/tello_msgsConfig.cmake
[1.182s] -- Up-to-date: /home/slaven/tello_ros_ws/install/tello_msgs/share/tello_msgs/cmake/tello_msgsConfig-version.cmake
[1.182s] -- Up-to-date: /home/slaven/tello_ros_ws/install/tello_msgs/share/tello_msgs/package.xml
[1.186s] Invoked command in '/home/slaven/tello_ros_ws/build/tello_msgs' returned '0': CMAKE_PREFIX_PATH=${CMAKE_PREFIX_PATH}:/home/slaven/tello_ros_ws/install/tello_pilot:/home/slaven/tello_ros_ws/install/ros2_aruco:/home/slaven/tello_ros_ws/install/p_controller:/opt/ros/humble /usr/bin/cmake --install /home/slaven/tello_ros_ws/build/tello_msgs
