[0.867s] Invoking command in '/home/slaven/tello_ros_ws/src/p_controller': PYTHONPATH=/home/slaven/tello_ros_ws/build/p_controller/prefix_override:/home/slaven/tello_ros_ws/install/p_controller/lib/python3.10/site-packages:${PYTHONPATH} /usr/bin/python3 -W ignore:setup.py install is deprecated setup.py egg_info --egg-base ../../build/p_controller build --build-base /home/slaven/tello_ros_ws/build/p_controller/build install --record /home/slaven/tello_ros_ws/build/p_controller/install.log --single-version-externally-managed install_data
[1.182s] running egg_info
[1.183s] writing ../../build/p_controller/p_controller.egg-info/PKG-INFO
[1.184s] writing dependency_links to ../../build/p_controller/p_controller.egg-info/dependency_links.txt
[1.184s] writing entry points to ../../build/p_controller/p_controller.egg-info/entry_points.txt
[1.184s] writing requirements to ../../build/p_controller/p_controller.egg-info/requires.txt
[1.184s] writing top-level names to ../../build/p_controller/p_controller.egg-info/top_level.txt
[1.186s] reading manifest file '../../build/p_controller/p_controller.egg-info/SOURCES.txt'
[1.186s] adding license file 'LICENSE'
[1.187s] writing manifest file '../../build/p_controller/p_controller.egg-info/SOURCES.txt'
[1.187s] running build
[1.187s] running build_py
[1.188s] running install
[1.188s] running install_lib
[1.189s] running install_data
[1.189s] running install_egg_info
[1.191s] removing '/home/slaven/tello_ros_ws/install/p_controller/lib/python3.10/site-packages/p_controller-0.0.0-py3.10.egg-info' (and everything under it)
[1.191s] Copying ../../build/p_controller/p_controller.egg-info to /home/slaven/tello_ros_ws/install/p_controller/lib/python3.10/site-packages/p_controller-0.0.0-py3.10.egg-info
[1.192s] running install_scripts
[1.236s] Installing p_controller script to /home/slaven/tello_ros_ws/install/p_controller/lib/p_controller
[1.236s] writing list of installed files to '/home/slaven/tello_ros_ws/build/p_controller/install.log'
[1.272s] Invoked command in '/home/slaven/tello_ros_ws/src/p_controller' returned '0': PYTHONPATH=/home/slaven/tello_ros_ws/build/p_controller/prefix_override:/home/slaven/tello_ros_ws/install/p_controller/lib/python3.10/site-packages:${PYTHONPATH} /usr/bin/python3 -W ignore:setup.py install is deprecated setup.py egg_info --egg-base ../../build/p_controller build --build-base /home/slaven/tello_ros_ws/build/p_controller/build install --record /home/slaven/tello_ros_ws/build/p_controller/install.log --single-version-externally-managed install_data
