[1.091s] Invoking command in '/home/slaven/tello_ros_ws/src/p_controller': PYTHONPATH=/home/slaven/tello_ros_ws/build/p_controller/prefix_override:/home/slaven/tello_ros_ws/install/p_controller/lib/python3.10/site-packages:${PYTHONPATH} /usr/bin/python3 -W ignore:setup.py install is deprecated setup.py egg_info --egg-base ../../build/p_controller build --build-base /home/slaven/tello_ros_ws/build/p_controller/build install --record /home/slaven/tello_ros_ws/build/p_controller/install.log --single-version-externally-managed install_data
[1.483s] running egg_info
[1.484s] writing ../../build/p_controller/p_controller.egg-info/PKG-INFO
[1.485s] writing dependency_links to ../../build/p_controller/p_controller.egg-info/dependency_links.txt
[1.485s] writing entry points to ../../build/p_controller/p_controller.egg-info/entry_points.txt
[1.486s] writing requirements to ../../build/p_controller/p_controller.egg-info/requires.txt
[1.486s] writing top-level names to ../../build/p_controller/p_controller.egg-info/top_level.txt
[1.494s] reading manifest file '../../build/p_controller/p_controller.egg-info/SOURCES.txt'
[1.496s] adding license file 'LICENSE'
[1.497s] writing manifest file '../../build/p_controller/p_controller.egg-info/SOURCES.txt'
[1.497s] running build
[1.501s] running build_py
[1.502s] running install
[1.504s] running install_lib
[1.512s] running install_data
[1.514s] running install_egg_info
[1.514s] removing '/home/slaven/tello_ros_ws/install/p_controller/lib/python3.10/site-packages/p_controller-0.0.0-py3.10.egg-info' (and everything under it)
[1.515s] Copying ../../build/p_controller/p_controller.egg-info to /home/slaven/tello_ros_ws/install/p_controller/lib/python3.10/site-packages/p_controller-0.0.0-py3.10.egg-info
[1.516s] running install_scripts
[1.536s] Installing p_controller script to /home/slaven/tello_ros_ws/install/p_controller/lib/p_controller
[1.537s] writing list of installed files to '/home/slaven/tello_ros_ws/build/p_controller/install.log'
[1.577s] Invoked command in '/home/slaven/tello_ros_ws/src/p_controller' returned '0': PYTHONPATH=/home/slaven/tello_ros_ws/build/p_controller/prefix_override:/home/slaven/tello_ros_ws/install/p_controller/lib/python3.10/site-packages:${PYTHONPATH} /usr/bin/python3 -W ignore:setup.py install is deprecated setup.py egg_info --egg-base ../../build/p_controller build --build-base /home/slaven/tello_ros_ws/build/p_controller/build install --record /home/slaven/tello_ros_ws/build/p_controller/install.log --single-version-externally-managed install_data
