[0.052s] Invoking command in '/home/slaven/tello_ros_ws/build/tello_msgs': CMAKE_PREFIX_PATH=${CMAKE_PREFIX_PATH}:/home/slaven/tello_ros_ws/install/tello_pilot:/home/slaven/tello_ros_ws/install/ros2_aruco:/home/slaven/tello_ros_ws/install/p_controller:/opt/ros/humble /usr/bin/cmake --build /home/slaven/tello_ros_ws/build/tello_msgs -- -j2 -l2
[0.220s] [  2%] Built target tello_msgs__cpp
[0.234s] [ 12%] Built target tello_msgs__rosidl_generator_c
[0.314s] [ 23%] Built target tello_msgs__rosidl_typesupport_cpp
[0.315s] [ 23%] Built target ament_cmake_python_copy_tello_msgs
[0.382s] [ 34%] Built target tello_msgs__rosidl_typesupport_fastrtps_c
[0.386s] [ 44%] Built target tello_msgs__rosidl_typesupport_introspection_c
[0.474s] [ 55%] Built target tello_msgs__rosidl_typesupport_c
[0.489s] [ 65%] Built target tello_msgs__rosidl_typesupport_fastrtps_cpp
[0.640s] [ 76%] Built target tello_msgs__rosidl_typesupport_introspection_cpp
[0.711s] [ 76%] Built target tello_msgs
[0.793s] [ 78%] Built target tello_msgs__py
[0.948s] [ 87%] Built target tello_msgs__rosidl_generator_py
[1.010s] running egg_info
[1.010s] writing tello_msgs.egg-info/PKG-INFO
[1.011s] writing dependency_links to tello_msgs.egg-info/dependency_links.txt
[1.011s] writing top-level names to tello_msgs.egg-info/top_level.txt
[1.018s] reading manifest file 'tello_msgs.egg-info/SOURCES.txt'
[1.020s] [ 91%] Built target tello_msgs__rosidl_typesupport_fastrtps_c__pyext
[1.021s] writing manifest file 'tello_msgs.egg-info/SOURCES.txt'
[1.074s] [ 91%] Built target ament_cmake_python_build_tello_msgs_egg
[1.099s] [ 95%] Built target tello_msgs__rosidl_typesupport_introspection_c__pyext
[1.132s] [100%] Built target tello_msgs__rosidl_typesupport_c__pyext
[1.181s] Invoked command in '/home/slaven/tello_ros_ws/build/tello_msgs' returned '0': CMAKE_PREFIX_PATH=${CMAKE_PREFIX_PATH}:/home/slaven/tello_ros_ws/install/tello_pilot:/home/slaven/tello_ros_ws/install/ros2_aruco:/home/slaven/tello_ros_ws/install/p_controller:/opt/ros/humble /usr/bin/cmake --build /home/slaven/tello_ros_ws/build/tello_msgs -- -j2 -l2
[1.313s] Invoking command in '/home/slaven/tello_ros_ws/build/tello_msgs': CMAKE_PREFIX_PATH=${CMAKE_PREFIX_PATH}:/home/slaven/tello_ros_ws/install/tello_pilot:/home/slaven/tello_ros_ws/install/ros2_aruco:/home/slaven/tello_ros_ws/install/p_controller:/opt/ros/humble /usr/bin/cmake --install /home/slaven/tello_ros_ws/build/tello_msgs
[1.314s] -- Install configuration: ""
[1.315s] -- Up-to-date: /home/slaven/tello_ros_ws/install/tello_msgs/share/ament_index/resource_index/rosidl_interfaces/tello_msgs
[1.315s] -- Up-to-date: /home/slaven/tello_ros_ws/install/tello_msgs/include/tello_msgs/tello_msgs
[1.315s] -- Up-to-date: /home/slaven/tello_ros_ws/install/tello_msgs/include/tello_msgs/tello_msgs/srv
[1.316s] -- Up-to-date: /home/slaven/tello_ros_ws/install/tello_msgs/include/tello_msgs/tello_msgs/srv/tello_action.h
[1.316s] -- Up-to-date: /home/slaven/tello_ros_ws/install/tello_msgs/include/tello_msgs/tello_msgs/srv/detail
[1.316s] -- Up-to-date: /home/slaven/tello_ros_ws/install/tello_msgs/include/tello_msgs/tello_msgs/srv/detail/tello_action__struct.h
[1.316s] -- Up-to-date: /home/slaven/tello_ros_ws/install/tello_msgs/include/tello_msgs/tello_msgs/srv/detail/tello_action__functions.h
[1.316s] -- Up-to-date: /home/slaven/tello_ros_ws/install/tello_msgs/include/tello_msgs/tello_msgs/srv/detail/tello_action__type_support.h
[1.316s] -- Up-to-date: /home/slaven/tello_ros_ws/install/tello_msgs/include/tello_msgs/tello_msgs/srv/detail/tello_action__functions.c
[1.316s] -- Up-to-date: /home/slaven/tello_ros_ws/install/tello_msgs/include/tello_msgs/tello_msgs/msg
[1.317s] -- Up-to-date: /home/slaven/tello_ros_ws/install/tello_msgs/include/tello_msgs/tello_msgs/msg/rosidl_generator_c__visibility_control.h
[1.317s] -- Up-to-date: /home/slaven/tello_ros_ws/install/tello_msgs/include/tello_msgs/tello_msgs/msg/flight_data.h
[1.317s] -- Up-to-date: /home/slaven/tello_ros_ws/install/tello_msgs/include/tello_msgs/tello_msgs/msg/detail
[1.317s] -- Up-to-date: /home/slaven/tello_ros_ws/install/tello_msgs/include/tello_msgs/tello_msgs/msg/detail/flight_data__functions.h
[1.317s] -- Up-to-date: /home/slaven/tello_ros_ws/install/tello_msgs/include/tello_msgs/tello_msgs/msg/detail/tello_response__struct.h
[1.317s] -- Up-to-date: /home/slaven/tello_ros_ws/install/tello_msgs/include/tello_msgs/tello_msgs/msg/detail/tello_response__type_support.h
[1.317s] -- Up-to-date: /home/slaven/tello_ros_ws/install/tello_msgs/include/tello_msgs/tello_msgs/msg/detail/flight_data__functions.c
[1.317s] -- Up-to-date: /home/slaven/tello_ros_ws/install/tello_msgs/include/tello_msgs/tello_msgs/msg/detail/flight_data__type_support.h
[1.317s] -- Up-to-date: /home/slaven/tello_ros_ws/install/tello_msgs/include/tello_msgs/tello_msgs/msg/detail/tello_response__functions.h
[1.317s] -- Up-to-date: /home/slaven/tello_ros_ws/install/tello_msgs/include/tello_msgs/tello_msgs/msg/detail/flight_data__struct.h
[1.317s] -- Up-to-date: /home/slaven/tello_ros_ws/install/tello_msgs/include/tello_msgs/tello_msgs/msg/detail/tello_response__functions.c
[1.318s] -- Up-to-date: /home/slaven/tello_ros_ws/install/tello_msgs/include/tello_msgs/tello_msgs/msg/tello_response.h
[1.318s] -- Up-to-date: /home/slaven/tello_ros_ws/install/tello_msgs/share/tello_msgs/environment/library_path.sh
[1.318s] -- Up-to-date: /home/slaven/tello_ros_ws/install/tello_msgs/share/tello_msgs/environment/library_path.dsv
[1.319s] -- Up-to-date: /home/slaven/tello_ros_ws/install/tello_msgs/lib/libtello_msgs__rosidl_generator_c.so
[1.319s] -- Up-to-date: /home/slaven/tello_ros_ws/install/tello_msgs/include/tello_msgs/tello_msgs
[1.319s] -- Up-to-date: /home/slaven/tello_ros_ws/install/tello_msgs/include/tello_msgs/tello_msgs/srv
[1.319s] -- Up-to-date: /home/slaven/tello_ros_ws/install/tello_msgs/include/tello_msgs/tello_msgs/srv/detail
[1.319s] -- Up-to-date: /home/slaven/tello_ros_ws/install/tello_msgs/include/tello_msgs/tello_msgs/srv/detail/tello_action__rosidl_typesupport_fastrtps_c.h
[1.319s] -- Up-to-date: /home/slaven/tello_ros_ws/install/tello_msgs/include/tello_msgs/tello_msgs/msg
[1.320s] -- Up-to-date: /home/slaven/tello_ros_ws/install/tello_msgs/include/tello_msgs/tello_msgs/msg/rosidl_typesupport_fastrtps_c__visibility_control.h
[1.320s] -- Up-to-date: /home/slaven/tello_ros_ws/install/tello_msgs/include/tello_msgs/tello_msgs/msg/detail
[1.320s] -- Up-to-date: /home/slaven/tello_ros_ws/install/tello_msgs/include/tello_msgs/tello_msgs/msg/detail/flight_data__rosidl_typesupport_fastrtps_c.h
[1.320s] -- Up-to-date: /home/slaven/tello_ros_ws/install/tello_msgs/include/tello_msgs/tello_msgs/msg/detail/tello_response__rosidl_typesupport_fastrtps_c.h
[1.320s] -- Up-to-date: /home/slaven/tello_ros_ws/install/tello_msgs/lib/libtello_msgs__rosidl_typesupport_fastrtps_c.so
[1.320s] -- Up-to-date: /home/slaven/tello_ros_ws/install/tello_msgs/include/tello_msgs/tello_msgs
[1.320s] -- Up-to-date: /home/slaven/tello_ros_ws/install/tello_msgs/include/tello_msgs/tello_msgs/srv
[1.320s] -- Up-to-date: /home/slaven/tello_ros_ws/install/tello_msgs/include/tello_msgs/tello_msgs/srv/detail
[1.320s] -- Up-to-date: /home/slaven/tello_ros_ws/install/tello_msgs/include/tello_msgs/tello_msgs/srv/detail/tello_action__rosidl_typesupport_introspection_c.h
[1.321s] -- Up-to-date: /home/slaven/tello_ros_ws/install/tello_msgs/include/tello_msgs/tello_msgs/srv/detail/tello_action__type_support.c
[1.321s] -- Up-to-date: /home/slaven/tello_ros_ws/install/tello_msgs/include/tello_msgs/tello_msgs/msg
[1.321s] -- Up-to-date: /home/slaven/tello_ros_ws/install/tello_msgs/include/tello_msgs/tello_msgs/msg/rosidl_typesupport_introspection_c__visibility_control.h
[1.321s] -- Up-to-date: /home/slaven/tello_ros_ws/install/tello_msgs/include/tello_msgs/tello_msgs/msg/detail
[1.321s] -- Up-to-date: /home/slaven/tello_ros_ws/install/tello_msgs/include/tello_msgs/tello_msgs/msg/detail/tello_response__rosidl_typesupport_introspection_c.h
[1.321s] -- Up-to-date: /home/slaven/tello_ros_ws/install/tello_msgs/include/tello_msgs/tello_msgs/msg/detail/flight_data__type_support.c
[1.321s] -- Up-to-date: /home/slaven/tello_ros_ws/install/tello_msgs/include/tello_msgs/tello_msgs/msg/detail/flight_data__rosidl_typesupport_introspection_c.h
[1.321s] -- Up-to-date: /home/slaven/tello_ros_ws/install/tello_msgs/include/tello_msgs/tello_msgs/msg/detail/tello_response__type_support.c
[1.323s] -- Up-to-date: /home/slaven/tello_ros_ws/install/tello_msgs/lib/libtello_msgs__rosidl_typesupport_introspection_c.so
[1.323s] -- Up-to-date: /home/slaven/tello_ros_ws/install/tello_msgs/lib/libtello_msgs__rosidl_typesupport_c.so
[1.324s] -- Up-to-date: /home/slaven/tello_ros_ws/install/tello_msgs/include/tello_msgs/tello_msgs
[1.324s] -- Up-to-date: /home/slaven/tello_ros_ws/install/tello_msgs/include/tello_msgs/tello_msgs/srv
[1.324s] -- Up-to-date: /home/slaven/tello_ros_ws/install/tello_msgs/include/tello_msgs/tello_msgs/srv/detail
[1.324s] -- Up-to-date: /home/slaven/tello_ros_ws/install/tello_msgs/include/tello_msgs/tello_msgs/srv/detail/tello_action__struct.hpp
[1.324s] -- Up-to-date: /home/slaven/tello_ros_ws/install/tello_msgs/include/tello_msgs/tello_msgs/srv/detail/tello_action__builder.hpp
[1.324s] -- Up-to-date: /home/slaven/tello_ros_ws/install/tello_msgs/include/tello_msgs/tello_msgs/srv/detail/tello_action__traits.hpp
[1.325s] -- Up-to-date: /home/slaven/tello_ros_ws/install/tello_msgs/include/tello_msgs/tello_msgs/srv/tello_action.hpp
[1.325s] -- Up-to-date: /home/slaven/tello_ros_ws/install/tello_msgs/include/tello_msgs/tello_msgs/msg
[1.325s] -- Up-to-date: /home/slaven/tello_ros_ws/install/tello_msgs/include/tello_msgs/tello_msgs/msg/tello_response.hpp
[1.325s] -- Up-to-date: /home/slaven/tello_ros_ws/install/tello_msgs/include/tello_msgs/tello_msgs/msg/detail
[1.325s] -- Up-to-date: /home/slaven/tello_ros_ws/install/tello_msgs/include/tello_msgs/tello_msgs/msg/detail/tello_response__builder.hpp
[1.325s] -- Up-to-date: /home/slaven/tello_ros_ws/install/tello_msgs/include/tello_msgs/tello_msgs/msg/detail/flight_data__struct.hpp
[1.325s] -- Up-to-date: /home/slaven/tello_ros_ws/install/tello_msgs/include/tello_msgs/tello_msgs/msg/detail/tello_response__struct.hpp
[1.325s] -- Up-to-date: /home/slaven/tello_ros_ws/install/tello_msgs/include/tello_msgs/tello_msgs/msg/detail/flight_data__builder.hpp
[1.325s] -- Up-to-date: /home/slaven/tello_ros_ws/install/tello_msgs/include/tello_msgs/tello_msgs/msg/detail/flight_data__traits.hpp
[1.325s] -- Up-to-date: /home/slaven/tello_ros_ws/install/tello_msgs/include/tello_msgs/tello_msgs/msg/detail/tello_response__traits.hpp
[1.325s] -- Up-to-date: /home/slaven/tello_ros_ws/install/tello_msgs/include/tello_msgs/tello_msgs/msg/flight_data.hpp
[1.325s] -- Up-to-date: /home/slaven/tello_ros_ws/install/tello_msgs/include/tello_msgs/tello_msgs
[1.325s] -- Up-to-date: /home/slaven/tello_ros_ws/install/tello_msgs/include/tello_msgs/tello_msgs/srv
[1.329s] -- Up-to-date: /home/slaven/tello_ros_ws/install/tello_msgs/include/tello_msgs/tello_msgs/srv/detail
[1.329s] -- Up-to-date: /home/slaven/tello_ros_ws/install/tello_msgs/include/tello_msgs/tello_msgs/srv/detail/tello_action__rosidl_typesupport_fastrtps_cpp.hpp
[1.329s] -- Up-to-date: /home/slaven/tello_ros_ws/install/tello_msgs/include/tello_msgs/tello_msgs/srv/detail/dds_fastrtps
[1.329s] -- Up-to-date: /home/slaven/tello_ros_ws/install/tello_msgs/include/tello_msgs/tello_msgs/msg
[1.329s] -- Up-to-date: /home/slaven/tello_ros_ws/install/tello_msgs/include/tello_msgs/tello_msgs/msg/detail
[1.330s] -- Up-to-date: /home/slaven/tello_ros_ws/install/tello_msgs/include/tello_msgs/tello_msgs/msg/detail/tello_response__rosidl_typesupport_fastrtps_cpp.hpp
[1.330s] -- Up-to-date: /home/slaven/tello_ros_ws/install/tello_msgs/include/tello_msgs/tello_msgs/msg/detail/flight_data__rosidl_typesupport_fastrtps_cpp.hpp
[1.330s] -- Up-to-date: /home/slaven/tello_ros_ws/install/tello_msgs/include/tello_msgs/tello_msgs/msg/detail/dds_fastrtps
[1.330s] -- Up-to-date: /home/slaven/tello_ros_ws/install/tello_msgs/include/tello_msgs/tello_msgs/msg/rosidl_typesupport_fastrtps_cpp__visibility_control.h
[1.330s] -- Up-to-date: /home/slaven/tello_ros_ws/install/tello_msgs/lib/libtello_msgs__rosidl_typesupport_fastrtps_cpp.so
[1.330s] -- Up-to-date: /home/slaven/tello_ros_ws/install/tello_msgs/include/tello_msgs/tello_msgs
[1.330s] -- Up-to-date: /home/slaven/tello_ros_ws/install/tello_msgs/include/tello_msgs/tello_msgs/srv
[1.330s] -- Up-to-date: /home/slaven/tello_ros_ws/install/tello_msgs/include/tello_msgs/tello_msgs/srv/detail
[1.330s] -- Up-to-date: /home/slaven/tello_ros_ws/install/tello_msgs/include/tello_msgs/tello_msgs/srv/detail/tello_action__type_support.cpp
[1.330s] -- Up-to-date: /home/slaven/tello_ros_ws/install/tello_msgs/include/tello_msgs/tello_msgs/srv/detail/tello_action__rosidl_typesupport_introspection_cpp.hpp
[1.330s] -- Up-to-date: /home/slaven/tello_ros_ws/install/tello_msgs/include/tello_msgs/tello_msgs/msg
[1.330s] -- Up-to-date: /home/slaven/tello_ros_ws/install/tello_msgs/include/tello_msgs/tello_msgs/msg/detail
[1.330s] -- Up-to-date: /home/slaven/tello_ros_ws/install/tello_msgs/include/tello_msgs/tello_msgs/msg/detail/flight_data__type_support.cpp
[1.330s] -- Up-to-date: /home/slaven/tello_ros_ws/install/tello_msgs/include/tello_msgs/tello_msgs/msg/detail/tello_response__type_support.cpp
[1.330s] -- Up-to-date: /home/slaven/tello_ros_ws/install/tello_msgs/include/tello_msgs/tello_msgs/msg/detail/flight_data__rosidl_typesupport_introspection_cpp.hpp
[1.330s] -- Up-to-date: /home/slaven/tello_ros_ws/install/tello_msgs/include/tello_msgs/tello_msgs/msg/detail/tello_response__rosidl_typesupport_introspection_cpp.hpp
[1.330s] -- Up-to-date: /home/slaven/tello_ros_ws/install/tello_msgs/lib/libtello_msgs__rosidl_typesupport_introspection_cpp.so
[1.330s] -- Up-to-date: /home/slaven/tello_ros_ws/install/tello_msgs/lib/libtello_msgs__rosidl_typesupport_cpp.so
[1.330s] -- Up-to-date: /home/slaven/tello_ros_ws/install/tello_msgs/share/tello_msgs/environment/pythonpath.sh
[1.330s] -- Up-to-date: /home/slaven/tello_ros_ws/install/tello_msgs/share/tello_msgs/environment/pythonpath.dsv
[1.330s] -- Up-to-date: /home/slaven/tello_ros_ws/install/tello_msgs/local/lib/python3.10/dist-packages/tello_msgs-0.1.0-py3.10.egg-info
[1.330s] -- Installing: /home/slaven/tello_ros_ws/install/tello_msgs/local/lib/python3.10/dist-packages/tello_msgs-0.1.0-py3.10.egg-info/top_level.txt
[1.330s] -- Installing: /home/slaven/tello_ros_ws/install/tello_msgs/local/lib/python3.10/dist-packages/tello_msgs-0.1.0-py3.10.egg-info/PKG-INFO
[1.330s] -- Installing: /home/slaven/tello_ros_ws/install/tello_msgs/local/lib/python3.10/dist-packages/tello_msgs-0.1.0-py3.10.egg-info/SOURCES.txt
[1.330s] -- Installing: /home/slaven/tello_ros_ws/install/tello_msgs/local/lib/python3.10/dist-packages/tello_msgs-0.1.0-py3.10.egg-info/dependency_links.txt
[1.330s] -- Up-to-date: /home/slaven/tello_ros_ws/install/tello_msgs/local/lib/python3.10/dist-packages/tello_msgs
[1.330s] -- Up-to-date: /home/slaven/tello_ros_ws/install/tello_msgs/local/lib/python3.10/dist-packages/tello_msgs/_tello_msgs_s.ep.rosidl_typesupport_introspection_c.c
[1.330s] -- Up-to-date: /home/slaven/tello_ros_ws/install/tello_msgs/local/lib/python3.10/dist-packages/tello_msgs/srv
[1.330s] -- Up-to-date: /home/slaven/tello_ros_ws/install/tello_msgs/local/lib/python3.10/dist-packages/tello_msgs/srv/__init__.py
[1.330s] -- Up-to-date: /home/slaven/tello_ros_ws/install/tello_msgs/local/lib/python3.10/dist-packages/tello_msgs/srv/_tello_action_s.c
[1.330s] -- Up-to-date: /home/slaven/tello_ros_ws/install/tello_msgs/local/lib/python3.10/dist-packages/tello_msgs/srv/_tello_action.py
[1.330s] -- Up-to-date: /home/slaven/tello_ros_ws/install/tello_msgs/local/lib/python3.10/dist-packages/tello_msgs/__init__.py
[1.330s] -- Up-to-date: /home/slaven/tello_ros_ws/install/tello_msgs/local/lib/python3.10/dist-packages/tello_msgs/tello_msgs_s__rosidl_typesupport_fastrtps_c.cpython-310-x86_64-linux-gnu.so
[1.331s] -- Up-to-date: /home/slaven/tello_ros_ws/install/tello_msgs/local/lib/python3.10/dist-packages/tello_msgs/_tello_msgs_s.ep.rosidl_typesupport_fastrtps_c.c
[1.331s] -- Up-to-date: /home/slaven/tello_ros_ws/install/tello_msgs/local/lib/python3.10/dist-packages/tello_msgs/libtello_msgs__rosidl_generator_py.so
[1.331s] -- Up-to-date: /home/slaven/tello_ros_ws/install/tello_msgs/local/lib/python3.10/dist-packages/tello_msgs/_tello_msgs_s.ep.rosidl_typesupport_c.c
[1.331s] -- Up-to-date: /home/slaven/tello_ros_ws/install/tello_msgs/local/lib/python3.10/dist-packages/tello_msgs/tello_msgs_s__rosidl_typesupport_c.cpython-310-x86_64-linux-gnu.so
[1.331s] -- Up-to-date: /home/slaven/tello_ros_ws/install/tello_msgs/local/lib/python3.10/dist-packages/tello_msgs/msg
[1.331s] -- Up-to-date: /home/slaven/tello_ros_ws/install/tello_msgs/local/lib/python3.10/dist-packages/tello_msgs/msg/__init__.py
[1.331s] -- Up-to-date: /home/slaven/tello_ros_ws/install/tello_msgs/local/lib/python3.10/dist-packages/tello_msgs/msg/_flight_data_s.c
[1.331s] -- Up-to-date: /home/slaven/tello_ros_ws/install/tello_msgs/local/lib/python3.10/dist-packages/tello_msgs/msg/_tello_response_s.c
[1.331s] -- Up-to-date: /home/slaven/tello_ros_ws/install/tello_msgs/local/lib/python3.10/dist-packages/tello_msgs/msg/_flight_data.py
[1.331s] -- Up-to-date: /home/slaven/tello_ros_ws/install/tello_msgs/local/lib/python3.10/dist-packages/tello_msgs/msg/_tello_response.py
[1.331s] -- Up-to-date: /home/slaven/tello_ros_ws/install/tello_msgs/local/lib/python3.10/dist-packages/tello_msgs/tello_msgs_s__rosidl_typesupport_introspection_c.cpython-310-x86_64-linux-gnu.so
[1.374s] Listing '/home/slaven/tello_ros_ws/install/tello_msgs/local/lib/python3.10/dist-packages/tello_msgs'...
[1.374s] Listing '/home/slaven/tello_ros_ws/install/tello_msgs/local/lib/python3.10/dist-packages/tello_msgs/msg'...
[1.374s] Listing '/home/slaven/tello_ros_ws/install/tello_msgs/local/lib/python3.10/dist-packages/tello_msgs/srv'...
[1.390s] -- Up-to-date: /home/slaven/tello_ros_ws/install/tello_msgs/local/lib/python3.10/dist-packages/tello_msgs/tello_msgs_s__rosidl_typesupport_fastrtps_c.cpython-310-x86_64-linux-gnu.so
[1.393s] -- Up-to-date: /home/slaven/tello_ros_ws/install/tello_msgs/local/lib/python3.10/dist-packages/tello_msgs/tello_msgs_s__rosidl_typesupport_introspection_c.cpython-310-x86_64-linux-gnu.so
[1.398s] -- Up-to-date: /home/slaven/tello_ros_ws/install/tello_msgs/local/lib/python3.10/dist-packages/tello_msgs/tello_msgs_s__rosidl_typesupport_c.cpython-310-x86_64-linux-gnu.so
[1.400s] -- Up-to-date: /home/slaven/tello_ros_ws/install/tello_msgs/lib/libtello_msgs__rosidl_generator_py.so
[1.401s] -- Up-to-date: /home/slaven/tello_ros_ws/install/tello_msgs/share/tello_msgs/msg/FlightData.idl
[1.402s] -- Up-to-date: /home/slaven/tello_ros_ws/install/tello_msgs/share/tello_msgs/msg/TelloResponse.idl
[1.402s] -- Up-to-date: /home/slaven/tello_ros_ws/install/tello_msgs/share/tello_msgs/srv/TelloAction.idl
[1.403s] -- Up-to-date: /home/slaven/tello_ros_ws/install/tello_msgs/share/tello_msgs/msg/FlightData.msg
[1.403s] -- Up-to-date: /home/slaven/tello_ros_ws/install/tello_msgs/share/tello_msgs/msg/TelloResponse.msg
[1.404s] -- Up-to-date: /home/slaven/tello_ros_ws/install/tello_msgs/share/tello_msgs/srv/TelloAction.srv
[1.404s] -- Up-to-date: /home/slaven/tello_ros_ws/install/tello_msgs/share/tello_msgs/srv/TelloAction_Request.msg
[1.404s] -- Up-to-date: /home/slaven/tello_ros_ws/install/tello_msgs/share/tello_msgs/srv/TelloAction_Response.msg
[1.405s] -- Up-to-date: /home/slaven/tello_ros_ws/install/tello_msgs/share/ament_index/resource_index/package_run_dependencies/tello_msgs
[1.417s] -- Up-to-date: /home/slaven/tello_ros_ws/install/tello_msgs/share/ament_index/resource_index/parent_prefix_path/tello_msgs
[1.417s] -- Up-to-date: /home/slaven/tello_ros_ws/install/tello_msgs/share/tello_msgs/environment/ament_prefix_path.sh
[1.417s] -- Up-to-date: /home/slaven/tello_ros_ws/install/tello_msgs/share/tello_msgs/environment/ament_prefix_path.dsv
[1.417s] -- Up-to-date: /home/slaven/tello_ros_ws/install/tello_msgs/share/tello_msgs/environment/path.sh
[1.417s] -- Up-to-date: /home/slaven/tello_ros_ws/install/tello_msgs/share/tello_msgs/environment/path.dsv
[1.417s] -- Up-to-date: /home/slaven/tello_ros_ws/install/tello_msgs/share/tello_msgs/local_setup.bash
[1.417s] -- Up-to-date: /home/slaven/tello_ros_ws/install/tello_msgs/share/tello_msgs/local_setup.sh
[1.417s] -- Up-to-date: /home/slaven/tello_ros_ws/install/tello_msgs/share/tello_msgs/local_setup.zsh
[1.417s] -- Up-to-date: /home/slaven/tello_ros_ws/install/tello_msgs/share/tello_msgs/local_setup.dsv
[1.417s] -- Installing: /home/slaven/tello_ros_ws/install/tello_msgs/share/tello_msgs/package.dsv
[1.418s] -- Up-to-date: /home/slaven/tello_ros_ws/install/tello_msgs/share/ament_index/resource_index/packages/tello_msgs
[1.426s] -- Up-to-date: /home/slaven/tello_ros_ws/install/tello_msgs/share/tello_msgs/cmake/export_tello_msgs__rosidl_generator_cExport.cmake
[1.426s] -- Up-to-date: /home/slaven/tello_ros_ws/install/tello_msgs/share/tello_msgs/cmake/export_tello_msgs__rosidl_generator_cExport-noconfig.cmake
[1.428s] -- Up-to-date: /home/slaven/tello_ros_ws/install/tello_msgs/share/tello_msgs/cmake/export_tello_msgs__rosidl_typesupport_fastrtps_cExport.cmake
[1.431s] -- Up-to-date: /home/slaven/tello_ros_ws/install/tello_msgs/share/tello_msgs/cmake/export_tello_msgs__rosidl_typesupport_fastrtps_cExport-noconfig.cmake
[1.433s] -- Up-to-date: /home/slaven/tello_ros_ws/install/tello_msgs/share/tello_msgs/cmake/tello_msgs__rosidl_typesupport_introspection_cExport.cmake
[1.433s] -- Up-to-date: /home/slaven/tello_ros_ws/install/tello_msgs/share/tello_msgs/cmake/tello_msgs__rosidl_typesupport_introspection_cExport-noconfig.cmake
[1.434s] -- Up-to-date: /home/slaven/tello_ros_ws/install/tello_msgs/share/tello_msgs/cmake/tello_msgs__rosidl_typesupport_cExport.cmake
[1.434s] -- Up-to-date: /home/slaven/tello_ros_ws/install/tello_msgs/share/tello_msgs/cmake/tello_msgs__rosidl_typesupport_cExport-noconfig.cmake
[1.439s] -- Up-to-date: /home/slaven/tello_ros_ws/install/tello_msgs/share/tello_msgs/cmake/export_tello_msgs__rosidl_generator_cppExport.cmake
[1.440s] -- Up-to-date: /home/slaven/tello_ros_ws/install/tello_msgs/share/tello_msgs/cmake/export_tello_msgs__rosidl_typesupport_fastrtps_cppExport.cmake
[1.440s] -- Up-to-date: /home/slaven/tello_ros_ws/install/tello_msgs/share/tello_msgs/cmake/export_tello_msgs__rosidl_typesupport_fastrtps_cppExport-noconfig.cmake
[1.441s] -- Up-to-date: /home/slaven/tello_ros_ws/install/tello_msgs/share/tello_msgs/cmake/tello_msgs__rosidl_typesupport_introspection_cppExport.cmake
[1.442s] -- Up-to-date: /home/slaven/tello_ros_ws/install/tello_msgs/share/tello_msgs/cmake/tello_msgs__rosidl_typesupport_introspection_cppExport-noconfig.cmake
[1.443s] -- Up-to-date: /home/slaven/tello_ros_ws/install/tello_msgs/share/tello_msgs/cmake/tello_msgs__rosidl_typesupport_cppExport.cmake
[1.444s] -- Up-to-date: /home/slaven/tello_ros_ws/install/tello_msgs/share/tello_msgs/cmake/tello_msgs__rosidl_typesupport_cppExport-noconfig.cmake
[1.444s] -- Up-to-date: /home/slaven/tello_ros_ws/install/tello_msgs/share/tello_msgs/cmake/export_tello_msgs__rosidl_generator_pyExport.cmake
[1.445s] -- Up-to-date: /home/slaven/tello_ros_ws/install/tello_msgs/share/tello_msgs/cmake/export_tello_msgs__rosidl_generator_pyExport-noconfig.cmake
[1.445s] -- Up-to-date: /home/slaven/tello_ros_ws/install/tello_msgs/share/tello_msgs/cmake/rosidl_cmake-extras.cmake
[1.445s] -- Up-to-date: /home/slaven/tello_ros_ws/install/tello_msgs/share/tello_msgs/cmake/ament_cmake_export_dependencies-extras.cmake
[1.445s] -- Up-to-date: /home/slaven/tello_ros_ws/install/tello_msgs/share/tello_msgs/cmake/ament_cmake_export_include_directories-extras.cmake
[1.445s] -- Up-to-date: /home/slaven/tello_ros_ws/install/tello_msgs/share/tello_msgs/cmake/ament_cmake_export_libraries-extras.cmake
[1.446s] -- Up-to-date: /home/slaven/tello_ros_ws/install/tello_msgs/share/tello_msgs/cmake/ament_cmake_export_targets-extras.cmake
[1.446s] -- Up-to-date: /home/slaven/tello_ros_ws/install/tello_msgs/share/tello_msgs/cmake/rosidl_cmake_export_typesupport_targets-extras.cmake
[1.446s] -- Up-to-date: /home/slaven/tello_ros_ws/install/tello_msgs/share/tello_msgs/cmake/rosidl_cmake_export_typesupport_libraries-extras.cmake
[1.446s] -- Up-to-date: /home/slaven/tello_ros_ws/install/tello_msgs/share/tello_msgs/cmake/tello_msgsConfig.cmake
[1.447s] -- Up-to-date: /home/slaven/tello_ros_ws/install/tello_msgs/share/tello_msgs/cmake/tello_msgsConfig-version.cmake
[1.448s] -- Up-to-date: /home/slaven/tello_ros_ws/install/tello_msgs/share/tello_msgs/package.xml
[1.450s] Invoked command in '/home/slaven/tello_ros_ws/build/tello_msgs' returned '0': CMAKE_PREFIX_PATH=${CMAKE_PREFIX_PATH}:/home/slaven/tello_ros_ws/install/tello_pilot:/home/slaven/tello_ros_ws/install/ros2_aruco:/home/slaven/tello_ros_ws/install/p_controller:/opt/ros/humble /usr/bin/cmake --install /home/slaven/tello_ros_ws/build/tello_msgs
