[0.036s] Invoking command in '/home/slaven/tello_ros_ws/build/tello_description': CMAKE_PREFIX_PATH=${CMAKE_PREFIX_PATH}:/home/slaven/tello_ros_ws/install/tello_pilot:/home/slaven/tello_ros_ws/install/ros2_aruco:/home/slaven/tello_ros_ws/install/p_controller:/opt/ros/humble /usr/bin/cmake --build /home/slaven/tello_ros_ws/build/tello_description -- -j2 -l2
[0.100s] [ 11%] Built target generate_urdf_1
[0.112s] [ 22%] Built target generate_urdf
[0.164s] [ 33%] Built target generate_urdf_2
[0.176s] [ 44%] Built target generate_urdf_3
[0.215s] [ 55%] Built target generate_urdf_4
[0.230s] [ 66%] Built target generate_urdf_5
[0.275s] [ 77%] Built target generate_urdf_6
[0.279s] [ 88%] Built target generate_urdf_7
[0.302s] [100%] Built target generate_urdf_8
[0.422s] Invoked command in '/home/slaven/tello_ros_ws/build/tello_description' returned '0': CMAKE_PREFIX_PATH=${CMAKE_PREFIX_PATH}:/home/slaven/tello_ros_ws/install/tello_pilot:/home/slaven/tello_ros_ws/install/ros2_aruco:/home/slaven/tello_ros_ws/install/p_controller:/opt/ros/humble /usr/bin/cmake --build /home/slaven/tello_ros_ws/build/tello_description -- -j2 -l2
[0.465s] Invoking command in '/home/slaven/tello_ros_ws/build/tello_description': CMAKE_PREFIX_PATH=${CMAKE_PREFIX_PATH}:/home/slaven/tello_ros_ws/install/tello_pilot:/home/slaven/tello_ros_ws/install/ros2_aruco:/home/slaven/tello_ros_ws/install/p_controller:/opt/ros/humble /usr/bin/cmake --install /home/slaven/tello_ros_ws/build/tello_description
[0.470s] -- Install configuration: ""
[0.470s] -- Up-to-date: /home/slaven/tello_ros_ws/install/tello_description/share/tello_description/urdf
[0.470s] -- Up-to-date: /home/slaven/tello_ros_ws/install/tello_description/share/tello_description/urdf/tello_3.urdf
[0.470s] -- Up-to-date: /home/slaven/tello_ros_ws/install/tello_description/share/tello_description/urdf/tello_1.urdf
[0.470s] -- Up-to-date: /home/slaven/tello_ros_ws/install/tello_description/share/tello_description/urdf/tello_5.urdf
[0.470s] -- Up-to-date: /home/slaven/tello_ros_ws/install/tello_description/share/tello_description/urdf/tello.urdf
[0.471s] -- Up-to-date: /home/slaven/tello_ros_ws/install/tello_description/share/tello_description/urdf/tello_7.urdf
[0.471s] -- Up-to-date: /home/slaven/tello_ros_ws/install/tello_description/share/tello_description/urdf/tello_4.urdf
[0.471s] -- Up-to-date: /home/slaven/tello_ros_ws/install/tello_description/share/tello_description/urdf/tello_8.urdf
[0.471s] -- Up-to-date: /home/slaven/tello_ros_ws/install/tello_description/share/tello_description/urdf/tello_6.urdf
[0.471s] -- Up-to-date: /home/slaven/tello_ros_ws/install/tello_description/share/tello_description/urdf/tello_2.urdf
[0.471s] -- Up-to-date: /home/slaven/tello_ros_ws/install/tello_description/share/ament_index/resource_index/package_run_dependencies/tello_description
[0.471s] -- Up-to-date: /home/slaven/tello_ros_ws/install/tello_description/share/ament_index/resource_index/parent_prefix_path/tello_description
[0.471s] -- Up-to-date: /home/slaven/tello_ros_ws/install/tello_description/share/tello_description/environment/ament_prefix_path.sh
[0.471s] -- Up-to-date: /home/slaven/tello_ros_ws/install/tello_description/share/tello_description/environment/ament_prefix_path.dsv
[0.471s] -- Up-to-date: /home/slaven/tello_ros_ws/install/tello_description/share/tello_description/environment/path.sh
[0.472s] -- Up-to-date: /home/slaven/tello_ros_ws/install/tello_description/share/tello_description/environment/path.dsv
[0.472s] -- Up-to-date: /home/slaven/tello_ros_ws/install/tello_description/share/tello_description/local_setup.bash
[0.472s] -- Up-to-date: /home/slaven/tello_ros_ws/install/tello_description/share/tello_description/local_setup.sh
[0.472s] -- Up-to-date: /home/slaven/tello_ros_ws/install/tello_description/share/tello_description/local_setup.zsh
[0.472s] -- Up-to-date: /home/slaven/tello_ros_ws/install/tello_description/share/tello_description/local_setup.dsv
[0.472s] -- Installing: /home/slaven/tello_ros_ws/install/tello_description/share/tello_description/package.dsv
[0.472s] -- Up-to-date: /home/slaven/tello_ros_ws/install/tello_description/share/ament_index/resource_index/packages/tello_description
[0.472s] -- Up-to-date: /home/slaven/tello_ros_ws/install/tello_description/share/tello_description/cmake/tello_descriptionConfig.cmake
[0.484s] -- Up-to-date: /home/slaven/tello_ros_ws/install/tello_description/share/tello_description/cmake/tello_descriptionConfig-version.cmake
[0.484s] -- Up-to-date: /home/slaven/tello_ros_ws/install/tello_description/share/tello_description/package.xml
[0.485s] Invoked command in '/home/slaven/tello_ros_ws/build/tello_description' returned '0': CMAKE_PREFIX_PATH=${CMAKE_PREFIX_PATH}:/home/slaven/tello_ros_ws/install/tello_pilot:/home/slaven/tello_ros_ws/install/ros2_aruco:/home/slaven/tello_ros_ws/install/p_controller:/opt/ros/humble /usr/bin/cmake --install /home/slaven/tello_ros_ws/build/tello_description
