[0.903s] Invoking command in '/home/slaven/tello_ros_ws/src/p_controller': PYTHONPATH=/home/slaven/tello_ros_ws/build/p_controller/prefix_override:/home/slaven/tello_ros_ws/install/p_controller/lib/python3.10/site-packages:${PYTHONPATH} /usr/bin/python3 -W ignore:setup.py install is deprecated setup.py egg_info --egg-base ../../build/p_controller build --build-base /home/slaven/tello_ros_ws/build/p_controller/build install --record /home/slaven/tello_ros_ws/build/p_controller/install.log --single-version-externally-managed install_data
[1.206s] running egg_info
[1.207s] writing ../../build/p_controller/p_controller.egg-info/PKG-INFO
[1.208s] writing dependency_links to ../../build/p_controller/p_controller.egg-info/dependency_links.txt
[1.208s] writing entry points to ../../build/p_controller/p_controller.egg-info/entry_points.txt
[1.208s] writing requirements to ../../build/p_controller/p_controller.egg-info/requires.txt
[1.208s] writing top-level names to ../../build/p_controller/p_controller.egg-info/top_level.txt
[1.210s] reading manifest file '../../build/p_controller/p_controller.egg-info/SOURCES.txt'
[1.210s] adding license file 'LICENSE'
[1.210s] writing manifest file '../../build/p_controller/p_controller.egg-info/SOURCES.txt'
[1.211s] running build
[1.211s] running build_py
[1.212s] running install
[1.212s] running install_lib
[1.213s] running install_data
[1.213s] running install_egg_info
[1.220s] removing '/home/slaven/tello_ros_ws/install/p_controller/lib/python3.10/site-packages/p_controller-0.0.0-py3.10.egg-info' (and everything under it)
[1.221s] Copying ../../build/p_controller/p_controller.egg-info to /home/slaven/tello_ros_ws/install/p_controller/lib/python3.10/site-packages/p_controller-0.0.0-py3.10.egg-info
[1.223s] running install_scripts
[1.259s] Installing p_controller script to /home/slaven/tello_ros_ws/install/p_controller/lib/p_controller
[1.263s] writing list of installed files to '/home/slaven/tello_ros_ws/build/p_controller/install.log'
[1.307s] Invoked command in '/home/slaven/tello_ros_ws/src/p_controller' returned '0': PYTHONPATH=/home/slaven/tello_ros_ws/build/p_controller/prefix_override:/home/slaven/tello_ros_ws/install/p_controller/lib/python3.10/site-packages:${PYTHONPATH} /usr/bin/python3 -W ignore:setup.py install is deprecated setup.py egg_info --egg-base ../../build/p_controller build --build-base /home/slaven/tello_ros_ws/build/p_controller/build install --record /home/slaven/tello_ros_ws/build/p_controller/install.log --single-version-externally-managed install_data
