[0.681s] Invoking command in '/home/slaven/tello_ros_ws/src/p_controller': PYTHONPATH=/home/slaven/tello_ros_ws/build/p_controller/prefix_override:/home/slaven/tello_ros_ws/install/p_controller/lib/python3.10/site-packages:${PYTHONPATH} /usr/bin/python3 -W ignore:setup.py install is deprecated setup.py egg_info --egg-base ../../build/p_controller build --build-base /home/slaven/tello_ros_ws/build/p_controller/build install --record /home/slaven/tello_ros_ws/build/p_controller/install.log --single-version-externally-managed install_data
[0.888s] running egg_info
[0.888s] writing ../../build/p_controller/p_controller.egg-info/PKG-INFO
[0.888s] writing dependency_links to ../../build/p_controller/p_controller.egg-info/dependency_links.txt
[0.888s] writing entry points to ../../build/p_controller/p_controller.egg-info/entry_points.txt
[0.889s] writing requirements to ../../build/p_controller/p_controller.egg-info/requires.txt
[0.889s] writing top-level names to ../../build/p_controller/p_controller.egg-info/top_level.txt
[0.891s] reading manifest file '../../build/p_controller/p_controller.egg-info/SOURCES.txt'
[0.891s] adding license file 'LICENSE'
[0.891s] writing manifest file '../../build/p_controller/p_controller.egg-info/SOURCES.txt'
[0.891s] running build
[0.891s] running build_py
[0.892s] running install
[0.893s] running install_lib
[0.894s] running install_data
[0.894s] running install_egg_info
[0.897s] removing '/home/slaven/tello_ros_ws/install/p_controller/lib/python3.10/site-packages/p_controller-0.0.0-py3.10.egg-info' (and everything under it)
[0.898s] Copying ../../build/p_controller/p_controller.egg-info to /home/slaven/tello_ros_ws/install/p_controller/lib/python3.10/site-packages/p_controller-0.0.0-py3.10.egg-info
[0.898s] running install_scripts
[0.913s] Installing p_controller script to /home/slaven/tello_ros_ws/install/p_controller/lib/p_controller
[0.914s] writing list of installed files to '/home/slaven/tello_ros_ws/build/p_controller/install.log'
[0.959s] Invoked command in '/home/slaven/tello_ros_ws/src/p_controller' returned '0': PYTHONPATH=/home/slaven/tello_ros_ws/build/p_controller/prefix_override:/home/slaven/tello_ros_ws/install/p_controller/lib/python3.10/site-packages:${PYTHONPATH} /usr/bin/python3 -W ignore:setup.py install is deprecated setup.py egg_info --egg-base ../../build/p_controller build --build-base /home/slaven/tello_ros_ws/build/p_controller/build install --record /home/slaven/tello_ros_ws/build/p_controller/install.log --single-version-externally-managed install_data
