[0.051s] Invoking command in '/home/slaven/tello_ros_ws/build/tello_gazebo': CMAKE_PREFIX_PATH=/home/slaven/tello_ros_ws/install/tello_msgs:/home/slaven/tello_ros_ws/install/tello_gazebo:/home/slaven/tello_ros_ws/install/tello_driver:/home/slaven/tello_ros_ws/install/tello_description:/home/slaven/tello_ros_ws/install/ros2_shared:/home/slaven/tello_ros_ws/install/ros2_aruco_interfaces:/home/slaven/tello_ros_ws/install/tello_pilot:/home/slaven/tello_ros_ws/install/ros2_aruco:/home/slaven/tello_ros_ws/install/p_controller:/opt/ros/humble LD_LIBRARY_PATH=/home/slaven/tello_ros_ws/install/tello_msgs/lib:/home/slaven/tello_ros_ws/install/tello_gazebo/lib:/home/slaven/tello_ros_ws/install/tello_driver/lib:/home/slaven/tello_ros_ws/install/ros2_aruco_interfaces/lib:/usr/lib/x86_64-linux-gnu/gazebo-11/plugins:/opt/ros/humble/opt/rviz_ogre_vendor/lib:/opt/ros/humble/lib/x86_64-linux-gnu:/opt/ros/humble/lib /usr/bin/cmake --build /home/slaven/tello_ros_ws/build/tello_gazebo -- -j2 -l2
[0.158s] [100%] Built target TelloPlugin
[0.169s] Invoked command in '/home/slaven/tello_ros_ws/build/tello_gazebo' returned '0': CMAKE_PREFIX_PATH=/home/slaven/tello_ros_ws/install/tello_msgs:/home/slaven/tello_ros_ws/install/tello_gazebo:/home/slaven/tello_ros_ws/install/tello_driver:/home/slaven/tello_ros_ws/install/tello_description:/home/slaven/tello_ros_ws/install/ros2_shared:/home/slaven/tello_ros_ws/install/ros2_aruco_interfaces:/home/slaven/tello_ros_ws/install/tello_pilot:/home/slaven/tello_ros_ws/install/ros2_aruco:/home/slaven/tello_ros_ws/install/p_controller:/opt/ros/humble LD_LIBRARY_PATH=/home/slaven/tello_ros_ws/install/tello_msgs/lib:/home/slaven/tello_ros_ws/install/tello_gazebo/lib:/home/slaven/tello_ros_ws/install/tello_driver/lib:/home/slaven/tello_ros_ws/install/ros2_aruco_interfaces/lib:/usr/lib/x86_64-linux-gnu/gazebo-11/plugins:/opt/ros/humble/opt/rviz_ogre_vendor/lib:/opt/ros/humble/lib/x86_64-linux-gnu:/opt/ros/humble/lib /usr/bin/cmake --build /home/slaven/tello_ros_ws/build/tello_gazebo -- -j2 -l2
[0.210s] Invoking command in '/home/slaven/tello_ros_ws/build/tello_gazebo': CMAKE_PREFIX_PATH=/home/slaven/tello_ros_ws/install/tello_msgs:/home/slaven/tello_ros_ws/install/tello_gazebo:/home/slaven/tello_ros_ws/install/tello_driver:/home/slaven/tello_ros_ws/install/tello_description:/home/slaven/tello_ros_ws/install/ros2_shared:/home/slaven/tello_ros_ws/install/ros2_aruco_interfaces:/home/slaven/tello_ros_ws/install/tello_pilot:/home/slaven/tello_ros_ws/install/ros2_aruco:/home/slaven/tello_ros_ws/install/p_controller:/opt/ros/humble LD_LIBRARY_PATH=/home/slaven/tello_ros_ws/install/tello_msgs/lib:/home/slaven/tello_ros_ws/install/tello_gazebo/lib:/home/slaven/tello_ros_ws/install/tello_driver/lib:/home/slaven/tello_ros_ws/install/ros2_aruco_interfaces/lib:/usr/lib/x86_64-linux-gnu/gazebo-11/plugins:/opt/ros/humble/opt/rviz_ogre_vendor/lib:/opt/ros/humble/lib/x86_64-linux-gnu:/opt/ros/humble/lib /usr/bin/cmake --install /home/slaven/tello_ros_ws/build/tello_gazebo
[0.229s] -- Install configuration: ""
[0.229s] -- Up-to-date: /home/slaven/tello_ros_ws/install/tello_gazebo/lib/libTelloPlugin.so
[0.229s] -- Up-to-date: /home/slaven/tello_ros_ws/install/tello_gazebo/share/tello_gazebo/models
[0.229s] -- Up-to-date: /home/slaven/tello_ros_ws/install/tello_gazebo/share/tello_gazebo/models/marker_6
[0.229s] -- Up-to-date: /home/slaven/tello_ros_ws/install/tello_gazebo/share/tello_gazebo/models/marker_6/model.config
[0.230s] -- Up-to-date: /home/slaven/tello_ros_ws/install/tello_gazebo/share/tello_gazebo/models/marker_6/model.sdf
[0.230s] -- Up-to-date: /home/slaven/tello_ros_ws/install/tello_gazebo/share/tello_gazebo/models/marker_6/materials
[0.230s] -- Up-to-date: /home/slaven/tello_ros_ws/install/tello_gazebo/share/tello_gazebo/models/marker_6/materials/scripts
[0.230s] -- Up-to-date: /home/slaven/tello_ros_ws/install/tello_gazebo/share/tello_gazebo/models/marker_6/materials/scripts/marker_6.material
[0.230s] -- Up-to-date: /home/slaven/tello_ros_ws/install/tello_gazebo/share/tello_gazebo/models/marker_6/materials/textures
[0.230s] -- Up-to-date: /home/slaven/tello_ros_ws/install/tello_gazebo/share/tello_gazebo/models/marker_6/materials/textures/aruco_mark_6.png
[0.231s] -- Up-to-date: /home/slaven/tello_ros_ws/install/tello_gazebo/share/tello_gazebo/models/marker_6/materials/textures/aruco_mark_6.svg
[0.231s] -- Up-to-date: /home/slaven/tello_ros_ws/install/tello_gazebo/share/tello_gazebo/models/marker_7
[0.231s] -- Up-to-date: /home/slaven/tello_ros_ws/install/tello_gazebo/share/tello_gazebo/models/marker_7/model.config
[0.231s] -- Up-to-date: /home/slaven/tello_ros_ws/install/tello_gazebo/share/tello_gazebo/models/marker_7/model.sdf
[0.232s] -- Up-to-date: /home/slaven/tello_ros_ws/install/tello_gazebo/share/tello_gazebo/models/marker_7/materials
[0.232s] -- Up-to-date: /home/slaven/tello_ros_ws/install/tello_gazebo/share/tello_gazebo/models/marker_7/materials/scripts
[0.232s] -- Up-to-date: /home/slaven/tello_ros_ws/install/tello_gazebo/share/tello_gazebo/models/marker_7/materials/scripts/marker_7.material
[0.233s] -- Up-to-date: /home/slaven/tello_ros_ws/install/tello_gazebo/share/tello_gazebo/models/marker_7/materials/textures
[0.233s] -- Up-to-date: /home/slaven/tello_ros_ws/install/tello_gazebo/share/tello_gazebo/models/marker_7/materials/textures/aruco_mark_7.svg
[0.233s] -- Up-to-date: /home/slaven/tello_ros_ws/install/tello_gazebo/share/tello_gazebo/models/marker_7/materials/textures/aruco_mark_7.png
[0.233s] -- Up-to-date: /home/slaven/tello_ros_ws/install/tello_gazebo/share/tello_gazebo/models/marker_3
[0.233s] -- Up-to-date: /home/slaven/tello_ros_ws/install/tello_gazebo/share/tello_gazebo/models/marker_3/model.config
[0.233s] -- Up-to-date: /home/slaven/tello_ros_ws/install/tello_gazebo/share/tello_gazebo/models/marker_3/model.sdf
[0.233s] -- Up-to-date: /home/slaven/tello_ros_ws/install/tello_gazebo/share/tello_gazebo/models/marker_3/materials
[0.233s] -- Up-to-date: /home/slaven/tello_ros_ws/install/tello_gazebo/share/tello_gazebo/models/marker_3/materials/scripts
[0.233s] -- Up-to-date: /home/slaven/tello_ros_ws/install/tello_gazebo/share/tello_gazebo/models/marker_3/materials/scripts/marker_3.material
[0.233s] -- Up-to-date: /home/slaven/tello_ros_ws/install/tello_gazebo/share/tello_gazebo/models/marker_3/materials/textures
[0.233s] -- Up-to-date: /home/slaven/tello_ros_ws/install/tello_gazebo/share/tello_gazebo/models/marker_3/materials/textures/aruco_mark_3.png
[0.234s] -- Up-to-date: /home/slaven/tello_ros_ws/install/tello_gazebo/share/tello_gazebo/models/marker_3/materials/textures/aruco_mark_3.svg
[0.234s] -- Up-to-date: /home/slaven/tello_ros_ws/install/tello_gazebo/share/tello_gazebo/models/marker_2
[0.234s] -- Up-to-date: /home/slaven/tello_ros_ws/install/tello_gazebo/share/tello_gazebo/models/marker_2/model.config
[0.234s] -- Up-to-date: /home/slaven/tello_ros_ws/install/tello_gazebo/share/tello_gazebo/models/marker_2/model.sdf
[0.234s] -- Up-to-date: /home/slaven/tello_ros_ws/install/tello_gazebo/share/tello_gazebo/models/marker_2/materials
[0.234s] -- Up-to-date: /home/slaven/tello_ros_ws/install/tello_gazebo/share/tello_gazebo/models/marker_2/materials/scripts
[0.235s] -- Up-to-date: /home/slaven/tello_ros_ws/install/tello_gazebo/share/tello_gazebo/models/marker_2/materials/scripts/marker_2.material
[0.235s] -- Up-to-date: /home/slaven/tello_ros_ws/install/tello_gazebo/share/tello_gazebo/models/marker_2/materials/textures
[0.235s] -- Up-to-date: /home/slaven/tello_ros_ws/install/tello_gazebo/share/tello_gazebo/models/marker_2/materials/textures/aruco_mark_2.png
[0.235s] -- Up-to-date: /home/slaven/tello_ros_ws/install/tello_gazebo/share/tello_gazebo/models/marker_2/materials/textures/aruco_mark_2.svg
[0.235s] -- Up-to-date: /home/slaven/tello_ros_ws/install/tello_gazebo/share/tello_gazebo/models/marker_0
[0.235s] -- Up-to-date: /home/slaven/tello_ros_ws/install/tello_gazebo/share/tello_gazebo/models/marker_0/model.config
[0.235s] -- Up-to-date: /home/slaven/tello_ros_ws/install/tello_gazebo/share/tello_gazebo/models/marker_0/model.sdf
[0.235s] -- Up-to-date: /home/slaven/tello_ros_ws/install/tello_gazebo/share/tello_gazebo/models/marker_0/materials
[0.236s] -- Up-to-date: /home/slaven/tello_ros_ws/install/tello_gazebo/share/tello_gazebo/models/marker_0/materials/scripts
[0.236s] -- Up-to-date: /home/slaven/tello_ros_ws/install/tello_gazebo/share/tello_gazebo/models/marker_0/materials/scripts/marker_0.material
[0.236s] -- Up-to-date: /home/slaven/tello_ros_ws/install/tello_gazebo/share/tello_gazebo/models/marker_0/materials/textures
[0.236s] -- Up-to-date: /home/slaven/tello_ros_ws/install/tello_gazebo/share/tello_gazebo/models/marker_0/materials/textures/aruco_mark_0.png
[0.236s] -- Up-to-date: /home/slaven/tello_ros_ws/install/tello_gazebo/share/tello_gazebo/models/marker_0/materials/textures/aruco_mark_0.svg
[0.236s] -- Up-to-date: /home/slaven/tello_ros_ws/install/tello_gazebo/share/tello_gazebo/models/marker_1
[0.236s] -- Up-to-date: /home/slaven/tello_ros_ws/install/tello_gazebo/share/tello_gazebo/models/marker_1/model.config
[0.237s] -- Up-to-date: /home/slaven/tello_ros_ws/install/tello_gazebo/share/tello_gazebo/models/marker_1/model.sdf
[0.237s] -- Up-to-date: /home/slaven/tello_ros_ws/install/tello_gazebo/share/tello_gazebo/models/marker_1/materials
[0.237s] -- Up-to-date: /home/slaven/tello_ros_ws/install/tello_gazebo/share/tello_gazebo/models/marker_1/materials/scripts
[0.237s] -- Up-to-date: /home/slaven/tello_ros_ws/install/tello_gazebo/share/tello_gazebo/models/marker_1/materials/scripts/marker_1.material
[0.237s] -- Up-to-date: /home/slaven/tello_ros_ws/install/tello_gazebo/share/tello_gazebo/models/marker_1/materials/textures
[0.237s] -- Up-to-date: /home/slaven/tello_ros_ws/install/tello_gazebo/share/tello_gazebo/models/marker_1/materials/textures/aruco_mark_1.svg
[0.237s] -- Up-to-date: /home/slaven/tello_ros_ws/install/tello_gazebo/share/tello_gazebo/models/marker_1/materials/textures/aruco_mark_1.png
[0.237s] -- Up-to-date: /home/slaven/tello_ros_ws/install/tello_gazebo/share/tello_gazebo/models/marker_5
[0.237s] -- Up-to-date: /home/slaven/tello_ros_ws/install/tello_gazebo/share/tello_gazebo/models/marker_5/model.config
[0.237s] -- Up-to-date: /home/slaven/tello_ros_ws/install/tello_gazebo/share/tello_gazebo/models/marker_5/model.sdf
[0.237s] -- Up-to-date: /home/slaven/tello_ros_ws/install/tello_gazebo/share/tello_gazebo/models/marker_5/materials
[0.237s] -- Up-to-date: /home/slaven/tello_ros_ws/install/tello_gazebo/share/tello_gazebo/models/marker_5/materials/scripts
[0.237s] -- Up-to-date: /home/slaven/tello_ros_ws/install/tello_gazebo/share/tello_gazebo/models/marker_5/materials/scripts/marker_5.material
[0.237s] -- Up-to-date: /home/slaven/tello_ros_ws/install/tello_gazebo/share/tello_gazebo/models/marker_5/materials/textures
[0.237s] -- Up-to-date: /home/slaven/tello_ros_ws/install/tello_gazebo/share/tello_gazebo/models/marker_5/materials/textures/aruco_mark_5.svg
[0.238s] -- Up-to-date: /home/slaven/tello_ros_ws/install/tello_gazebo/share/tello_gazebo/models/marker_5/materials/textures/aruco_mark_5.png
[0.238s] -- Up-to-date: /home/slaven/tello_ros_ws/install/tello_gazebo/share/tello_gazebo/models/marker_4
[0.238s] -- Up-to-date: /home/slaven/tello_ros_ws/install/tello_gazebo/share/tello_gazebo/models/marker_4/model.config
[0.238s] -- Up-to-date: /home/slaven/tello_ros_ws/install/tello_gazebo/share/tello_gazebo/models/marker_4/model.sdf
[0.238s] -- Up-to-date: /home/slaven/tello_ros_ws/install/tello_gazebo/share/tello_gazebo/models/marker_4/materials
[0.238s] -- Up-to-date: /home/slaven/tello_ros_ws/install/tello_gazebo/share/tello_gazebo/models/marker_4/materials/scripts
[0.238s] -- Up-to-date: /home/slaven/tello_ros_ws/install/tello_gazebo/share/tello_gazebo/models/marker_4/materials/scripts/marker_4.material
[0.238s] -- Up-to-date: /home/slaven/tello_ros_ws/install/tello_gazebo/share/tello_gazebo/models/marker_4/materials/textures
[0.238s] -- Up-to-date: /home/slaven/tello_ros_ws/install/tello_gazebo/share/tello_gazebo/models/marker_4/materials/textures/aruco_mark_4.png
[0.238s] -- Up-to-date: /home/slaven/tello_ros_ws/install/tello_gazebo/share/tello_gazebo/models/marker_4/materials/textures/aruco_mark_4.svg
[0.238s] -- Up-to-date: /home/slaven/tello_ros_ws/install/tello_gazebo/share/tello_gazebo/worlds
[0.238s] -- Up-to-date: /home/slaven/tello_ros_ws/install/tello_gazebo/share/tello_gazebo/worlds/build_world.py
[0.238s] -- Up-to-date: /home/slaven/tello_ros_ws/install/tello_gazebo/share/tello_gazebo/worlds/fiducial.world
[0.238s] -- Up-to-date: /home/slaven/tello_ros_ws/install/tello_gazebo/share/tello_gazebo/worlds/simple.world
[0.238s] -- Up-to-date: /home/slaven/tello_ros_ws/install/tello_gazebo/share/tello_gazebo/worlds/fiducial_map.yaml
[0.238s] -- Up-to-date: /home/slaven/tello_ros_ws/install/tello_gazebo/share/tello_gazebo/worlds/f2_map.yaml
[0.239s] -- Up-to-date: /home/slaven/tello_ros_ws/install/tello_gazebo/share/tello_gazebo/worlds/f2.world
[0.239s] -- Up-to-date: /home/slaven/tello_ros_ws/install/tello_gazebo/share/tello_gazebo/launch
[0.239s] -- Up-to-date: /home/slaven/tello_ros_ws/install/tello_gazebo/share/tello_gazebo/launch/vlam_launch.py
[0.239s] -- Up-to-date: /home/slaven/tello_ros_ws/install/tello_gazebo/share/tello_gazebo/launch/simple_launch.py
[0.239s] -- Up-to-date: /home/slaven/tello_ros_ws/install/tello_gazebo/lib/tello_gazebo/inject_entity.py
[0.239s] -- Up-to-date: /home/slaven/tello_ros_ws/install/tello_gazebo/share/ament_index/resource_index/package_run_dependencies/tello_gazebo
[0.239s] -- Up-to-date: /home/slaven/tello_ros_ws/install/tello_gazebo/share/ament_index/resource_index/parent_prefix_path/tello_gazebo
[0.239s] -- Up-to-date: /home/slaven/tello_ros_ws/install/tello_gazebo/share/tello_gazebo/environment/ament_prefix_path.sh
[0.239s] -- Up-to-date: /home/slaven/tello_ros_ws/install/tello_gazebo/share/tello_gazebo/environment/ament_prefix_path.dsv
[0.239s] -- Up-to-date: /home/slaven/tello_ros_ws/install/tello_gazebo/share/tello_gazebo/environment/path.sh
[0.239s] -- Up-to-date: /home/slaven/tello_ros_ws/install/tello_gazebo/share/tello_gazebo/environment/path.dsv
[0.242s] -- Up-to-date: /home/slaven/tello_ros_ws/install/tello_gazebo/share/tello_gazebo/local_setup.bash
[0.243s] -- Up-to-date: /home/slaven/tello_ros_ws/install/tello_gazebo/share/tello_gazebo/local_setup.sh
[0.243s] -- Up-to-date: /home/slaven/tello_ros_ws/install/tello_gazebo/share/tello_gazebo/local_setup.zsh
[0.244s] -- Up-to-date: /home/slaven/tello_ros_ws/install/tello_gazebo/share/tello_gazebo/local_setup.dsv
[0.244s] -- Installing: /home/slaven/tello_ros_ws/install/tello_gazebo/share/tello_gazebo/package.dsv
[0.244s] -- Up-to-date: /home/slaven/tello_ros_ws/install/tello_gazebo/share/ament_index/resource_index/packages/tello_gazebo
[0.244s] -- Up-to-date: /home/slaven/tello_ros_ws/install/tello_gazebo/share/tello_gazebo/cmake/tello_gazeboConfig.cmake
[0.244s] -- Up-to-date: /home/slaven/tello_ros_ws/install/tello_gazebo/share/tello_gazebo/cmake/tello_gazeboConfig-version.cmake
[0.245s] -- Up-to-date: /home/slaven/tello_ros_ws/install/tello_gazebo/share/tello_gazebo/package.xml
[0.246s] Invoked command in '/home/slaven/tello_ros_ws/build/tello_gazebo' returned '0': CMAKE_PREFIX_PATH=/home/slaven/tello_ros_ws/install/tello_msgs:/home/slaven/tello_ros_ws/install/tello_gazebo:/home/slaven/tello_ros_ws/install/tello_driver:/home/slaven/tello_ros_ws/install/tello_description:/home/slaven/tello_ros_ws/install/ros2_shared:/home/slaven/tello_ros_ws/install/ros2_aruco_interfaces:/home/slaven/tello_ros_ws/install/tello_pilot:/home/slaven/tello_ros_ws/install/ros2_aruco:/home/slaven/tello_ros_ws/install/p_controller:/opt/ros/humble LD_LIBRARY_PATH=/home/slaven/tello_ros_ws/install/tello_msgs/lib:/home/slaven/tello_ros_ws/install/tello_gazebo/lib:/home/slaven/tello_ros_ws/install/tello_driver/lib:/home/slaven/tello_ros_ws/install/ros2_aruco_interfaces/lib:/usr/lib/x86_64-linux-gnu/gazebo-11/plugins:/opt/ros/humble/opt/rviz_ogre_vendor/lib:/opt/ros/humble/lib/x86_64-linux-gnu:/opt/ros/humble/lib /usr/bin/cmake --install /home/slaven/tello_ros_ws/build/tello_gazebo
