[0.735s] Invoking command in '/home/slaven/tello_ros_ws/src/tello_pilot': PYTHONPATH=/home/slaven/tello_ros_ws/build/tello_pilot/prefix_override:/home/slaven/tello_ros_ws/install/tello_pilot/lib/python3.10/site-packages:${PYTHONPATH} /usr/bin/python3 -W ignore:setup.py install is deprecated setup.py egg_info --egg-base ../../build/tello_pilot build --build-base /home/slaven/tello_ros_ws/build/tello_pilot/build install --record /home/slaven/tello_ros_ws/build/tello_pilot/install.log --single-version-externally-managed install_data
[1.020s] running egg_info
[1.023s] writing ../../build/tello_pilot/tello_pilot.egg-info/PKG-INFO
[1.028s] writing dependency_links to ../../build/tello_pilot/tello_pilot.egg-info/dependency_links.txt
[1.028s] writing entry points to ../../build/tello_pilot/tello_pilot.egg-info/entry_points.txt
[1.028s] writing requirements to ../../build/tello_pilot/tello_pilot.egg-info/requires.txt
[1.028s] writing top-level names to ../../build/tello_pilot/tello_pilot.egg-info/top_level.txt
[1.030s] reading manifest file '../../build/tello_pilot/tello_pilot.egg-info/SOURCES.txt'
[1.031s] writing manifest file '../../build/tello_pilot/tello_pilot.egg-info/SOURCES.txt'
[1.031s] running build
[1.031s] running build_py
[1.036s] copying tello_pilot/tello_pilot.py -> /home/slaven/tello_ros_ws/build/tello_pilot/build/lib/tello_pilot
[1.036s] running install
[1.036s] running install_lib
[1.036s] copying /home/slaven/tello_ros_ws/build/tello_pilot/build/lib/tello_pilot/tello_pilot.py -> /home/slaven/tello_ros_ws/install/tello_pilot/lib/python3.10/site-packages/tello_pilot
[1.036s] byte-compiling /home/slaven/tello_ros_ws/install/tello_pilot/lib/python3.10/site-packages/tello_pilot/tello_pilot.py to tello_pilot.cpython-310.pyc
[1.036s] running install_data
[1.036s] running install_egg_info
[1.036s] removing '/home/slaven/tello_ros_ws/install/tello_pilot/lib/python3.10/site-packages/tello_pilot-0.0.0-py3.10.egg-info' (and everything under it)
[1.040s] Copying ../../build/tello_pilot/tello_pilot.egg-info to /home/slaven/tello_ros_ws/install/tello_pilot/lib/python3.10/site-packages/tello_pilot-0.0.0-py3.10.egg-info
[1.042s] running install_scripts
[1.067s] Installing tello_pilot script to /home/slaven/tello_ros_ws/install/tello_pilot/lib/tello_pilot
[1.067s] writing list of installed files to '/home/slaven/tello_ros_ws/build/tello_pilot/install.log'
[1.110s] Invoked command in '/home/slaven/tello_ros_ws/src/tello_pilot' returned '0': PYTHONPATH=/home/slaven/tello_ros_ws/build/tello_pilot/prefix_override:/home/slaven/tello_ros_ws/install/tello_pilot/lib/python3.10/site-packages:${PYTHONPATH} /usr/bin/python3 -W ignore:setup.py install is deprecated setup.py egg_info --egg-base ../../build/tello_pilot build --build-base /home/slaven/tello_ros_ws/build/tello_pilot/build install --record /home/slaven/tello_ros_ws/build/tello_pilot/install.log --single-version-externally-managed install_data
