-- The C compiler identification is GNU 11.4.0
-- The CXX compiler identification is GNU 11.4.0
-- Detecting C compiler ABI info
-- Detecting C compiler ABI info - done
-- Check for working C compiler: /usr/bin/cc - skipped
-- Detecting C compile features
-- Detecting C compile features - done
-- Detecting CXX compiler ABI info
-- Detecting CXX compiler ABI info - done
-- Check for working CXX compiler: /usr/bin/c++ - skipped
-- Detecting CXX compile features
-- Detecting CXX compile features - done
-- Found ament_cmake: 1.3.8 (/opt/ros/humble/share/ament_cmake/cmake)
-- Found Python3: /usr/bin/python3 (found version "3.10.12") found components: Interpreter 
-- Found Python3: /usr/bin/python3 (found version "3.10.12") found components: Interpreter Development Development.Module Development.Embed 
-- creating rules for /home/slaven/tello_ros_ws/build/tello_description/urdf/tello.urdf
-- creating rules for /home/slaven/tello_ros_ws/build/tello_description/urdf/tello_1.urdf
-- creating rules for /home/slaven/tello_ros_ws/build/tello_description/urdf/tello_2.urdf
-- creating rules for /home/slaven/tello_ros_ws/build/tello_description/urdf/tello_3.urdf
-- creating rules for /home/slaven/tello_ros_ws/build/tello_description/urdf/tello_4.urdf
-- creating rules for /home/slaven/tello_ros_ws/build/tello_description/urdf/tello_5.urdf
-- creating rules for /home/slaven/tello_ros_ws/build/tello_description/urdf/tello_6.urdf
-- creating rules for /home/slaven/tello_ros_ws/build/tello_description/urdf/tello_7.urdf
-- creating rules for /home/slaven/tello_ros_ws/build/tello_description/urdf/tello_8.urdf
-- Configuring done
-- Generating done
-- Build files have been written to: /home/slaven/tello_ros_ws/build/tello_description
[ 11%] [34m[1mGenerate /home/slaven/tello_ros_ws/build/tello_description/urdf/tello.urdf[0m
[ 22%] [34m[1mGenerate /home/slaven/tello_ros_ws/build/tello_description/urdf/tello_1.urdf[0m
[ 22%] Built target generate_urdf
[ 22%] Built target generate_urdf_1
[ 33%] [34m[1mGenerate /home/slaven/tello_ros_ws/build/tello_description/urdf/tello_2.urdf[0m
[ 44%] [34m[1mGenerate /home/slaven/tello_ros_ws/build/tello_description/urdf/tello_3.urdf[0m
[ 44%] Built target generate_urdf_3
[ 44%] Built target generate_urdf_2
[ 55%] [34m[1mGenerate /home/slaven/tello_ros_ws/build/tello_description/urdf/tello_4.urdf[0m
[ 55%] Built target generate_urdf_4
[ 66%] [34m[1mGenerate /home/slaven/tello_ros_ws/build/tello_description/urdf/tello_5.urdf[0m
[ 77%] [34m[1mGenerate /home/slaven/tello_ros_ws/build/tello_description/urdf/tello_6.urdf[0m
[ 77%] Built target generate_urdf_5
[ 77%] Built target generate_urdf_6
[ 88%] [34m[1mGenerate /home/slaven/tello_ros_ws/build/tello_description/urdf/tello_8.urdf[0m
[100%] [34m[1mGenerate /home/slaven/tello_ros_ws/build/tello_description/urdf/tello_7.urdf[0m
[100%] Built target generate_urdf_8
[100%] Built target generate_urdf_7
-- Install configuration: ""
-- Installing: /home/slaven/tello_ros_ws/install/tello_description/share/tello_description/urdf
-- Installing: /home/slaven/tello_ros_ws/install/tello_description/share/tello_description/urdf/tello_3.urdf
-- Installing: /home/slaven/tello_ros_ws/install/tello_description/share/tello_description/urdf/tello_1.urdf
-- Installing: /home/slaven/tello_ros_ws/install/tello_description/share/tello_description/urdf/tello_5.urdf
-- Installing: /home/slaven/tello_ros_ws/install/tello_description/share/tello_description/urdf/tello.urdf
-- Installing: /home/slaven/tello_ros_ws/install/tello_description/share/tello_description/urdf/tello_7.urdf
-- Installing: /home/slaven/tello_ros_ws/install/tello_description/share/tello_description/urdf/tello_4.urdf
-- Installing: /home/slaven/tello_ros_ws/install/tello_description/share/tello_description/urdf/tello_8.urdf
-- Installing: /home/slaven/tello_ros_ws/install/tello_description/share/tello_description/urdf/tello_6.urdf
-- Installing: /home/slaven/tello_ros_ws/install/tello_description/share/tello_description/urdf/tello_2.urdf
-- Installing: /home/slaven/tello_ros_ws/install/tello_description/share/ament_index/resource_index/package_run_dependencies/tello_description
-- Installing: /home/slaven/tello_ros_ws/install/tello_description/share/ament_index/resource_index/parent_prefix_path/tello_description
-- Installing: /home/slaven/tello_ros_ws/install/tello_description/share/tello_description/environment/ament_prefix_path.sh
-- Installing: /home/slaven/tello_ros_ws/install/tello_description/share/tello_description/environment/ament_prefix_path.dsv
-- Installing: /home/slaven/tello_ros_ws/install/tello_description/share/tello_description/environment/path.sh
-- Installing: /home/slaven/tello_ros_ws/install/tello_description/share/tello_description/environment/path.dsv
-- Installing: /home/slaven/tello_ros_ws/install/tello_description/share/tello_description/local_setup.bash
-- Installing: /home/slaven/tello_ros_ws/install/tello_description/share/tello_description/local_setup.sh
-- Installing: /home/slaven/tello_ros_ws/install/tello_description/share/tello_description/local_setup.zsh
-- Installing: /home/slaven/tello_ros_ws/install/tello_description/share/tello_description/local_setup.dsv
-- Installing: /home/slaven/tello_ros_ws/install/tello_description/share/tello_description/package.dsv
-- Installing: /home/slaven/tello_ros_ws/install/tello_description/share/ament_index/resource_index/packages/tello_description
-- Installing: /home/slaven/tello_ros_ws/install/tello_description/share/tello_description/cmake/tello_descriptionConfig.cmake
-- Installing: /home/slaven/tello_ros_ws/install/tello_description/share/tello_description/cmake/tello_descriptionConfig-version.cmake
-- Installing: /home/slaven/tello_ros_ws/install/tello_description/share/tello_description/package.xml
