[0.004s] Invoking command in '/home/slaven/tello_ros_ws/build/tello_description': CMAKE_PREFIX_PATH=${CMAKE_PREFIX_PATH}:/home/slaven/tello_ros_ws/install/tello_pilot:/home/slaven/tello_ros_ws/install/ros2_aruco:/home/slaven/tello_ros_ws/install/p_controller:/opt/ros/humble /usr/bin/cmake /home/slaven/tello_ros_ws/src/tello_ros/tello_description -DCMAKE_INSTALL_PREFIX=/home/slaven/tello_ros_ws/install/tello_description
[0.079s] -- The C compiler identification is GNU 11.4.0
[0.116s] -- The CXX compiler identification is GNU 11.4.0
[0.124s] -- Detecting C compiler ABI info
[0.174s] -- Detecting C compiler ABI info - done
[0.180s] -- Check for working C compiler: /usr/bin/cc - skipped
[0.181s] -- Detecting C compile features
[0.181s] -- Detecting C compile features - done
[0.183s] -- Detecting CXX compiler ABI info
[0.240s] -- Detecting CXX compiler ABI info - done
[0.246s] -- Check for working CXX compiler: /usr/bin/c++ - skipped
[0.246s] -- Detecting CXX compile features
[0.246s] -- Detecting CXX compile features - done
[0.248s] -- Found ament_cmake: 1.3.8 (/opt/ros/humble/share/ament_cmake/cmake)
[0.441s] -- Found Python3: /usr/bin/python3 (found version "3.10.12") found components: Interpreter 
[0.645s] -- Found Python3: /usr/bin/python3 (found version "3.10.12") found components: Interpreter Development Development.Module Development.Embed 
[0.646s] -- creating rules for /home/slaven/tello_ros_ws/build/tello_description/urdf/tello.urdf
[0.646s] -- creating rules for /home/slaven/tello_ros_ws/build/tello_description/urdf/tello_1.urdf
[0.646s] -- creating rules for /home/slaven/tello_ros_ws/build/tello_description/urdf/tello_2.urdf
[0.646s] -- creating rules for /home/slaven/tello_ros_ws/build/tello_description/urdf/tello_3.urdf
[0.646s] -- creating rules for /home/slaven/tello_ros_ws/build/tello_description/urdf/tello_4.urdf
[0.646s] -- creating rules for /home/slaven/tello_ros_ws/build/tello_description/urdf/tello_5.urdf
[0.646s] -- creating rules for /home/slaven/tello_ros_ws/build/tello_description/urdf/tello_6.urdf
[0.646s] -- creating rules for /home/slaven/tello_ros_ws/build/tello_description/urdf/tello_7.urdf
[0.646s] -- creating rules for /home/slaven/tello_ros_ws/build/tello_description/urdf/tello_8.urdf
[0.699s] -- Configuring done
[0.703s] -- Generating done
[0.704s] -- Build files have been written to: /home/slaven/tello_ros_ws/build/tello_description
[0.708s] Invoked command in '/home/slaven/tello_ros_ws/build/tello_description' returned '0': CMAKE_PREFIX_PATH=${CMAKE_PREFIX_PATH}:/home/slaven/tello_ros_ws/install/tello_pilot:/home/slaven/tello_ros_ws/install/ros2_aruco:/home/slaven/tello_ros_ws/install/p_controller:/opt/ros/humble /usr/bin/cmake /home/slaven/tello_ros_ws/src/tello_ros/tello_description -DCMAKE_INSTALL_PREFIX=/home/slaven/tello_ros_ws/install/tello_description
[0.709s] Invoking command in '/home/slaven/tello_ros_ws/build/tello_description': CMAKE_PREFIX_PATH=${CMAKE_PREFIX_PATH}:/home/slaven/tello_ros_ws/install/tello_pilot:/home/slaven/tello_ros_ws/install/ros2_aruco:/home/slaven/tello_ros_ws/install/p_controller:/opt/ros/humble /usr/bin/cmake --build /home/slaven/tello_ros_ws/build/tello_description -- -j2 -l2
[0.752s] [ 11%] [34m[1mGenerate /home/slaven/tello_ros_ws/build/tello_description/urdf/tello.urdf[0m
[0.755s] [ 22%] [34m[1mGenerate /home/slaven/tello_ros_ws/build/tello_description/urdf/tello_1.urdf[0m
[0.786s] [ 22%] Built target generate_urdf
[0.786s] [ 22%] Built target generate_urdf_1
[0.806s] [ 33%] [34m[1mGenerate /home/slaven/tello_ros_ws/build/tello_description/urdf/tello_2.urdf[0m
[0.807s] [ 44%] [34m[1mGenerate /home/slaven/tello_ros_ws/build/tello_description/urdf/tello_3.urdf[0m
[0.858s] [ 44%] Built target generate_urdf_3
[0.858s] [ 44%] Built target generate_urdf_2
[0.876s] [ 55%] [34m[1mGenerate /home/slaven/tello_ros_ws/build/tello_description/urdf/tello_4.urdf[0m
[0.910s] [ 55%] Built target generate_urdf_4
[0.911s] [ 66%] [34m[1mGenerate /home/slaven/tello_ros_ws/build/tello_description/urdf/tello_5.urdf[0m
[0.940s] [ 77%] [34m[1mGenerate /home/slaven/tello_ros_ws/build/tello_description/urdf/tello_6.urdf[0m
[0.947s] [ 77%] Built target generate_urdf_5
[0.965s] [ 77%] Built target generate_urdf_6
[0.983s] [ 88%] [34m[1mGenerate /home/slaven/tello_ros_ws/build/tello_description/urdf/tello_8.urdf[0m
[1.008s] [100%] [34m[1mGenerate /home/slaven/tello_ros_ws/build/tello_description/urdf/tello_7.urdf[0m
[1.012s] [100%] Built target generate_urdf_8
[1.037s] [100%] Built target generate_urdf_7
[1.052s] Invoked command in '/home/slaven/tello_ros_ws/build/tello_description' returned '0': CMAKE_PREFIX_PATH=${CMAKE_PREFIX_PATH}:/home/slaven/tello_ros_ws/install/tello_pilot:/home/slaven/tello_ros_ws/install/ros2_aruco:/home/slaven/tello_ros_ws/install/p_controller:/opt/ros/humble /usr/bin/cmake --build /home/slaven/tello_ros_ws/build/tello_description -- -j2 -l2
[1.073s] Invoking command in '/home/slaven/tello_ros_ws/build/tello_description': CMAKE_PREFIX_PATH=${CMAKE_PREFIX_PATH}:/home/slaven/tello_ros_ws/install/tello_pilot:/home/slaven/tello_ros_ws/install/ros2_aruco:/home/slaven/tello_ros_ws/install/p_controller:/opt/ros/humble /usr/bin/cmake --install /home/slaven/tello_ros_ws/build/tello_description
[1.078s] -- Install configuration: ""
[1.079s] -- Installing: /home/slaven/tello_ros_ws/install/tello_description/share/tello_description/urdf
[1.079s] -- Installing: /home/slaven/tello_ros_ws/install/tello_description/share/tello_description/urdf/tello_3.urdf
[1.079s] -- Installing: /home/slaven/tello_ros_ws/install/tello_description/share/tello_description/urdf/tello_1.urdf
[1.079s] -- Installing: /home/slaven/tello_ros_ws/install/tello_description/share/tello_description/urdf/tello_5.urdf
[1.079s] -- Installing: /home/slaven/tello_ros_ws/install/tello_description/share/tello_description/urdf/tello.urdf
[1.079s] -- Installing: /home/slaven/tello_ros_ws/install/tello_description/share/tello_description/urdf/tello_7.urdf
[1.081s] -- Installing: /home/slaven/tello_ros_ws/install/tello_description/share/tello_description/urdf/tello_4.urdf
[1.082s] -- Installing: /home/slaven/tello_ros_ws/install/tello_description/share/tello_description/urdf/tello_8.urdf
[1.082s] -- Installing: /home/slaven/tello_ros_ws/install/tello_description/share/tello_description/urdf/tello_6.urdf
[1.082s] -- Installing: /home/slaven/tello_ros_ws/install/tello_description/share/tello_description/urdf/tello_2.urdf
[1.082s] -- Installing: /home/slaven/tello_ros_ws/install/tello_description/share/ament_index/resource_index/package_run_dependencies/tello_description
[1.085s] -- Installing: /home/slaven/tello_ros_ws/install/tello_description/share/ament_index/resource_index/parent_prefix_path/tello_description
[1.085s] -- Installing: /home/slaven/tello_ros_ws/install/tello_description/share/tello_description/environment/ament_prefix_path.sh
[1.085s] -- Installing: /home/slaven/tello_ros_ws/install/tello_description/share/tello_description/environment/ament_prefix_path.dsv
[1.085s] -- Installing: /home/slaven/tello_ros_ws/install/tello_description/share/tello_description/environment/path.sh
[1.085s] -- Installing: /home/slaven/tello_ros_ws/install/tello_description/share/tello_description/environment/path.dsv
[1.085s] -- Installing: /home/slaven/tello_ros_ws/install/tello_description/share/tello_description/local_setup.bash
[1.085s] -- Installing: /home/slaven/tello_ros_ws/install/tello_description/share/tello_description/local_setup.sh
[1.085s] -- Installing: /home/slaven/tello_ros_ws/install/tello_description/share/tello_description/local_setup.zsh
[1.085s] -- Installing: /home/slaven/tello_ros_ws/install/tello_description/share/tello_description/local_setup.dsv
[1.085s] -- Installing: /home/slaven/tello_ros_ws/install/tello_description/share/tello_description/package.dsv
[1.085s] -- Installing: /home/slaven/tello_ros_ws/install/tello_description/share/ament_index/resource_index/packages/tello_description
[1.085s] -- Installing: /home/slaven/tello_ros_ws/install/tello_description/share/tello_description/cmake/tello_descriptionConfig.cmake
[1.085s] -- Installing: /home/slaven/tello_ros_ws/install/tello_description/share/tello_description/cmake/tello_descriptionConfig-version.cmake
[1.085s] -- Installing: /home/slaven/tello_ros_ws/install/tello_description/share/tello_description/package.xml
[1.085s] Invoked command in '/home/slaven/tello_ros_ws/build/tello_description' returned '0': CMAKE_PREFIX_PATH=${CMAKE_PREFIX_PATH}:/home/slaven/tello_ros_ws/install/tello_pilot:/home/slaven/tello_ros_ws/install/ros2_aruco:/home/slaven/tello_ros_ws/install/p_controller:/opt/ros/humble /usr/bin/cmake --install /home/slaven/tello_ros_ws/build/tello_description
