[0.906s] Invoking command in '/home/slaven/tello_ros_ws/src/p_controller': PYTHONPATH=/home/slaven/tello_ros_ws/build/p_controller/prefix_override:/home/slaven/tello_ros_ws/install/p_controller/lib/python3.10/site-packages:${PYTHONPATH} /usr/bin/python3 -W ignore:setup.py install is deprecated setup.py egg_info --egg-base ../../build/p_controller build --build-base /home/slaven/tello_ros_ws/build/p_controller/build install --record /home/slaven/tello_ros_ws/build/p_controller/install.log --single-version-externally-managed install_data
[1.268s] running egg_info
[1.269s] writing ../../build/p_controller/p_controller.egg-info/PKG-INFO
[1.270s] writing dependency_links to ../../build/p_controller/p_controller.egg-info/dependency_links.txt
[1.271s] writing entry points to ../../build/p_controller/p_controller.egg-info/entry_points.txt
[1.271s] writing requirements to ../../build/p_controller/p_controller.egg-info/requires.txt
[1.272s] writing top-level names to ../../build/p_controller/p_controller.egg-info/top_level.txt
[1.273s] reading manifest file '../../build/p_controller/p_controller.egg-info/SOURCES.txt'
[1.274s] adding license file 'LICENSE'
[1.275s] writing manifest file '../../build/p_controller/p_controller.egg-info/SOURCES.txt'
[1.275s] running build
[1.275s] running build_py
[1.276s] running install
[1.276s] running install_lib
[1.276s] running install_data
[1.277s] running install_egg_info
[1.278s] removing '/home/slaven/tello_ros_ws/install/p_controller/lib/python3.10/site-packages/p_controller-0.0.0-py3.10.egg-info' (and everything under it)
[1.278s] Copying ../../build/p_controller/p_controller.egg-info to /home/slaven/tello_ros_ws/install/p_controller/lib/python3.10/site-packages/p_controller-0.0.0-py3.10.egg-info
[1.279s] running install_scripts
[1.299s] Installing p_controller script to /home/slaven/tello_ros_ws/install/p_controller/lib/p_controller
[1.301s] writing list of installed files to '/home/slaven/tello_ros_ws/build/p_controller/install.log'
[1.335s] Invoked command in '/home/slaven/tello_ros_ws/src/p_controller' returned '0': PYTHONPATH=/home/slaven/tello_ros_ws/build/p_controller/prefix_override:/home/slaven/tello_ros_ws/install/p_controller/lib/python3.10/site-packages:${PYTHONPATH} /usr/bin/python3 -W ignore:setup.py install is deprecated setup.py egg_info --egg-base ../../build/p_controller build --build-base /home/slaven/tello_ros_ws/build/p_controller/build install --record /home/slaven/tello_ros_ws/build/p_controller/install.log --single-version-externally-managed install_data
