[0.005s] Invoking command in '/home/slaven/tello_ros_ws/build/tello_gazebo': CMAKE_PREFIX_PATH=/home/slaven/tello_ros_ws/install/tello_msgs:/home/slaven/tello_ros_ws/install/tello_gazebo:/home/slaven/tello_ros_ws/install/tello_driver:/home/slaven/tello_ros_ws/install/tello_description:/home/slaven/tello_ros_ws/install/ros2_shared:/home/slaven/tello_ros_ws/install/ros2_aruco_interfaces:/home/slaven/tello_ros_ws/install/tello_pilot:/home/slaven/tello_ros_ws/install/ros2_aruco:/home/slaven/tello_ros_ws/install/p_controller:/opt/ros/humble LD_LIBRARY_PATH=/home/slaven/tello_ros_ws/install/tello_msgs/lib:/home/slaven/tello_ros_ws/install/tello_gazebo/lib:/home/slaven/tello_ros_ws/install/tello_driver/lib:/home/slaven/tello_ros_ws/install/ros2_aruco_interfaces/lib:/usr/lib/x86_64-linux-gnu/gazebo-11/plugins:/opt/ros/humble/opt/rviz_ogre_vendor/lib:/opt/ros/humble/lib/x86_64-linux-gnu:/opt/ros/humble/lib /usr/bin/cmake /home/slaven/tello_ros_ws/src/tello_ros/tello_gazebo -DCMAKE_INSTALL_PREFIX=/home/slaven/tello_ros_ws/install/tello_gazebo
[0.063s] -- The C compiler identification is GNU 11.4.0
[0.089s] -- The CXX compiler identification is GNU 11.4.0
[0.093s] -- Detecting C compiler ABI info
[0.153s] -- Detecting C compiler ABI info - done
[0.157s] -- Check for working C compiler: /usr/bin/cc - skipped
[0.158s] -- Detecting C compile features
[0.158s] -- Detecting C compile features - done
[0.160s] -- Detecting CXX compiler ABI info
[0.217s] -- Detecting CXX compiler ABI info - done
[0.223s] -- Check for working CXX compiler: /usr/bin/c++ - skipped
[0.224s] -- Detecting CXX compile features
[0.225s] -- Detecting CXX compile features - done
[0.226s] -- Found ament_cmake: 1.3.8 (/opt/ros/humble/share/ament_cmake/cmake)
[0.338s] -- Found Python3: /usr/bin/python3 (found version "3.10.12") found components: Interpreter 
[0.406s] [33mCMake Warning (dev) at /usr/share/cmake-3.22/Modules/FindPackageHandleStandardArgs.cmake:438 (message):
[0.406s]   The package name passed to `find_package_handle_standard_args` (PkgConfig)
[0.406s]   does not match the name of the calling package (gazebo).  This can lead to
[0.406s]   problems in calling code that expects `find_package` result variables
[0.407s]   (e.g., `_FOUND`) to follow a certain pattern.
[0.407s] Call Stack (most recent call first):
[0.407s]   /usr/share/cmake-3.22/Modules/FindPkgConfig.cmake:99 (find_package_handle_standard_args)
[0.407s]   /usr/lib/x86_64-linux-gnu/cmake/gazebo/gazebo-config.cmake:72 (include)
[0.407s]   CMakeLists.txt:20 (find_package)
[0.407s] This warning is for project developers.  Use -Wno-dev to suppress it.
[0.407s] [0m
[0.407s] -- Found PkgConfig: /usr/bin/pkg-config (found version "0.29.2") 
[0.410s] -- Checking for module 'bullet>=2.82'
[0.419s] --   Found bullet, version 3.05
[0.503s] -- Found fcl: /usr/include (found suitable version "0.7.0", minimum required is "0.5.0") 
[0.538s] -- Found assimp: /usr/include (found version "5.2.0") 
[0.568s] -- Found DART: /usr/include (Required is at least version "6.6") found components: dart 
[0.721s] -- Found Boost: /usr/lib/x86_64-linux-gnu/cmake/Boost-1.74.0/BoostConfig.cmake (found suitable version "1.74.0", minimum required is "1.40.0") found components: thread system filesystem program_options regex iostreams date_time 
[0.755s] -- Found Protobuf: /usr/lib/x86_64-linux-gnu/libprotobuf.so (found version "3.12.4") 
[0.759s] -- Looking for ignition-math6 -- found version 6.15.1
[0.768s] -- Searching for dependencies of ignition-math6
[0.770s] -- Looking for OGRE...
[0.770s] -- OGRE_PREFIX_WATCH changed.
[0.775s] -- Checking for module 'OGRE'
[0.782s] --   Found OGRE, version 1.9.0
[0.804s] -- Found Ogre Ghadamon (1.9.0)
[0.817s] -- Found OGRE: optimized;/usr/lib/x86_64-linux-gnu/libOgreMain.so;debug;/usr/lib/x86_64-linux-gnu/libOgreMain.so
[0.818s] -- Looking for OGRE_Paging...
[0.821s] -- Found OGRE_Paging: optimized;/usr/lib/x86_64-linux-gnu/libOgrePaging.so;debug;/usr/lib/x86_64-linux-gnu/libOgrePaging.so
[0.821s] -- Looking for OGRE_Terrain...
[0.824s] -- Found OGRE_Terrain: optimized;/usr/lib/x86_64-linux-gnu/libOgreTerrain.so;debug;/usr/lib/x86_64-linux-gnu/libOgreTerrain.so
[0.834s] -- Looking for OGRE_Property...
[0.834s] -- Found OGRE_Property: optimized;/usr/lib/x86_64-linux-gnu/libOgreProperty.so;debug;/usr/lib/x86_64-linux-gnu/libOgreProperty.so
[0.834s] -- Looking for OGRE_RTShaderSystem...
[0.834s] -- Found OGRE_RTShaderSystem: optimized;/usr/lib/x86_64-linux-gnu/libOgreRTShaderSystem.so;debug;/usr/lib/x86_64-linux-gnu/libOgreRTShaderSystem.so
[0.834s] -- Looking for OGRE_Volume...
[0.834s] -- Found OGRE_Volume: optimized;/usr/lib/x86_64-linux-gnu/libOgreVolume.so;debug;/usr/lib/x86_64-linux-gnu/libOgreVolume.so
[0.834s] -- Looking for OGRE_Overlay...
[0.839s] -- Found OGRE_Overlay: optimized;/usr/lib/x86_64-linux-gnu/libOgreOverlay.so;debug;/usr/lib/x86_64-linux-gnu/libOgreOverlay.so
[0.943s] -- Looking for ignition-math6 -- found version 6.15.1
[0.946s] -- Looking for ignition-transport8 -- found version 8.2.1
[0.946s] -- Searching for dependencies of ignition-transport8
[0.972s] -- Found Protobuf: /usr/lib/x86_64-linux-gnu/libprotobuf.so (found suitable version "3.12.4", minimum required is "3") 
[0.981s] -- Config-file not installed for ZeroMQ -- checking for pkg-config
[0.984s] -- Checking for module 'libzmq >= 4'
[1.001s] --   Found libzmq , version 4.3.4
[1.022s] -- Found ZeroMQ: TRUE (Required is at least version "4") 
[1.029s] -- Checking for module 'uuid'
[1.040s] --   Found uuid, version 2.37.2
[1.069s] -- Found UUID: TRUE  
[1.074s] -- Looking for ignition-msgs5 -- found version 5.8.1
[1.074s] -- Searching for dependencies of ignition-msgs5
[1.090s] -- Looking for ignition-math6 -- found version 6.15.1
[1.094s] -- Checking for module 'tinyxml2'
[1.104s] --   Found tinyxml2, version 9.0.0
[1.133s] -- Looking for ignition-msgs5 -- found version 5.8.1
[1.137s] -- Looking for ignition-common3 -- found version 3.14.0
[1.137s] -- Searching for dependencies of ignition-common3
[1.138s] -- Looking for dlfcn.h - found
[1.139s] -- Looking for libdl - found
[1.141s] -- Found DL: TRUE  
[1.158s] -- Found tinyobjloader: /usr/lib/x86_64-linux-gnu/cmake/tinyobjloader/tinyobjloader-config.cmake (found version "2.0.0") 
[1.159s] -- Searching for <ignition-common3> component [graphics]
[1.163s] -- Looking for ignition-common3-graphics -- found version 3.14.0
[1.163s] -- Searching for dependencies of ignition-common3-graphics
[1.163s] -- Looking for ignition-math6 -- found version 6.15.1
[1.168s] -- Looking for ignition-fuel_tools4 -- found version 4.4.0
[1.168s] -- Searching for dependencies of ignition-fuel_tools4
[1.230s] -- Found CURL: /usr/lib/x86_64-linux-gnu/libcurl.so (found version "7.81.0")  
[1.243s] -- Checking for module 'jsoncpp'
[1.254s] --   Found jsoncpp, version 1.9.5
[1.291s] -- Found JSONCPP: TRUE  
[1.297s] -- Checking for module 'libzip'
[1.309s] --   Found libzip, version 1.7.3
[1.338s] -- Found ZIP: TRUE  
[1.340s] -- Looking for ignition-common3 -- found version 3.14.0
[1.342s] -- Looking for ignition-math6 -- found version 6.15.1
[1.342s] -- Looking for ignition-msgs5 -- found version 5.8.1
[1.357s] -- Found gazebo_dev: 3.7.0 (/opt/ros/humble/share/gazebo_dev/cmake)
[1.357s] -- Gazebo version: 11.10
[1.357s] -- Checking for module 'tbb'
[1.369s] --   Found tbb, version 2021.5.0
[1.399s] -- Found gazebo_ros: 3.7.0 (/opt/ros/humble/share/gazebo_ros/cmake)
[1.444s] -- Found rosidl_generator_c: 3.1.5 (/opt/ros/humble/share/rosidl_generator_c/cmake)
[1.448s] -- Found rosidl_adapter: 3.1.5 (/opt/ros/humble/share/rosidl_adapter/cmake)
[1.455s] -- Found rosidl_generator_cpp: 3.1.5 (/opt/ros/humble/share/rosidl_generator_cpp/cmake)
[1.466s] -- Using all available rosidl_typesupport_c: rosidl_typesupport_fastrtps_c;rosidl_typesupport_introspection_c
[1.482s] -- Using all available rosidl_typesupport_cpp: rosidl_typesupport_fastrtps_cpp;rosidl_typesupport_introspection_cpp
[1.533s] -- Found rmw_implementation_cmake: 6.1.1 (/opt/ros/humble/share/rmw_implementation_cmake/cmake)
[1.534s] -- Found rmw_fastrtps_cpp: 6.2.6 (/opt/ros/humble/share/rmw_fastrtps_cpp/cmake)
[1.613s] -- Found OpenSSL: /usr/lib/x86_64-linux-gnu/libcrypto.so (found version "3.0.2")  
[1.632s] -- Found FastRTPS: /opt/ros/humble/include  
[1.681s] -- Using RMW implementation 'rmw_fastrtps_cpp' as default
[1.694s] -- Found Threads: TRUE  
[1.886s] -- Found geometry_msgs: 4.2.3 (/opt/ros/humble/share/geometry_msgs/cmake)
[1.932s] -- Found sensor_msgs: 4.2.3 (/opt/ros/humble/share/sensor_msgs/cmake)
[2.023s] -- Found tello_msgs: 0.1.0 (/home/slaven/tello_ros_ws/install/tello_msgs/share/tello_msgs/cmake)
[2.151s] -- Configuring done
[2.231s] -- Generating done
[2.238s] -- Build files have been written to: /home/slaven/tello_ros_ws/build/tello_gazebo
[2.254s] Invoked command in '/home/slaven/tello_ros_ws/build/tello_gazebo' returned '0': CMAKE_PREFIX_PATH=/home/slaven/tello_ros_ws/install/tello_msgs:/home/slaven/tello_ros_ws/install/tello_gazebo:/home/slaven/tello_ros_ws/install/tello_driver:/home/slaven/tello_ros_ws/install/tello_description:/home/slaven/tello_ros_ws/install/ros2_shared:/home/slaven/tello_ros_ws/install/ros2_aruco_interfaces:/home/slaven/tello_ros_ws/install/tello_pilot:/home/slaven/tello_ros_ws/install/ros2_aruco:/home/slaven/tello_ros_ws/install/p_controller:/opt/ros/humble LD_LIBRARY_PATH=/home/slaven/tello_ros_ws/install/tello_msgs/lib:/home/slaven/tello_ros_ws/install/tello_gazebo/lib:/home/slaven/tello_ros_ws/install/tello_driver/lib:/home/slaven/tello_ros_ws/install/ros2_aruco_interfaces/lib:/usr/lib/x86_64-linux-gnu/gazebo-11/plugins:/opt/ros/humble/opt/rviz_ogre_vendor/lib:/opt/ros/humble/lib/x86_64-linux-gnu:/opt/ros/humble/lib /usr/bin/cmake /home/slaven/tello_ros_ws/src/tello_ros/tello_gazebo -DCMAKE_INSTALL_PREFIX=/home/slaven/tello_ros_ws/install/tello_gazebo
[2.254s] Invoking command in '/home/slaven/tello_ros_ws/build/tello_gazebo': CMAKE_PREFIX_PATH=/home/slaven/tello_ros_ws/install/tello_msgs:/home/slaven/tello_ros_ws/install/tello_gazebo:/home/slaven/tello_ros_ws/install/tello_driver:/home/slaven/tello_ros_ws/install/tello_description:/home/slaven/tello_ros_ws/install/ros2_shared:/home/slaven/tello_ros_ws/install/ros2_aruco_interfaces:/home/slaven/tello_ros_ws/install/tello_pilot:/home/slaven/tello_ros_ws/install/ros2_aruco:/home/slaven/tello_ros_ws/install/p_controller:/opt/ros/humble LD_LIBRARY_PATH=/home/slaven/tello_ros_ws/install/tello_msgs/lib:/home/slaven/tello_ros_ws/install/tello_gazebo/lib:/home/slaven/tello_ros_ws/install/tello_driver/lib:/home/slaven/tello_ros_ws/install/ros2_aruco_interfaces/lib:/usr/lib/x86_64-linux-gnu/gazebo-11/plugins:/opt/ros/humble/opt/rviz_ogre_vendor/lib:/opt/ros/humble/lib/x86_64-linux-gnu:/opt/ros/humble/lib /usr/bin/cmake --build /home/slaven/tello_ros_ws/build/tello_gazebo -- -j2 -l2
[2.307s] [ 50%] [32mBuilding CXX object CMakeFiles/TelloPlugin.dir/src/tello_plugin.cpp.o[0m
[40.254s] [100%] [32m[1mLinking CXX shared library libTelloPlugin.so[0m
[41.654s] [100%] Built target TelloPlugin
[41.662s] Invoked command in '/home/slaven/tello_ros_ws/build/tello_gazebo' returned '0': CMAKE_PREFIX_PATH=/home/slaven/tello_ros_ws/install/tello_msgs:/home/slaven/tello_ros_ws/install/tello_gazebo:/home/slaven/tello_ros_ws/install/tello_driver:/home/slaven/tello_ros_ws/install/tello_description:/home/slaven/tello_ros_ws/install/ros2_shared:/home/slaven/tello_ros_ws/install/ros2_aruco_interfaces:/home/slaven/tello_ros_ws/install/tello_pilot:/home/slaven/tello_ros_ws/install/ros2_aruco:/home/slaven/tello_ros_ws/install/p_controller:/opt/ros/humble LD_LIBRARY_PATH=/home/slaven/tello_ros_ws/install/tello_msgs/lib:/home/slaven/tello_ros_ws/install/tello_gazebo/lib:/home/slaven/tello_ros_ws/install/tello_driver/lib:/home/slaven/tello_ros_ws/install/ros2_aruco_interfaces/lib:/usr/lib/x86_64-linux-gnu/gazebo-11/plugins:/opt/ros/humble/opt/rviz_ogre_vendor/lib:/opt/ros/humble/lib/x86_64-linux-gnu:/opt/ros/humble/lib /usr/bin/cmake --build /home/slaven/tello_ros_ws/build/tello_gazebo -- -j2 -l2
[41.680s] Invoking command in '/home/slaven/tello_ros_ws/build/tello_gazebo': CMAKE_PREFIX_PATH=/home/slaven/tello_ros_ws/install/tello_msgs:/home/slaven/tello_ros_ws/install/tello_gazebo:/home/slaven/tello_ros_ws/install/tello_driver:/home/slaven/tello_ros_ws/install/tello_description:/home/slaven/tello_ros_ws/install/ros2_shared:/home/slaven/tello_ros_ws/install/ros2_aruco_interfaces:/home/slaven/tello_ros_ws/install/tello_pilot:/home/slaven/tello_ros_ws/install/ros2_aruco:/home/slaven/tello_ros_ws/install/p_controller:/opt/ros/humble LD_LIBRARY_PATH=/home/slaven/tello_ros_ws/install/tello_msgs/lib:/home/slaven/tello_ros_ws/install/tello_gazebo/lib:/home/slaven/tello_ros_ws/install/tello_driver/lib:/home/slaven/tello_ros_ws/install/ros2_aruco_interfaces/lib:/usr/lib/x86_64-linux-gnu/gazebo-11/plugins:/opt/ros/humble/opt/rviz_ogre_vendor/lib:/opt/ros/humble/lib/x86_64-linux-gnu:/opt/ros/humble/lib /usr/bin/cmake --install /home/slaven/tello_ros_ws/build/tello_gazebo
[41.690s] -- Install configuration: ""
[41.690s] -- Installing: /home/slaven/tello_ros_ws/install/tello_gazebo/lib/libTelloPlugin.so
[41.690s] -- Set runtime path of "/home/slaven/tello_ros_ws/install/tello_gazebo/lib/libTelloPlugin.so" to ""
[41.690s] -- Installing: /home/slaven/tello_ros_ws/install/tello_gazebo/share/tello_gazebo/models
[41.690s] -- Installing: /home/slaven/tello_ros_ws/install/tello_gazebo/share/tello_gazebo/models/marker_6
[41.690s] -- Installing: /home/slaven/tello_ros_ws/install/tello_gazebo/share/tello_gazebo/models/marker_6/model.config
[41.690s] -- Installing: /home/slaven/tello_ros_ws/install/tello_gazebo/share/tello_gazebo/models/marker_6/model.sdf
[41.690s] -- Installing: /home/slaven/tello_ros_ws/install/tello_gazebo/share/tello_gazebo/models/marker_6/materials
[41.690s] -- Installing: /home/slaven/tello_ros_ws/install/tello_gazebo/share/tello_gazebo/models/marker_6/materials/scripts
[41.690s] -- Installing: /home/slaven/tello_ros_ws/install/tello_gazebo/share/tello_gazebo/models/marker_6/materials/scripts/marker_6.material
[41.690s] -- Installing: /home/slaven/tello_ros_ws/install/tello_gazebo/share/tello_gazebo/models/marker_6/materials/textures
[41.690s] -- Installing: /home/slaven/tello_ros_ws/install/tello_gazebo/share/tello_gazebo/models/marker_6/materials/textures/aruco_mark_6.png
[41.690s] -- Installing: /home/slaven/tello_ros_ws/install/tello_gazebo/share/tello_gazebo/models/marker_6/materials/textures/aruco_mark_6.svg
[41.691s] -- Installing: /home/slaven/tello_ros_ws/install/tello_gazebo/share/tello_gazebo/models/marker_7
[41.691s] -- Installing: /home/slaven/tello_ros_ws/install/tello_gazebo/share/tello_gazebo/models/marker_7/model.config
[41.691s] -- Installing: /home/slaven/tello_ros_ws/install/tello_gazebo/share/tello_gazebo/models/marker_7/model.sdf
[41.691s] -- Installing: /home/slaven/tello_ros_ws/install/tello_gazebo/share/tello_gazebo/models/marker_7/materials
[41.691s] -- Installing: /home/slaven/tello_ros_ws/install/tello_gazebo/share/tello_gazebo/models/marker_7/materials/scripts
[41.691s] -- Installing: /home/slaven/tello_ros_ws/install/tello_gazebo/share/tello_gazebo/models/marker_7/materials/scripts/marker_7.material
[41.691s] -- Installing: /home/slaven/tello_ros_ws/install/tello_gazebo/share/tello_gazebo/models/marker_7/materials/textures
[41.691s] -- Installing: /home/slaven/tello_ros_ws/install/tello_gazebo/share/tello_gazebo/models/marker_7/materials/textures/aruco_mark_7.svg
[41.692s] -- Installing: /home/slaven/tello_ros_ws/install/tello_gazebo/share/tello_gazebo/models/marker_7/materials/textures/aruco_mark_7.png
[41.692s] -- Installing: /home/slaven/tello_ros_ws/install/tello_gazebo/share/tello_gazebo/models/marker_3
[41.692s] -- Installing: /home/slaven/tello_ros_ws/install/tello_gazebo/share/tello_gazebo/models/marker_3/model.config
[41.692s] -- Installing: /home/slaven/tello_ros_ws/install/tello_gazebo/share/tello_gazebo/models/marker_3/model.sdf
[41.692s] -- Installing: /home/slaven/tello_ros_ws/install/tello_gazebo/share/tello_gazebo/models/marker_3/materials
[41.693s] -- Installing: /home/slaven/tello_ros_ws/install/tello_gazebo/share/tello_gazebo/models/marker_3/materials/scripts
[41.693s] -- Installing: /home/slaven/tello_ros_ws/install/tello_gazebo/share/tello_gazebo/models/marker_3/materials/scripts/marker_3.material
[41.693s] -- Installing: /home/slaven/tello_ros_ws/install/tello_gazebo/share/tello_gazebo/models/marker_3/materials/textures
[41.693s] -- Installing: /home/slaven/tello_ros_ws/install/tello_gazebo/share/tello_gazebo/models/marker_3/materials/textures/aruco_mark_3.png
[41.693s] -- Installing: /home/slaven/tello_ros_ws/install/tello_gazebo/share/tello_gazebo/models/marker_3/materials/textures/aruco_mark_3.svg
[41.693s] -- Installing: /home/slaven/tello_ros_ws/install/tello_gazebo/share/tello_gazebo/models/marker_2
[41.693s] -- Installing: /home/slaven/tello_ros_ws/install/tello_gazebo/share/tello_gazebo/models/marker_2/model.config
[41.694s] -- Installing: /home/slaven/tello_ros_ws/install/tello_gazebo/share/tello_gazebo/models/marker_2/model.sdf
[41.694s] -- Installing: /home/slaven/tello_ros_ws/install/tello_gazebo/share/tello_gazebo/models/marker_2/materials
[41.694s] -- Installing: /home/slaven/tello_ros_ws/install/tello_gazebo/share/tello_gazebo/models/marker_2/materials/scripts
[41.694s] -- Installing: /home/slaven/tello_ros_ws/install/tello_gazebo/share/tello_gazebo/models/marker_2/materials/scripts/marker_2.material
[41.694s] -- Installing: /home/slaven/tello_ros_ws/install/tello_gazebo/share/tello_gazebo/models/marker_2/materials/textures
[41.695s] -- Installing: /home/slaven/tello_ros_ws/install/tello_gazebo/share/tello_gazebo/models/marker_2/materials/textures/aruco_mark_2.png
[41.695s] -- Installing: /home/slaven/tello_ros_ws/install/tello_gazebo/share/tello_gazebo/models/marker_2/materials/textures/aruco_mark_2.svg
[41.695s] -- Installing: /home/slaven/tello_ros_ws/install/tello_gazebo/share/tello_gazebo/models/marker_0
[41.695s] -- Installing: /home/slaven/tello_ros_ws/install/tello_gazebo/share/tello_gazebo/models/marker_0/model.config
[41.696s] -- Installing: /home/slaven/tello_ros_ws/install/tello_gazebo/share/tello_gazebo/models/marker_0/model.sdf
[41.696s] -- Installing: /home/slaven/tello_ros_ws/install/tello_gazebo/share/tello_gazebo/models/marker_0/materials
[41.696s] -- Installing: /home/slaven/tello_ros_ws/install/tello_gazebo/share/tello_gazebo/models/marker_0/materials/scripts
[41.696s] -- Installing: /home/slaven/tello_ros_ws/install/tello_gazebo/share/tello_gazebo/models/marker_0/materials/scripts/marker_0.material
[41.697s] -- Installing: /home/slaven/tello_ros_ws/install/tello_gazebo/share/tello_gazebo/models/marker_0/materials/textures
[41.697s] -- Installing: /home/slaven/tello_ros_ws/install/tello_gazebo/share/tello_gazebo/models/marker_0/materials/textures/aruco_mark_0.png
[41.697s] -- Installing: /home/slaven/tello_ros_ws/install/tello_gazebo/share/tello_gazebo/models/marker_0/materials/textures/aruco_mark_0.svg
[41.697s] -- Installing: /home/slaven/tello_ros_ws/install/tello_gazebo/share/tello_gazebo/models/marker_1
[41.697s] -- Installing: /home/slaven/tello_ros_ws/install/tello_gazebo/share/tello_gazebo/models/marker_1/model.config
[41.697s] -- Installing: /home/slaven/tello_ros_ws/install/tello_gazebo/share/tello_gazebo/models/marker_1/model.sdf
[41.697s] -- Installing: /home/slaven/tello_ros_ws/install/tello_gazebo/share/tello_gazebo/models/marker_1/materials
[41.697s] -- Installing: /home/slaven/tello_ros_ws/install/tello_gazebo/share/tello_gazebo/models/marker_1/materials/scripts
[41.697s] -- Installing: /home/slaven/tello_ros_ws/install/tello_gazebo/share/tello_gazebo/models/marker_1/materials/scripts/marker_1.material
[41.697s] -- Installing: /home/slaven/tello_ros_ws/install/tello_gazebo/share/tello_gazebo/models/marker_1/materials/textures
[41.697s] -- Installing: /home/slaven/tello_ros_ws/install/tello_gazebo/share/tello_gazebo/models/marker_1/materials/textures/aruco_mark_1.svg
[41.698s] -- Installing: /home/slaven/tello_ros_ws/install/tello_gazebo/share/tello_gazebo/models/marker_1/materials/textures/aruco_mark_1.png
[41.698s] -- Installing: /home/slaven/tello_ros_ws/install/tello_gazebo/share/tello_gazebo/models/marker_5
[41.698s] -- Installing: /home/slaven/tello_ros_ws/install/tello_gazebo/share/tello_gazebo/models/marker_5/model.config
[41.698s] -- Installing: /home/slaven/tello_ros_ws/install/tello_gazebo/share/tello_gazebo/models/marker_5/model.sdf
[41.698s] -- Installing: /home/slaven/tello_ros_ws/install/tello_gazebo/share/tello_gazebo/models/marker_5/materials
[41.698s] -- Installing: /home/slaven/tello_ros_ws/install/tello_gazebo/share/tello_gazebo/models/marker_5/materials/scripts
[41.698s] -- Installing: /home/slaven/tello_ros_ws/install/tello_gazebo/share/tello_gazebo/models/marker_5/materials/scripts/marker_5.material
[41.698s] -- Installing: /home/slaven/tello_ros_ws/install/tello_gazebo/share/tello_gazebo/models/marker_5/materials/textures
[41.698s] -- Installing: /home/slaven/tello_ros_ws/install/tello_gazebo/share/tello_gazebo/models/marker_5/materials/textures/aruco_mark_5.svg
[41.698s] -- Installing: /home/slaven/tello_ros_ws/install/tello_gazebo/share/tello_gazebo/models/marker_5/materials/textures/aruco_mark_5.png
[41.698s] -- Installing: /home/slaven/tello_ros_ws/install/tello_gazebo/share/tello_gazebo/models/marker_4
[41.700s] -- Installing: /home/slaven/tello_ros_ws/install/tello_gazebo/share/tello_gazebo/models/marker_4/model.config
[41.700s] -- Installing: /home/slaven/tello_ros_ws/install/tello_gazebo/share/tello_gazebo/models/marker_4/model.sdf
[41.700s] -- Installing: /home/slaven/tello_ros_ws/install/tello_gazebo/share/tello_gazebo/models/marker_4/materials
[41.700s] -- Installing: /home/slaven/tello_ros_ws/install/tello_gazebo/share/tello_gazebo/models/marker_4/materials/scripts
[41.701s] -- Installing: /home/slaven/tello_ros_ws/install/tello_gazebo/share/tello_gazebo/models/marker_4/materials/scripts/marker_4.material
[41.701s] -- Installing: /home/slaven/tello_ros_ws/install/tello_gazebo/share/tello_gazebo/models/marker_4/materials/textures
[41.701s] -- Installing: /home/slaven/tello_ros_ws/install/tello_gazebo/share/tello_gazebo/models/marker_4/materials/textures/aruco_mark_4.png
[41.701s] -- Installing: /home/slaven/tello_ros_ws/install/tello_gazebo/share/tello_gazebo/models/marker_4/materials/textures/aruco_mark_4.svg
[41.701s] -- Installing: /home/slaven/tello_ros_ws/install/tello_gazebo/share/tello_gazebo/worlds
[41.701s] -- Installing: /home/slaven/tello_ros_ws/install/tello_gazebo/share/tello_gazebo/worlds/build_world.py
[41.702s] -- Installing: /home/slaven/tello_ros_ws/install/tello_gazebo/share/tello_gazebo/worlds/fiducial.world
[41.702s] -- Installing: /home/slaven/tello_ros_ws/install/tello_gazebo/share/tello_gazebo/worlds/simple.world
[41.702s] -- Installing: /home/slaven/tello_ros_ws/install/tello_gazebo/share/tello_gazebo/worlds/fiducial_map.yaml
[41.702s] -- Installing: /home/slaven/tello_ros_ws/install/tello_gazebo/share/tello_gazebo/worlds/f2_map.yaml
[41.702s] -- Installing: /home/slaven/tello_ros_ws/install/tello_gazebo/share/tello_gazebo/worlds/f2.world
[41.703s] -- Installing: /home/slaven/tello_ros_ws/install/tello_gazebo/share/tello_gazebo/launch
[41.703s] -- Installing: /home/slaven/tello_ros_ws/install/tello_gazebo/share/tello_gazebo/launch/vlam_launch.py
[41.703s] -- Installing: /home/slaven/tello_ros_ws/install/tello_gazebo/share/tello_gazebo/launch/simple_launch.py
[41.703s] -- Installing: /home/slaven/tello_ros_ws/install/tello_gazebo/lib/tello_gazebo/inject_entity.py
[41.703s] -- Installing: /home/slaven/tello_ros_ws/install/tello_gazebo/share/ament_index/resource_index/package_run_dependencies/tello_gazebo
[41.703s] -- Installing: /home/slaven/tello_ros_ws/install/tello_gazebo/share/ament_index/resource_index/parent_prefix_path/tello_gazebo
[41.703s] -- Installing: /home/slaven/tello_ros_ws/install/tello_gazebo/share/tello_gazebo/environment/ament_prefix_path.sh
[41.703s] -- Installing: /home/slaven/tello_ros_ws/install/tello_gazebo/share/tello_gazebo/environment/ament_prefix_path.dsv
[41.703s] -- Installing: /home/slaven/tello_ros_ws/install/tello_gazebo/share/tello_gazebo/environment/path.sh
[41.703s] -- Installing: /home/slaven/tello_ros_ws/install/tello_gazebo/share/tello_gazebo/environment/path.dsv
[41.703s] -- Installing: /home/slaven/tello_ros_ws/install/tello_gazebo/share/tello_gazebo/local_setup.bash
[41.703s] -- Installing: /home/slaven/tello_ros_ws/install/tello_gazebo/share/tello_gazebo/local_setup.sh
[41.703s] -- Installing: /home/slaven/tello_ros_ws/install/tello_gazebo/share/tello_gazebo/local_setup.zsh
[41.703s] -- Installing: /home/slaven/tello_ros_ws/install/tello_gazebo/share/tello_gazebo/local_setup.dsv
[41.703s] -- Installing: /home/slaven/tello_ros_ws/install/tello_gazebo/share/tello_gazebo/package.dsv
[41.703s] -- Installing: /home/slaven/tello_ros_ws/install/tello_gazebo/share/ament_index/resource_index/packages/tello_gazebo
[41.703s] -- Installing: /home/slaven/tello_ros_ws/install/tello_gazebo/share/tello_gazebo/cmake/tello_gazeboConfig.cmake
[41.703s] -- Installing: /home/slaven/tello_ros_ws/install/tello_gazebo/share/tello_gazebo/cmake/tello_gazeboConfig-version.cmake
[41.707s] -- Installing: /home/slaven/tello_ros_ws/install/tello_gazebo/share/tello_gazebo/package.xml
[41.707s] Invoked command in '/home/slaven/tello_ros_ws/build/tello_gazebo' returned '0': CMAKE_PREFIX_PATH=/home/slaven/tello_ros_ws/install/tello_msgs:/home/slaven/tello_ros_ws/install/tello_gazebo:/home/slaven/tello_ros_ws/install/tello_driver:/home/slaven/tello_ros_ws/install/tello_description:/home/slaven/tello_ros_ws/install/ros2_shared:/home/slaven/tello_ros_ws/install/ros2_aruco_interfaces:/home/slaven/tello_ros_ws/install/tello_pilot:/home/slaven/tello_ros_ws/install/ros2_aruco:/home/slaven/tello_ros_ws/install/p_controller:/opt/ros/humble LD_LIBRARY_PATH=/home/slaven/tello_ros_ws/install/tello_msgs/lib:/home/slaven/tello_ros_ws/install/tello_gazebo/lib:/home/slaven/tello_ros_ws/install/tello_driver/lib:/home/slaven/tello_ros_ws/install/ros2_aruco_interfaces/lib:/usr/lib/x86_64-linux-gnu/gazebo-11/plugins:/opt/ros/humble/opt/rviz_ogre_vendor/lib:/opt/ros/humble/lib/x86_64-linux-gnu:/opt/ros/humble/lib /usr/bin/cmake --install /home/slaven/tello_ros_ws/build/tello_gazebo
